2023-09-08 11:33:59,006 [INFO] Activator:176 - 


2023-09-08 11:33:59,013 [INFO] Activator:177 - !SESSION log4j initialized
2023-09-08 11:34:06,643 [INFO] LogOutputStream:77 - [STDOUT_REDIRECT] 
2023-09-08 11:34:09,016 [INFO] ApplicationProperties:184 - Using Application install path: C:\ST\STM32CubeIDE_1.13.1\STM32CubeIDE\plugins\com.st.stm32cube.common.mx_6.9.1.202307191849
2023-09-08 11:34:09,041 [INFO] DbMcusXml:78 - Set database path to: C:\ST\STM32CubeIDE_1.13.1\STM32CubeIDE\plugins\com.st.stm32cube.common.mx_6.9.1.202307191849\\db\/mcu/
2023-09-08 11:34:09,041 [INFO] ApiDb:274 - Set plugin database path to: C:\ST\STM32CubeIDE_1.13.1\STM32CubeIDE\plugins\com.st.stm32cube.common.mx_6.9.1.202307191849\\db\/plugins/boardmanager/
2023-09-08 11:34:09,041 [WARN] ApiDb:259 - Overriding images path with different value:  => C:\ST\STM32CubeIDE_1.13.1\STM32CubeIDE\plugins\com.st.stm32cube.common.mx_6.9.1.202307191849\\db\/plugins/mcufinder/images/
2023-09-08 11:34:09,057 [INFO] ApiDb:250 - Set database path to: C:\Users\popo\.stmcufinder\plugins\mcufinder//mcu/
2023-09-08 11:34:09,059 [INFO] DbMcusAds:125 - Set database path to: C:\Users\popo\.stmcufinder\plugins\mcufinder//mcu/
2023-09-08 11:34:09,062 [INFO] CrossReferenceDbSqlite:203 - Set database path to: C:\Users\popo\.stmcufinder\plugins\mcufinder//mcu/cs/
2023-09-08 11:34:09,213 [INFO] RulesReader:64 - Compatibility file has been processed (293 Rules)
2023-09-08 11:34:09,350 [INFO] DbMcusXml:78 - Set database path to: C:\ST\STM32CubeIDE_1.13.1\STM32CubeIDE\plugins\com.st.stm32cube.common.mx_6.9.1.202307191849\\db\/mcu/
2023-09-08 11:34:09,350 [INFO] ApiDb:274 - Set plugin database path to: C:\ST\STM32CubeIDE_1.13.1\STM32CubeIDE\plugins\com.st.stm32cube.common.mx_6.9.1.202307191849\\db\/plugins/boardmanager/
2023-09-08 11:34:09,350 [INFO] ApiDb:261 - Set plugin images path to: C:\ST\STM32CubeIDE_1.13.1\STM32CubeIDE\plugins\com.st.stm32cube.common.mx_6.9.1.202307191849\\db\/plugins/mcufinder/images/
2023-09-08 11:34:09,350 [WARN] DbFile:41 - Overriding database path with different value: C:\Users\popo\.stmcufinder\plugins\mcufinder/ => C:\Users\popo\.stmcufinder\plugins\mcufinder
2023-09-08 11:34:09,350 [INFO] ApiDb:250 - Set database path to: C:\Users\popo\.stmcufinder\plugins\mcufinder//mcu/
2023-09-08 11:34:09,350 [WARN] DbFile:41 - Overriding database path with different value: C:\Users\popo\.stmcufinder\plugins\mcufinder/ => C:\Users\popo\.stmcufinder\plugins\mcufinder
2023-09-08 11:34:09,350 [INFO] DbMcusAds:125 - Set database path to: C:\Users\popo\.stmcufinder\plugins\mcufinder//mcu/
2023-09-08 11:34:09,351 [WARN] DbFile:41 - Overriding database path with different value: C:\Users\popo\.stmcufinder\plugins\mcufinder/ => C:\Users\popo\.stmcufinder\plugins\mcufinder
2023-09-08 11:34:09,351 [WARN] DbFile:41 - Overriding database path with different value: C:\Users\popo\.stmcufinder\plugins\mcufinder/ => C:\Users\popo\.stmcufinder\plugins\mcufinder
2023-09-08 11:34:09,351 [INFO] CrossReferenceDbSqlite:203 - Set database path to: C:\Users\popo\.stmcufinder\plugins\mcufinder//mcu/cs/
2023-09-08 11:34:09,446 [INFO] MainPanel:262 - HeapMemory: 268435456
2023-09-08 11:34:09,568 [INFO] DbMcusXml:78 - Set database path to: C:\ST\STM32CubeIDE_1.13.1\STM32CubeIDE\plugins\com.st.stm32cube.common.mx_6.9.1.202307191849\\db\/mcu/
2023-09-08 11:34:09,568 [INFO] ApiDb:274 - Set plugin database path to: C:\ST\STM32CubeIDE_1.13.1\STM32CubeIDE\plugins\com.st.stm32cube.common.mx_6.9.1.202307191849\\db\/plugins/boardmanager/
2023-09-08 11:34:09,568 [INFO] ApiDb:261 - Set plugin images path to: C:\ST\STM32CubeIDE_1.13.1\STM32CubeIDE\plugins\com.st.stm32cube.common.mx_6.9.1.202307191849\\db\/plugins/mcufinder/images/
2023-09-08 11:34:09,569 [WARN] DbFile:41 - Overriding database path with different value: C:\Users\popo\.stmcufinder\plugins\mcufinder/ => C:\Users\popo\.stmcufinder\plugins\mcufinder
2023-09-08 11:34:09,569 [INFO] ApiDb:250 - Set database path to: C:\Users\popo\.stmcufinder\plugins\mcufinder//mcu/
2023-09-08 11:34:09,569 [WARN] DbFile:41 - Overriding database path with different value: C:\Users\popo\.stmcufinder\plugins\mcufinder/ => C:\Users\popo\.stmcufinder\plugins\mcufinder
2023-09-08 11:34:09,569 [INFO] DbMcusAds:125 - Set database path to: C:\Users\popo\.stmcufinder\plugins\mcufinder//mcu/
2023-09-08 11:34:09,569 [WARN] DbFile:41 - Overriding database path with different value: C:\Users\popo\.stmcufinder\plugins\mcufinder/ => C:\Users\popo\.stmcufinder\plugins\mcufinder
2023-09-08 11:34:09,569 [WARN] DbFile:41 - Overriding database path with different value: C:\Users\popo\.stmcufinder\plugins\mcufinder/ => C:\Users\popo\.stmcufinder\plugins\mcufinder
2023-09-08 11:34:09,569 [INFO] CrossReferenceDbSqlite:203 - Set database path to: C:\Users\popo\.stmcufinder\plugins\mcufinder//mcu/cs/
2023-09-08 11:34:09,599 [INFO] ApplicationProperties:184 - Using Application install path: C:\ST\STM32CubeIDE_1.13.1\STM32CubeIDE\plugins\com.st.stm32cube.common.mx_6.9.1.202307191849
2023-09-08 11:34:09,599 [INFO] PluginManage:196 - Search for loadable plugins [exclusion list=, ]
2023-09-08 11:34:09,601 [INFO] PluginManage:310 - Check plugin analytics
2023-09-08 11:34:09,808 [INFO] AnalyticsPlugin:253 - Accepted Software Licenses: STM32CubeMX.6.8.1
2023-09-08 11:34:09,808 [INFO] AnalyticsPlugin:255 - Accepted CMSIS Pack Licenses: 
2023-09-08 11:34:09,808 [INFO] AnalyticsPlugin:257 - Accepted Firmware Licenses: FW.F4.1.27.0
2023-09-08 11:34:09,811 [INFO] PluginManage:359 - Loaded plugin analytics (category:tool,tabindex:-1)
2023-09-08 11:34:09,811 [INFO] PluginManage:310 - Check plugin cadmodel
2023-09-08 11:34:09,821 [INFO] CADModel:105 - Init CAD model plugin
2023-09-08 11:34:09,821 [INFO] PluginManage:359 - Loaded plugin cadmodel (category:power,tabindex:5)
2023-09-08 11:34:09,821 [INFO] PluginManage:310 - Check plugin clock
2023-09-08 11:34:09,837 [INFO] PluginManage:359 - Loaded plugin clock (category:base,tabindex:2)
2023-09-08 11:34:09,838 [INFO] PluginManage:310 - Check plugin ddr
2023-09-08 11:34:09,841 [INFO] PluginManage:359 - Loaded plugin ddr (category:tool,tabindex:6)
2023-09-08 11:34:09,841 [INFO] PluginManage:310 - Check plugin filemanager
2023-09-08 11:34:10,079 [INFO] PluginManage:359 - Loaded plugin filemanager (category:base,tabindex:10)
2023-09-08 11:34:10,079 [INFO] PluginManage:310 - Check plugin ipmanager
2023-09-08 11:34:10,095 [INFO] PluginManage:359 - Loaded plugin ipmanager (category:base,tabindex:5)
2023-09-08 11:34:10,095 [INFO] PluginManage:310 - Check plugin lpbam
2023-09-08 11:34:10,135 [INFO] PluginManage:359 - Loaded plugin lpbam (category:base,tabindex:0)
2023-09-08 11:34:10,135 [INFO] PluginManage:310 - Check plugin memorymap
2023-09-08 11:34:10,160 [INFO] PluginManage:359 - Loaded plugin memorymap (category:base,tabindex:4)
2023-09-08 11:34:10,160 [INFO] PluginManage:310 - Check plugin pinoutandconfiguration
2023-09-08 11:34:10,173 [INFO] PluginManage:359 - Loaded plugin pinoutandconfiguration (category:base,tabindex:1)
2023-09-08 11:34:10,173 [INFO] PluginManage:310 - Check plugin pinoutconfig
2023-09-08 11:34:10,300 [WARN] SupportedApi:132 - Cannot load RTOS API schema: s4s-elt-must-match.1: The content of 'definitions' must match (annotation?, (simpleType | complexType)?, (unique | key | keyref)*)). A problem was found starting at: attribute.
2023-09-08 11:34:10,486 [INFO] PluginManage:359 - Loaded plugin pinoutconfig (category:base,tabindex:0)
2023-09-08 11:34:10,486 [INFO] PluginManage:310 - Check plugin power
2023-09-08 11:34:10,502 [INFO] PluginManage:359 - Loaded plugin power (category:power,tabindex:4)
2023-09-08 11:34:10,503 [INFO] PluginManage:310 - Check plugin projectmanager
2023-09-08 11:34:10,523 [INFO] PluginManage:359 - Loaded plugin projectmanager (category:projectmanager,tabindex:3)
2023-09-08 11:34:10,523 [INFO] PluginManage:310 - Check plugin thirdparty
2023-09-08 11:34:10,692 [INFO] PluginManage:359 - Loaded plugin thirdparty (category:base,tabindex:-1)
2023-09-08 11:34:10,692 [INFO] PluginManage:310 - Check plugin tools
2023-09-08 11:34:10,692 [WARN] IntegrityCheckThread:84 - waiting for thirdparty lock release [integrity check]
2023-09-08 11:34:10,693 [INFO] IntegrityCheckThread:86 - entering critical section [integrity check]
2023-09-08 11:34:10,694 [INFO] ThirdPartyUpdaterWithRetryManager:70 - Updater plugin not ready yet. [1/15]
2023-09-08 11:34:10,697 [INFO] PluginManage:359 - Loaded plugin tools (category:base,tabindex:7)
2023-09-08 11:34:10,697 [INFO] PluginManage:310 - Check plugin tutovideos
2023-09-08 11:34:10,920 [INFO] PluginManage:359 - Loaded plugin tutovideos (category:base,tabindex:-1)
2023-09-08 11:34:10,920 [INFO] PluginManage:310 - Check plugin updater
2023-09-08 11:34:10,934 [INFO] PluginManage:359 - Loaded plugin updater (category:base,tabindex:12)
2023-09-08 11:34:10,934 [INFO] PluginManage:310 - Check plugin userauth
2023-09-08 11:34:10,941 [INFO] UserAuth:113 - Init User Auth plugin
2023-09-08 11:34:10,941 [INFO] PluginManage:359 - Loaded plugin userauth (category:base,tabindex:14)
2023-09-08 11:34:10,942 [INFO] PluginManage:283 - PluginManage : Loaded plugins [17]
2023-09-08 11:34:11,201 [INFO] PinOutPanel:1499 - setPackage(No Configuration,No Configuration)
2023-09-08 11:34:11,327 [INFO] CADModel:165 - CPN selected for project level
2023-09-08 11:34:11,328 [INFO] CADModel:114 - Register for checkConnection events
2023-09-08 11:34:11,348 [INFO] IPUIPlugin:80 - create IPUIPlugin
2023-09-08 11:34:11,348 [INFO] PluginManager:220 - loadIPPluginJar : add adc
2023-09-08 11:34:11,352 [INFO] IPUIPlugin:80 - create IPUIPlugin
2023-09-08 11:34:11,353 [INFO] PluginManager:220 - loadIPPluginJar : add aes
2023-09-08 11:34:11,358 [INFO] IPUIPlugin:80 - create IPUIPlugin
2023-09-08 11:34:11,358 [INFO] PluginManager:220 - loadIPPluginJar : add can
2023-09-08 11:34:11,369 [INFO] IPUIPlugin:80 - create IPUIPlugin
2023-09-08 11:34:11,370 [INFO] PluginManager:220 - loadIPPluginJar : add comp
2023-09-08 11:34:11,376 [INFO] IPUIPlugin:80 - create IPUIPlugin
2023-09-08 11:34:11,376 [INFO] PluginManager:220 - loadIPPluginJar : add cryp
2023-09-08 11:34:11,381 [INFO] IPUIPlugin:80 - create IPUIPlugin
2023-09-08 11:34:11,382 [INFO] PluginManager:220 - loadIPPluginJar : add dfsdm
2023-09-08 11:34:11,391 [INFO] IPUIPlugin:80 - create IPUIPlugin
2023-09-08 11:34:11,391 [INFO] PluginManager:220 - loadIPPluginJar : add dma
2023-09-08 11:34:11,396 [INFO] IPUIPlugin:80 - create IPUIPlugin
2023-09-08 11:34:11,397 [INFO] PluginManager:220 - loadIPPluginJar : add dma3
2023-09-08 11:34:11,402 [INFO] IPUIPlugin:80 - create IPUIPlugin
2023-09-08 11:34:11,402 [INFO] PluginManager:220 - loadIPPluginJar : add fatfs
2023-09-08 11:34:11,409 [INFO] IPUIPlugin:80 - create IPUIPlugin
2023-09-08 11:34:11,409 [INFO] PluginManager:220 - loadIPPluginJar : add fmc
2023-09-08 11:34:11,420 [INFO] IPUIPlugin:80 - create IPUIPlugin
2023-09-08 11:34:11,420 [INFO] PluginManager:220 - loadIPPluginJar : add freertos
2023-09-08 11:34:11,423 [INFO] IPUIPlugin:80 - create IPUIPlugin
2023-09-08 11:34:11,423 [INFO] PluginManager:220 - loadIPPluginJar : add genericplugin
2023-09-08 11:34:11,429 [INFO] IPUIPlugin:80 - create IPUIPlugin
2023-09-08 11:34:11,429 [INFO] PluginManager:220 - loadIPPluginJar : add gfxmmu
2023-09-08 11:34:11,437 [INFO] IPUIPlugin:80 - create IPUIPlugin
2023-09-08 11:34:11,437 [INFO] PluginManager:220 - loadIPPluginJar : add gic
2023-09-08 11:34:11,444 [INFO] IPUIPlugin:80 - create IPUIPlugin
2023-09-08 11:34:11,444 [INFO] PluginManager:220 - loadIPPluginJar : add gpio
2023-09-08 11:34:11,450 [INFO] IPUIPlugin:80 - create IPUIPlugin
2023-09-08 11:34:11,451 [INFO] PluginManager:220 - loadIPPluginJar : add gtzc
2023-09-08 11:34:11,456 [INFO] IPUIPlugin:80 - create IPUIPlugin
2023-09-08 11:34:11,456 [INFO] PluginManager:220 - loadIPPluginJar : add hash
2023-09-08 11:34:11,461 [INFO] IPUIPlugin:80 - create IPUIPlugin
2023-09-08 11:34:11,461 [INFO] PluginManager:220 - loadIPPluginJar : add i2c
2023-09-08 11:34:11,466 [INFO] IPUIPlugin:80 - create IPUIPlugin
2023-09-08 11:34:11,467 [INFO] PluginManager:220 - loadIPPluginJar : add i2s
2023-09-08 11:34:11,471 [INFO] IPUIPlugin:80 - create IPUIPlugin
2023-09-08 11:34:11,471 [INFO] PluginManager:220 - loadIPPluginJar : add i3c
2023-09-08 11:34:11,476 [INFO] IPUIPlugin:80 - create IPUIPlugin
2023-09-08 11:34:11,476 [INFO] PluginManager:220 - loadIPPluginJar : add ipddr
2023-09-08 11:34:11,485 [INFO] IPUIPlugin:80 - create IPUIPlugin
2023-09-08 11:34:11,486 [INFO] PluginManager:220 - loadIPPluginJar : add linkedlist
2023-09-08 11:34:11,491 [INFO] IPUIPlugin:80 - create IPUIPlugin
2023-09-08 11:34:11,491 [INFO] PluginManager:220 - loadIPPluginJar : add lorawan
2023-09-08 11:34:11,495 [INFO] IPUIPlugin:80 - create IPUIPlugin
2023-09-08 11:34:11,495 [INFO] PluginManager:220 - loadIPPluginJar : add ltdc
2023-09-08 11:34:11,503 [INFO] IPUIPlugin:80 - create IPUIPlugin
2023-09-08 11:34:11,503 [INFO] PluginManager:220 - loadIPPluginJar : add mdma
2023-09-08 11:34:11,508 [INFO] IPUIPlugin:80 - create IPUIPlugin
2023-09-08 11:34:11,509 [INFO] PluginManager:220 - loadIPPluginJar : add nvic
2023-09-08 11:34:11,514 [INFO] IPUIPlugin:80 - create IPUIPlugin
2023-09-08 11:34:11,514 [INFO] PluginManager:220 - loadIPPluginJar : add opamp
2023-09-08 11:34:11,520 [INFO] IPUIPlugin:80 - create IPUIPlugin
2023-09-08 11:34:11,520 [INFO] PluginManager:220 - loadIPPluginJar : add openamp
2023-09-08 11:34:11,525 [INFO] IPUIPlugin:80 - create IPUIPlugin
2023-09-08 11:34:11,526 [INFO] PluginManager:220 - loadIPPluginJar : add pdm2pcm
2023-09-08 11:34:11,534 [INFO] IPUIPlugin:80 - create IPUIPlugin
2023-09-08 11:34:11,537 [INFO] PluginManager:220 - loadIPPluginJar : add plateformsettings
2023-09-08 11:34:11,541 [INFO] IPUIPlugin:80 - create IPUIPlugin
2023-09-08 11:34:11,541 [INFO] PluginManager:220 - loadIPPluginJar : add quadspi
2023-09-08 11:34:11,548 [INFO] IPUIPlugin:80 - create IPUIPlugin
2023-09-08 11:34:11,549 [INFO] PluginManager:220 - loadIPPluginJar : add resmgrutility
2023-09-08 11:34:11,554 [INFO] IPUIPlugin:80 - create IPUIPlugin
2023-09-08 11:34:11,554 [INFO] PluginManager:220 - loadIPPluginJar : add sai
2023-09-08 11:34:11,559 [INFO] IPUIPlugin:80 - create IPUIPlugin
2023-09-08 11:34:11,559 [INFO] PluginManager:220 - loadIPPluginJar : add spi
2023-09-08 11:34:11,565 [INFO] IPUIPlugin:80 - create IPUIPlugin
2023-09-08 11:34:11,566 [INFO] PluginManager:220 - loadIPPluginJar : add stm32_wpan
2023-09-08 11:34:11,569 [INFO] IPUIPlugin:80 - create IPUIPlugin
2023-09-08 11:34:11,570 [INFO] PluginManager:220 - loadIPPluginJar : add tim
2023-09-08 11:34:11,575 [INFO] IPUIPlugin:80 - create IPUIPlugin
2023-09-08 11:34:11,575 [INFO] PluginManager:220 - loadIPPluginJar : add touchsensing
2023-09-08 11:34:11,578 [INFO] IPUIPlugin:80 - create IPUIPlugin
2023-09-08 11:34:11,578 [INFO] PluginManager:220 - loadIPPluginJar : add tracer_emb
2023-09-08 11:34:11,582 [INFO] IPUIPlugin:80 - create IPUIPlugin
2023-09-08 11:34:11,582 [INFO] PluginManager:220 - loadIPPluginJar : add ts
2023-09-08 11:34:11,586 [INFO] IPUIPlugin:80 - create IPUIPlugin
2023-09-08 11:34:11,586 [INFO] PluginManager:220 - loadIPPluginJar : add tsc
2023-09-08 11:34:11,590 [INFO] IPUIPlugin:80 - create IPUIPlugin
2023-09-08 11:34:11,590 [INFO] PluginManager:220 - loadIPPluginJar : add ucpd
2023-09-08 11:34:11,595 [INFO] IPUIPlugin:80 - create IPUIPlugin
2023-09-08 11:34:11,595 [INFO] PluginManager:220 - loadIPPluginJar : add usart
2023-09-08 11:34:11,600 [INFO] IPUIPlugin:80 - create IPUIPlugin
2023-09-08 11:34:11,600 [INFO] PluginManager:220 - loadIPPluginJar : add usbx
2023-09-08 11:34:11,730 [INFO] CADModel:165 - CPN selected for project level
2023-09-08 11:34:11,730 [INFO] CADModel:114 - Register for checkConnection events
2023-09-08 11:34:11,730 [FATAL] Updater:308 - Updater called before beeing initialized
2023-09-08 11:34:11,730 [ERROR] CADModel:125 - Updater not yet initialized, retry later 
2023-09-08 11:34:11,893 [INFO] CADModel:165 - CPN selected for project level
2023-09-08 11:34:11,894 [INFO] CADModel:114 - Register for checkConnection events
2023-09-08 11:34:11,894 [FATAL] Updater:308 - Updater called before beeing initialized
2023-09-08 11:34:11,894 [ERROR] CADModel:125 - Updater not yet initialized, retry later 
2023-09-08 11:34:11,898 [FATAL] Updater:308 - Updater called before beeing initialized
2023-09-08 11:34:12,015 [FATAL] Updater:308 - Updater called before beeing initialized
2023-09-08 11:34:12,023 [INFO] DbMcusAds:53 - JSON generation date=Tue Mar 07 17:50:55 KST 2023 (1678179055114)
2023-09-08 11:34:12,023 [FATAL] Updater:308 - Updater called before beeing initialized
2023-09-08 11:34:12,143 [WARN] DetailPanel:346 - Failed to get advertising image, set to default
2023-09-08 11:34:12,262 [FATAL] Updater:308 - Updater called before beeing initialized
2023-09-08 11:34:12,264 [FATAL] Updater:308 - Updater called before beeing initialized
2023-09-08 11:34:12,265 [FATAL] Updater:308 - Updater called before beeing initialized
2023-09-08 11:34:12,265 [WARN] DetailPanel:346 - Failed to get advertising image, set to default
2023-09-08 11:34:12,265 [FATAL] Updater:308 - Updater called before beeing initialized
2023-09-08 11:34:12,324 [ERROR] Updater:1120 - MainUpdater not yet initialized. External WinMGr cannot be set.
2023-09-08 11:34:12,329 [INFO] Updater:1056 - Updater Version found : 6.9.1
2023-09-08 11:34:12,351 [INFO] ApplicationProperties:184 - Using Application install path: C:\ST\STM32CubeIDE_1.13.1\STM32CubeIDE\plugins\com.st.stm32cube.common.mx_6.9.1.202307191849
2023-09-08 11:34:12,563 [INFO] MainUpdater:2868 - connection check result : 10
2023-09-08 11:34:12,563 [INFO] MainUpdater:3562 - Updater definition file requires update
2023-09-08 11:34:12,565 [INFO] MainUpdater:285 - Updater Check For Update Now.
2023-09-08 11:34:12,565 [INFO] MicroXplorer:498 - Change Database Version : DB.6.0.91
2023-09-08 11:34:12,574 [INFO] McuFinderGlobals:63 - Set McuFinder mode to 2 (CubeIDE integrated)
2023-09-08 11:34:12,574 [INFO] UserAuth:179 - activating auth plugin
2023-09-08 11:34:12,577 [INFO] UserAuth:393 - Internet connection configuration mode: 1
2023-09-08 11:34:12,594 [INFO] JxBrowserEngine:151 - Initiate JxBrowser Engine with user profile folder
2023-09-08 11:34:12,608 [INFO] ServerAccessManage:473 - Download File updaters.zip
2023-09-08 11:34:12,712 [INFO] FileExtend:240 - Unzip File : updaters.zip
2023-09-08 11:34:12,712 [INFO] FileExtend:255 - Standard Zip Deflate
2023-09-08 11:34:13,270 [INFO] ServerAccessManage:473 - Download File PacksControlFlags.xml
2023-09-08 11:34:13,343 [INFO] ServerAccessManage:473 - Download File cubemx.pidx
2023-09-08 11:34:13,706 [WARN] MainUpdater:1189 - Updater busy. Cannot search thirdparties
2023-09-08 11:34:13,706 [INFO] ThirdPartyUpdaterWithRetryManager:96 - Updater plugin is busy. [1/15]
2023-09-08 11:34:14,011 [INFO] ServerAccessManage:473 - Download File STMicroelectronics.X-CUBE-NFC6.pdsc
2023-09-08 11:34:14,018 [INFO] McuFinderGlobals:63 - Set McuFinder mode to 2 (CubeIDE integrated)
2023-09-08 11:34:15,411 [ERROR] ServerAccessManage:1096 - Problem, Http access forbiden
2023-09-08 11:34:15,412 [ERROR] ServerAccessManage:651 - Problem, Http access forbiden : RoweBots.I-CUBE-UNISONRTOS.pdsc.
2023-09-08 11:34:15,589 [WARN] PackLoader:240 - Cannot read IP mode file for STMicroelectronics.X-CUBE-NFC6.3.0.0
2023-09-08 11:34:15,594 [INFO] PopulateThirdPartyThread:66 - Ending populate Thread
2023-09-08 11:34:15,595 [INFO] ThirdParty:1030 - CMSIS Pack Vendor :STMicroelectronics X-CUBE-NFC6 3.0.0
2023-09-08 11:34:15,596 [INFO] LoadServerUpdatesThread:373 - End of LoadServerUpdate Thread
2023-09-08 11:34:15,683 [INFO] CheckServerUpdateThread:120 - End of CheckServer Thread
2023-09-08 11:34:15,864 [INFO] MainUpdater:2868 - connection check result : 10
2023-09-08 11:34:15,866 [INFO] MainUpdater:2868 - connection check result : 10
2023-09-08 11:34:15,973 [INFO] MicroXplorer:468 - Change Database Path : 
2023-09-08 11:34:15,973 [INFO] MicroXplorer:498 - Change Database Version : DB.6.0.91
2023-09-08 11:34:15,978 [WARN] ThirdParty:871 - waiting for thirdparty lock release [close project]
2023-09-08 11:34:17,019 [WARN] PackLoader:240 - Cannot read IP mode file for STMicroelectronics.X-CUBE-SMBUS.2.1.0
2023-09-08 11:34:17,044 [WARN] PackLoader:240 - Cannot read IP mode file for STMicroelectronics.X-CUBE-AZRTOS-F7.1.1.0
2023-09-08 11:34:17,061 [WARN] PackLoader:240 - Cannot read IP mode file for STMicroelectronics.FP-SNS-MOTENV1.4.3.2
2023-09-08 11:34:17,077 [ERROR] RealEvaluatedCondition:428 - Found unsupported composite condition: CLASS='Data Exchange' GROUP='STM32_MetaDataManager'
2023-09-08 11:34:17,077 [ERROR] RealEvaluatedCondition:428 - Found unsupported composite condition: CLASS='Data Exchange' GROUP='STM32_MetaDataManager'
2023-09-08 11:34:17,079 [WARN] PackLoader:240 - Cannot read IP mode file for STMicroelectronics.FP-SNS-MOTENV1.4.3.1
2023-09-08 11:34:17,157 [WARN] PackLoader:240 - Cannot read IP mode file for STMicroelectronics.FP-SNS-FLIGHT1.5.0.1
2023-09-08 11:34:17,165 [WARN] PackLoader:240 - Cannot read IP mode file for STMicroelectronics.X-CUBE-BLE1.6.2.4
2023-09-08 11:34:17,171 [WARN] PackLoader:240 - Cannot read IP mode file for STMicroelectronics.FP-SNS-FLIGHT1.5.0.2
2023-09-08 11:34:17,179 [WARN] PackLoader:240 - Cannot read IP mode file for STMicroelectronics.X-CUBE-DISPLAY.3.0.0
2023-09-08 11:34:17,188 [WARN] PackLoader:240 - Cannot read IP mode file for STMicroelectronics.X-CUBE-BLE1.7.0.0
2023-09-08 11:34:17,195 [WARN] PackLoader:240 - Cannot read IP mode file for STMicroelectronics.X-CUBE-TOUCHGFX.4.22.0
2023-09-08 11:34:17,207 [INFO] LogOutputStream:77 - [STDOUT_REDIRECT] 1 : Invalid condition id : UX_CORESTACK_Condition cause : null
2023-09-08 11:34:17,208 [INFO] LogOutputStream:77 - [STDOUT_REDIRECT] 1 : Invalid condition id : UX_CORESTACK_Condition cause : null
2023-09-08 11:34:17,209 [INFO] LogOutputStream:77 - [STDOUT_REDIRECT] 1 : Invalid condition id : UX_CORESTACK_Condition cause : null
2023-09-08 11:34:17,212 [INFO] LogOutputStream:77 - [STDOUT_REDIRECT] 1 : Invalid condition id : UX_CORESTACK_Condition cause : null
2023-09-08 11:34:17,214 [INFO] LogOutputStream:77 - [STDOUT_REDIRECT] 1 : Invalid condition id : UX_CORESTACK_Condition cause : null
2023-09-08 11:34:17,218 [WARN] PackLoader:240 - Cannot read IP mode file for STMicroelectronics.X-CUBE-AZRTOS-WL.2.0.0
2023-09-08 11:34:17,228 [WARN] PackLoader:240 - Cannot read IP mode file for WES.I-CUBE-Cesium.1.3.0
2023-09-08 11:34:17,234 [WARN] PackLoader:240 - Cannot read IP mode file for STMicroelectronics.X-CUBE-BLE2.3.3.0
2023-09-08 11:34:17,239 [WARN] PackLoader:240 - Cannot read IP mode file for STMicroelectronics.X-CUBE-TOUCHGFX.4.21.4
2023-09-08 11:34:17,246 [WARN] PackLoader:240 - Cannot read IP mode file for STMicroelectronics.X-CUBE-ALGOBUILD.1.3.0
2023-09-08 11:34:17,300 [WARN] PackLoader:240 - Cannot read IP mode file for STMicroelectronics.X-CUBE-AZRTOS-G0.1.1.0
2023-09-08 11:34:17,308 [WARN] PackLoader:240 - Cannot read IP mode file for STMicroelectronics.X-CUBE-NFC4.3.0.0
2023-09-08 11:34:17,315 [WARN] PackLoader:240 - Cannot read IP mode file for STMicroelectronics.FP-ATR-SIGFOX1.3.2.0
2023-09-08 11:34:17,352 [WARN] PackLoader:240 - Cannot read IP mode file for SEGGER.I-CUBE-embOS.1.3.1
2023-09-08 11:34:17,397 [INFO] WebApp:157 - Instantiating new browser for Auth
2023-09-08 11:34:17,413 [WARN] PackLoader:240 - Cannot read IP mode file for STMicroelectronics.X-CUBE-GNSS1.6.0.0
2023-09-08 11:34:17,433 [WARN] PackLoader:240 - Cannot read IP mode file for STMicroelectronics.X-CUBE-AZRTOS-F4.1.1.0
2023-09-08 11:34:17,442 [WARN] PackLoader:240 - Cannot read IP mode file for wolfSSL.I-CUBE-wolfSSL.5.6.0
2023-09-08 11:34:17,459 [WARN] PackLoader:240 - Cannot read IP mode file for STMicroelectronics.X-CUBE-AZRTOS-L5.2.0.0
2023-09-08 11:34:17,502 [WARN] PackLoader:240 - Cannot read IP mode file for STMicroelectronics.X-CUBE-MEMS1.9.6.0
2023-09-08 11:34:17,740 [WARN] PackLoader:240 - Cannot read IP mode file for emotas.I-CUBE-CANOPEN.1.1.3
2023-09-08 11:34:17,749 [WARN] PackLoader:240 - Cannot read IP mode file for STMicroelectronics.X-CUBE-BLEMGR.2.0.0
2023-09-08 11:34:17,767 [WARN] ConditionMgr:438 - getConditionDescription Invalid condition id : UX DEVICE CLASS RTOS Condition cause : null
2023-09-08 11:34:17,767 [WARN] ConditionMgr:438 - getConditionDescription Invalid condition id : UX DEVICE CLASS RTOS Condition cause : null
2023-09-08 11:34:17,770 [WARN] PackLoader:240 - Cannot read IP mode file for STMicroelectronics.X-CUBE-AZRTOS-H7.3.1.0
2023-09-08 11:34:17,797 [WARN] ConditionMgr:1039 - genDependencies : Invalid condition id : UX DEVICE CLASS RTOS Condition cause : null
2023-09-08 11:34:17,798 [WARN] ConditionMgr:1039 - genDependencies : Invalid condition id : UX DEVICE CLASS RTOS Condition cause : null
2023-09-08 11:34:17,801 [WARN] ConditionMgr:1039 - genDependencies : Invalid condition id : UX DEVICE CLASS RTOS Condition cause : null
2023-09-08 11:34:17,801 [WARN] ConditionMgr:1039 - genDependencies : Invalid condition id : UX DEVICE CLASS RTOS Condition cause : null
2023-09-08 11:34:17,802 [WARN] ConditionMgr:1039 - genDependencies : Invalid condition id : UX DEVICE CLASS RTOS Condition cause : null
2023-09-08 11:34:17,810 [WARN] PackLoader:240 - Cannot read IP mode file for STMicroelectronics.X-CUBE-NFC7.1.0.1
2023-09-08 11:34:17,816 [WARN] PackLoader:240 - Cannot read IP mode file for STMicroelectronics.X-CUBE-NFC7.1.0.0
2023-09-08 11:34:17,823 [WARN] PackLoader:240 - Cannot read IP mode file for STMicroelectronics.X-CUBE-NFC6.3.0.0
2023-09-08 11:34:17,832 [WARN] PackLoader:240 - Cannot read IP mode file for STMicroelectronics.X-CUBE-EEPRMA1.4.1.0
2023-09-08 11:34:17,838 [WARN] PackLoader:240 - Cannot read IP mode file for STMicroelectronics.X-CUBE-AI.8.1.0
2023-09-08 11:34:17,863 [WARN] ConditionMgr:438 - getConditionDescription Invalid condition id : LAN8742 Phy interface Condition cause : null
2023-09-08 11:34:17,864 [WARN] PackLoader:240 - Cannot read IP mode file for STMicroelectronics.X-CUBE-AZRTOS-L4.2.0.0
2023-09-08 11:34:17,865 [WARN] ConditionMgr:1039 - genDependencies : Invalid condition id : LAN8742 Phy interface Condition cause : null
2023-09-08 11:34:17,865 [WARN] ConditionMgr:1039 - genDependencies : Invalid condition id : LAN8742 Phy interface Condition cause : null
2023-09-08 11:34:17,866 [WARN] ConditionMgr:1039 - genDependencies : Invalid condition id : LAN8742 Phy interface Condition cause : null
2023-09-08 11:34:17,874 [WARN] PackLoader:240 - Cannot read IP mode file for STMicroelectronics.X-CUBE-SFXS2LP1.4.0.0
2023-09-08 11:34:17,881 [WARN] PackLoader:240 - Cannot read IP mode file for STMicroelectronics.X-CUBE-ISPU.1.1.0
2023-09-08 11:34:17,895 [WARN] ConditionMgr:438 - getConditionDescription Invalid condition id : UX DEVICE CLASS RTOS Condition cause : null
2023-09-08 11:34:17,896 [WARN] ConditionMgr:438 - getConditionDescription Invalid condition id : UX DEVICE CLASS RTOS Condition cause : null
2023-09-08 11:34:17,899 [WARN] PackLoader:240 - Cannot read IP mode file for STMicroelectronics.X-CUBE-AZRTOS-WB.2.0.0
2023-09-08 11:34:17,899 [WARN] ConditionMgr:1039 - genDependencies : Invalid condition id : UX DEVICE CLASS RTOS Condition cause : null
2023-09-08 11:34:17,899 [WARN] ConditionMgr:1039 - genDependencies : Invalid condition id : UX DEVICE CLASS RTOS Condition cause : null
2023-09-08 11:34:17,900 [WARN] ConditionMgr:1039 - genDependencies : Invalid condition id : UX DEVICE CLASS RTOS Condition cause : null
2023-09-08 11:34:17,900 [WARN] ConditionMgr:1039 - genDependencies : Invalid condition id : UX DEVICE CLASS RTOS Condition cause : null
2023-09-08 11:34:17,900 [WARN] ConditionMgr:1039 - genDependencies : Invalid condition id : UX DEVICE CLASS RTOS Condition cause : null
2023-09-08 11:34:17,906 [WARN] PackLoader:240 - Cannot read IP mode file for STMicroelectronics.X-CUBE-FREERTOS.1.0.1
2023-09-08 11:34:17,955 [WARN] PackLoader:240 - Cannot read IP mode file for STMicroelectronics.X-CUBE-AZRTOS-L5.1.1.0
2023-09-08 11:34:17,968 [WARN] PackLoader:240 - Cannot read IP mode file for STMicroelectronics.X-CUBE-AI.8.0.1
2023-09-08 11:34:17,977 [WARN] PackLoader:240 - Cannot read IP mode file for STMicroelectronics.X-CUBE-SUBG2.5.0.0
2023-09-08 11:34:17,993 [WARN] PackLoader:240 - Cannot read IP mode file for STMicroelectronics.X-CUBE-TOF1.3.3.1
2023-09-08 11:34:18,017 [WARN] PackLoader:240 - Cannot read IP mode file for STMicroelectronics.X-CUBE-AZRTOS-G4.2.0.0
2023-09-08 11:34:18,103 [WARN] PackLoader:240 - Cannot read IP mode file for STMicroelectronics.X-CUBE-TOF1.3.3.0
2023-09-08 11:34:18,124 [WARN] PackLoader:240 - Cannot read IP mode file for STMicroelectronics.X-CUBE-FREERTOS.1.1.0
2023-09-08 11:34:18,159 [WARN] PackLoader:240 - Cannot read IP mode file for STMicroelectronics.X-CUBE-AZRTOS-WL.1.0.0
2023-09-08 11:34:18,166 [WARN] PackLoader:240 - Cannot read IP mode file for portGmbH.I-Cube-SoM-uGOAL.1.1.0
2023-09-08 11:34:18,172 [WARN] PackLoader:240 - Cannot read IP mode file for STMicroelectronics.X-CUBE-ALS.1.0.1
2023-09-08 11:34:18,185 [WARN] PackLoader:240 - Cannot read IP mode file for STMicroelectronics.X-CUBE-AZRTOS-WB.1.1.0
2023-09-08 11:34:18,191 [WARN] PackLoader:240 - Cannot read IP mode file for STMicroelectronics.FP-ATR-ASTRA1.2.0.0
2023-09-08 11:34:18,192 [INFO] ThirdParty:978 - Integrity check success = true
2023-09-08 11:34:18,192 [INFO] IntegrityCheckThread:100 - exiting critical section [integrity check]
2023-09-08 11:34:18,192 [INFO] IntegrityCheckThread:103 - End integrity checks thread
2023-09-08 11:34:18,192 [INFO] ThirdParty:873 - entering critical section [close project]
2023-09-08 11:34:18,193 [INFO] ThirdParty:883 - exiting critical section [close project]
2023-09-08 11:34:18,195 [INFO] PinOutPanel:1499 - setPackage(No Configuration,No Configuration)
2023-09-08 11:34:18,208 [INFO] UtilMem:75 - Begin LoadConfig() Used Memory: 128821848 Bytes (376438784)
2023-09-08 11:34:18,210 [INFO] MicroXplorer:468 - Change Database Path : 
2023-09-08 11:34:18,210 [INFO] MicroXplorer:498 - Change Database Version : DB.6.0.91
2023-09-08 11:34:18,211 [INFO] OpenFileManager:308 - Change cursor
2023-09-08 11:34:18,344 [INFO] Mcu:1946 - Initializing MCU STM32F411R(C-E)Tx STM32F411RETx STM32F411RET6
2023-09-08 11:34:18,967 [INFO] WebApp:753 - Register for checkConnection events
2023-09-08 11:34:18,967 [INFO] WebApp:390 - Apply proxy settings
2023-09-08 11:34:18,967 [INFO] WebApp:475 - Chromium requires no authentication
2023-09-08 11:34:18,979 [INFO] WebApp:418 - Direct internet connection detected
2023-09-08 11:34:19,348 [INFO] WebApp:188 - Starting web application
2023-09-08 11:34:19,348 [INFO] WebApp:520 - Web application path used C:\ST\STM32CubeIDE_1.13.1\STM32CubeIDE\plugins\com.st.stm32cube.common.mx_6.9.1.202307191849\db\plugins\mcufinder\reactClient1\index.html
2023-09-08 11:34:20,386 [INFO] Context:659 - Trying to add GPIOservice into a context  which must be forbidden
2023-09-08 11:34:21,110 [INFO] RtosManager:555 - Registered RTOS mode: class=CMSIS, group=RTOS, mode=CMSIS_V1, owner=FREERTOS
2023-09-08 11:34:21,110 [INFO] RtosManager:555 - Registered RTOS mode: class=CMSIS, group=RTOS2, mode=CMSIS_V2, owner=FREERTOS
2023-09-08 11:34:21,110 [INFO] RtosManager:555 - Registered RTOS mode: class=RTOS, group=Core, mode=CMSIS_V1, owner=FREERTOS
2023-09-08 11:34:21,110 [INFO] RtosManager:555 - Registered RTOS mode: class=RTOS, group=Core, mode=CMSIS_V2, owner=FREERTOS
2023-09-08 11:34:21,111 [WARN] ModelIntegratedComponent:184 - Missing modes for component STMicroelectronics:FreeRTOS:0.0.1:STMicroelectronics:RTOS:FreeRTOS:Core:::10.2.0:
2023-09-08 11:34:21,118 [WARN] ModelIntegratedComponent:182 - Modes not found for component STMicroelectronics:USB_HOST:1.0.0:STMicroelectronics:USB::USB Host:Audio HS::1.0:USB_HOST_1_0_RESTRICTED_HS
2023-09-08 11:34:21,118 [WARN] ModelIntegratedComponent:188 - Modes not found for component STMicroelectronics:USB_HOST:1.0.0:STMicroelectronics:USB::USB Host:Audio HS::1.0:USB_HOST_1_0_RESTRICTED_HS
2023-09-08 11:34:21,119 [WARN] ModelIntegratedComponent:182 - Modes not found for component STMicroelectronics:USB_HOST:1.0.0:STMicroelectronics:USB::USB Host:CDC HS::1.0:USB_HOST_1_0_RESTRICTED_HS
2023-09-08 11:34:21,119 [WARN] ModelIntegratedComponent:188 - Modes not found for component STMicroelectronics:USB_HOST:1.0.0:STMicroelectronics:USB::USB Host:CDC HS::1.0:USB_HOST_1_0_RESTRICTED_HS
2023-09-08 11:34:21,119 [WARN] ModelIntegratedComponent:182 - Modes not found for component STMicroelectronics:USB_HOST:1.0.0:STMicroelectronics:USB::USB Host:MSC HS::1.0:USB_HOST_1_0_RESTRICTED_HS
2023-09-08 11:34:21,119 [WARN] ModelIntegratedComponent:188 - Modes not found for component STMicroelectronics:USB_HOST:1.0.0:STMicroelectronics:USB::USB Host:MSC HS::1.0:USB_HOST_1_0_RESTRICTED_HS
2023-09-08 11:34:21,119 [WARN] ModelIntegratedComponent:182 - Modes not found for component STMicroelectronics:USB_HOST:1.0.0:STMicroelectronics:USB::USB Host:HID HS::1.0:USB_HOST_1_0_RESTRICTED_HS
2023-09-08 11:34:21,119 [WARN] ModelIntegratedComponent:188 - Modes not found for component STMicroelectronics:USB_HOST:1.0.0:STMicroelectronics:USB::USB Host:HID HS::1.0:USB_HOST_1_0_RESTRICTED_HS
2023-09-08 11:34:21,119 [WARN] ModelIntegratedComponent:182 - Modes not found for component STMicroelectronics:USB_HOST:1.0.0:STMicroelectronics:USB::USB Host:MTP HS::1.0:USB_HOST_1_0_RESTRICTED_HS
2023-09-08 11:34:21,119 [WARN] ModelIntegratedComponent:188 - Modes not found for component STMicroelectronics:USB_HOST:1.0.0:STMicroelectronics:USB::USB Host:MTP HS::1.0:USB_HOST_1_0_RESTRICTED_HS
2023-09-08 11:34:21,131 [WARN] ModelIntegratedComponent:63 - No mode defined for component null
2023-09-08 11:34:21,131 [WARN] ModelIntegratedComponent:63 - No mode defined for component null
2023-09-08 11:34:21,131 [WARN] ModelIntegratedComponent:63 - No mode defined for component null
2023-09-08 11:34:21,131 [WARN] ModelIntegratedComponent:63 - No mode defined for component null
2023-09-08 11:34:21,131 [WARN] ModelIntegratedComponent:63 - No mode defined for component null
2023-09-08 11:34:21,131 [WARN] ModelIntegratedComponent:63 - No mode defined for component null
2023-09-08 11:34:21,131 [WARN] ModelIntegratedComponent:63 - No mode defined for component null
2023-09-08 11:34:21,131 [WARN] ModelIntegratedComponent:63 - No mode defined for component null
2023-09-08 11:34:21,132 [WARN] ModelIntegratedComponent:63 - No mode defined for component null
2023-09-08 11:34:21,132 [WARN] ModelIntegratedComponent:63 - No mode defined for component null
2023-09-08 11:34:21,132 [WARN] ModelIntegratedComponent:63 - No mode defined for component null
2023-09-08 11:34:21,132 [WARN] ModelIntegratedComponent:63 - No mode defined for component null
2023-09-08 11:34:21,132 [WARN] ModelIntegratedComponent:63 - No mode defined for component null
2023-09-08 11:34:21,132 [WARN] ModelIntegratedComponent:63 - No mode defined for component null
2023-09-08 11:34:21,132 [WARN] ModelIntegratedComponent:63 - No mode defined for component null
2023-09-08 11:34:21,132 [WARN] ModelIntegratedComponent:63 - No mode defined for component null
2023-09-08 11:34:21,132 [WARN] ModelIntegratedComponent:63 - No mode defined for component null
2023-09-08 11:34:21,132 [WARN] ModelIntegratedComponent:63 - No mode defined for component null
2023-09-08 11:34:21,132 [WARN] ModelIntegratedComponent:63 - No mode defined for component null
2023-09-08 11:34:21,132 [WARN] ModelIntegratedComponent:63 - No mode defined for component null
2023-09-08 11:34:21,132 [WARN] ModelIntegratedComponent:63 - No mode defined for component null
2023-09-08 11:34:21,132 [WARN] ModelIntegratedComponent:63 - No mode defined for component null
2023-09-08 11:34:21,132 [WARN] ModelIntegratedComponent:63 - No mode defined for component null
2023-09-08 11:34:21,133 [WARN] ModelIntegratedComponent:63 - No mode defined for component null
2023-09-08 11:34:21,133 [WARN] ModelIntegratedComponent:63 - No mode defined for component null
2023-09-08 11:34:21,133 [WARN] ModelIntegratedComponent:63 - No mode defined for component null
2023-09-08 11:34:21,133 [WARN] ModelIntegratedComponent:63 - No mode defined for component null
2023-09-08 11:34:21,133 [WARN] ModelIntegratedComponent:63 - No mode defined for component null
2023-09-08 11:34:21,133 [WARN] ModelIntegratedComponent:63 - No mode defined for component null
2023-09-08 11:34:21,133 [WARN] ModelIntegratedComponent:63 - No mode defined for component null
2023-09-08 11:34:21,133 [WARN] ModelIntegratedComponent:63 - No mode defined for component null
2023-09-08 11:34:21,133 [WARN] ModelIntegratedComponent:63 - No mode defined for component null
2023-09-08 11:34:21,133 [WARN] ModelIntegratedComponent:63 - No mode defined for component null
2023-09-08 11:34:21,143 [WARN] ModelIntegratedComponent:182 - Modes not found for component STMicroelectronics:USB_DEVICE:1.0.0:STMicroelectronics:USB::USB Device:Audio HS::1.0:USB_DEVICE_1_0_RESTRICTED_HS
2023-09-08 11:34:21,143 [WARN] ModelIntegratedComponent:188 - Modes not found for component STMicroelectronics:USB_DEVICE:1.0.0:STMicroelectronics:USB::USB Device:Audio HS::1.0:USB_DEVICE_1_0_RESTRICTED_HS
2023-09-08 11:34:21,144 [WARN] ModelIntegratedComponent:182 - Modes not found for component STMicroelectronics:USB_DEVICE:1.0.0:STMicroelectronics:USB::USB Device:CDC HS::1.0:USB_DEVICE_1_0_RESTRICTED_HS
2023-09-08 11:34:21,144 [WARN] ModelIntegratedComponent:188 - Modes not found for component STMicroelectronics:USB_DEVICE:1.0.0:STMicroelectronics:USB::USB Device:CDC HS::1.0:USB_DEVICE_1_0_RESTRICTED_HS
2023-09-08 11:34:21,144 [WARN] ModelIntegratedComponent:182 - Modes not found for component STMicroelectronics:USB_DEVICE:1.0.0:STMicroelectronics:USB::USB Device:DFU HS::1.0:USB_DEVICE_1_0_RESTRICTED_HS
2023-09-08 11:34:21,144 [WARN] ModelIntegratedComponent:188 - Modes not found for component STMicroelectronics:USB_DEVICE:1.0.0:STMicroelectronics:USB::USB Device:DFU HS::1.0:USB_DEVICE_1_0_RESTRICTED_HS
2023-09-08 11:34:21,144 [WARN] ModelIntegratedComponent:182 - Modes not found for component STMicroelectronics:USB_DEVICE:1.0.0:STMicroelectronics:USB::USB Device:HID HS::1.0:USB_DEVICE_1_0_RESTRICTED_HS
2023-09-08 11:34:21,144 [WARN] ModelIntegratedComponent:188 - Modes not found for component STMicroelectronics:USB_DEVICE:1.0.0:STMicroelectronics:USB::USB Device:HID HS::1.0:USB_DEVICE_1_0_RESTRICTED_HS
2023-09-08 11:34:21,144 [WARN] ModelIntegratedComponent:182 - Modes not found for component STMicroelectronics:USB_DEVICE:1.0.0:STMicroelectronics:USB::USB Device:Custom HID HS::1.0:USB_DEVICE_1_0_RESTRICTED_HS
2023-09-08 11:34:21,144 [WARN] ModelIntegratedComponent:188 - Modes not found for component STMicroelectronics:USB_DEVICE:1.0.0:STMicroelectronics:USB::USB Device:Custom HID HS::1.0:USB_DEVICE_1_0_RESTRICTED_HS
2023-09-08 11:34:21,144 [WARN] ModelIntegratedComponent:182 - Modes not found for component STMicroelectronics:USB_DEVICE:1.0.0:STMicroelectronics:USB::USB Device:MSC HS::1.0:USB_DEVICE_1_0_RESTRICTED_HS
2023-09-08 11:34:21,144 [WARN] ModelIntegratedComponent:188 - Modes not found for component STMicroelectronics:USB_DEVICE:1.0.0:STMicroelectronics:USB::USB Device:MSC HS::1.0:USB_DEVICE_1_0_RESTRICTED_HS
2023-09-08 11:34:21,159 [INFO] ThirdPartyModel:298 - Start build external matchings
2023-09-08 11:34:21,695 [INFO] ThirdPartyModel:316 - End build external matchings
2023-09-08 11:34:21,709 [INFO] RtosManager:919 - Current active RTOS is FREERTOS [Cortex-M4NS]
2023-09-08 11:34:21,717 [INFO] ImportTextPane:194 - (OptionalMessage_ERROR) IP (DMA) : Parameter (Instance) has Id (USART2_RX) currently not set
2023-09-08 11:34:21,717 [INFO] ImportTextPane:194 - (OptionalMessage_ERROR) IP (DMA) : Parameter (Channel) has Id (USART2_RX) currently not set
2023-09-08 11:34:21,717 [INFO] ImportTextPane:194 - (OptionalMessage_ERROR) IP (DMA) : Parameter (Direction) has Id (USART2_RX) currently not set
2023-09-08 11:34:21,718 [INFO] ImportTextPane:194 - (OptionalMessage_ERROR) IP (DMA) : Parameter (PeriphInc) has Id (USART2_RX) currently not set
2023-09-08 11:34:21,718 [INFO] ImportTextPane:194 - (OptionalMessage_ERROR) IP (DMA) : Parameter (MemInc) has Id (USART2_RX) currently not set
2023-09-08 11:34:21,718 [INFO] ImportTextPane:194 - (OptionalMessage_ERROR) IP (DMA) : Parameter (PeriphDataAlignment) has Id (USART2_RX) currently not set
2023-09-08 11:34:21,718 [INFO] ImportTextPane:194 - (OptionalMessage_ERROR) IP (DMA) : Parameter (MemDataAlignment) has Id (USART2_RX) currently not set
2023-09-08 11:34:21,718 [INFO] ImportTextPane:194 - (OptionalMessage_ERROR) IP (DMA) : Parameter (Mode) has Id (USART2_RX) currently not set
2023-09-08 11:34:21,718 [INFO] ImportTextPane:194 - (OptionalMessage_ERROR) IP (DMA) : Parameter (Priority) has Id (USART2_RX) currently not set
2023-09-08 11:34:21,719 [INFO] ImportTextPane:194 - (OptionalMessage_ERROR) IP (DMA) : Parameter (FIFOMode) has Id (USART2_RX) currently not set
2023-09-08 11:34:21,728 [INFO] ImportTextPane:194 - (OptionalMessage_ERROR) IP (RCC) : Parameter (48MHZClocksFreq_Value) has invalid value (84000000)
2023-09-08 11:34:21,730 [INFO] ImportTextPane:194 - (OptionalMessage_ERROR) IP (RCC) : Parameter (FLatency) has Id (AdvancedSettings) currently not set
2023-09-08 11:34:21,731 [INFO] ImportTextPane:194 - (OptionalMessage_ERROR) IP (RCC) : Parameter (RTCHSEDivFreq_Value) has invalid value (4000000)
2023-09-08 11:34:22,023 [INFO] UtilMem:75 - End LoadConfig() Used Memory: 216851296 Bytes (376438784)
2023-09-08 11:34:22,182 [INFO] ApiDb:581 - Connected to CubeFinder SQLite database (C:\Users\popo\.stmcufinder\plugins\mcufinder\mcu\cube-finder-db.db)
2023-09-08 11:34:22,307 [INFO] ApiDb:668 - CubeFinder database Data Model version=2.1
2023-09-08 11:34:22,307 [INFO] ApiDb:669 - CubeFinder database Configuration version=3.0.37
2023-09-08 11:34:22,308 [INFO] ApiDb:670 - CubeFinder database generation date=2023-08-09 (1691586011)
2023-09-08 11:34:22,308 [INFO] ApiDb:671 - CubeFinder database FW Pack versions=[FP-ATR-ASTRA1_V2.0.0, FP-SNS-FLIGHT1_V5.0.1, FP-SNS-FLIGHT1_V5.0.2, FP-SNS-MOTENV1_V4.3.1, FP-SNS-MOTENV1_V4.3.2, STM32Cube_FW_C0_V1.1.0, STM32Cube_FW_F4_V1.27.1, STM32Cube_FW_F7_V1.17.0, STM32Cube_FW_G0_V1.6.1, STM32Cube_FW_G4_V1.5.1, STM32Cube_FW_H5_V0.5.1, STM32Cube_FW_H5_V1.1.0, STM32Cube_FW_H7_V1.11.0, STM32Cube_FW_L0_V1.12.2, STM32Cube_FW_L5_V1.5.0, STM32Cube_FW_U5_V1.3.0, STM32Cube_FW_U5_V1.3.0RC4, STM32Cube_FW_WBA_V1.0.0RC1, STM32Cube_FW_WBA_V1.1.0, STM32Cube_FW_WBA_V1.1.0RC1, STM32Cube_FW_WB_V1.15.0RC1, STM32Cube_FW_WB_V1.16.0, STM32Cube_FW_WB_V1.16.0RC2, STM32Cube_FW_WB_V1.17.0, STM32Cube_FW_WL_V1.3.0, X-CUBE-ALGOBUILD_V1.3.0, X-CUBE-ALS_V1.0.1, X-CUBE-AZRTOS-F4_V1.1.0, X-CUBE-AZRTOS-F7_V1.1.0, X-CUBE-AZRTOS-G0_V1.1.0, X-CUBE-AZRTOS-G4_V2.0.0, X-CUBE-AZRTOS-H7_V3.1.0, X-CUBE-AZRTOS-L4_V1.0.0, X-CUBE-AZRTOS-L4_V2.0.0, X-CUBE-AZRTOS-L5_V1.1.0, X-CUBE-AZRTOS-WB_V1.1.0, X-CUBE-AZRTOS-WL_V2.0.0, X-CUBE-BLE1_V7.0.0, X-CUBE-BLE2_V3.3.0, X-CUBE-BLEMGR_V2.0.0, X-CUBE-EEPRMA1_V4.1.0, X-CUBE-FREERTOS_V1.1.0, X-CUBE-GNSS1_V6.0.0, X-CUBE-MEMS1_V9.1.0, X-CUBE-MEMS1_V9.4.0, X-CUBE-MEMS1_V9.6.0, X-CUBE-NFC4_V3.0.0, X-CUBE-NFC7_V1.0.0, X-CUBE-SFXS2LP1_V4.0.0, X-CUBE-SUBG2_V5.0.0, X-CUBE-TOF1_V3.3.1]
2023-09-08 11:34:25,664 [INFO] ApiDb:240 - Found 323 in-development CPN: [B-G473E-ZEST1S, B-WB1M-WPAN1, B-WL5M-SUBG1, NUCLEO-C031C6, NUCLEO-H503RB, NUCLEO-H563ZI, NUCLEO-U545RE-Q, NUCLEO-U5A5ZJ-Q, NUCLEO-WBA52CG, STEVAL-PROTEUS1, STEVAL-SMARTAG2, STEVAL-STWINBX1, STM320518-EVAL, STM32C0116-DK, STM32C011D6Y3TR, STM32C011D6Y6TR, STM32C011F4P3, STM32C011F4P6, STM32C011F4U3, STM32C011F4U6TR, STM32C011F6P3, STM32C011F6P6, STM32C011F6U3, STM32C011F6U6TR, STM32C011J4M3, STM32C011J4M6, STM32C011J6M3, STM32C011J6M6, STM32C0316-DK, STM32C031C4T3, STM32C031C4T6, STM32C031C4U3, STM32C031C4U6, STM32C031C6T3, STM32C031C6T6, STM32C031C6U3, STM32C031C6U6, STM32C031F4P3, STM32C031F4P6, STM32C031F6P3, STM32C031F6P6, STM32C031G4U3, STM32C031G4U6, STM32C031G6U3, STM32C031G6U6, STM32C031K4T3, STM32C031K4T6, STM32C031K4U3, STM32C031K4U6, STM32C031K6T3, STM32C031K6T6, STM32C031K6U3, STM32C031K6U6, STM32G071K8TXN, STM32G071K8UXN, STM32G081GBU6N, STM32G081KBT6N, STM32G081KBUXN, STM32G0B1CCT6N, STM32G0B1KCT6, STM32G0B1NEY6TR, STM32G0B1RCT6N, STM32G0C1CCT6, STM32G0C1CCT6N, STM32G0C1CCU6N, STM32G0C1CET6N, STM32G0C1CEU6N, STM32G0C1KCT6, STM32G0C1NEY6TR, STM32G0C1RCI6N, STM32G0C1RCT6N, STM32G0C1REI6N, STM32G0C1RET6N, STM32G0C1VCI6, STM32G0C1VEI6, STM32G471CCT6, STM32G471CCU6, STM32G471CET3, STM32G471CET6, STM32G471CEU3, STM32G471CEU6, STM32G471MCT6, STM32G471MET3, STM32G471MET6, STM32G471MEY6TR, STM32G471QCT6, STM32G471QET3, STM32G471RCT6, STM32G471RET3, STM32G471RET6, STM32G471VCH6, STM32G471VCI6, STM32G471VCT6, STM32G471VEH3, STM32G471VEH6, STM32G471VEI3, STM32G471VEI6, STM32G471VET3, STM32G471VET6, STM32G474CCT6, STM32H503CBT6, STM32H503CBU6, STM32H503EBY6TR, STM32H503KBU6, STM32H503RBT6, STM32H562AGI6, STM32H562AII6, STM32H562IGK6, STM32H562IGT6, STM32H562IIK6, STM32H562IIT6, STM32H562RGT6, STM32H562RGV6, STM32H562RIT6, STM32H562RIV6, STM32H562VGT6, STM32H562VIT6, STM32H562ZGT6, STM32H562ZIT6, STM32H563AGI6, STM32H563AII3Q, STM32H563AII6, STM32H563IGK6, STM32H563IGT6, STM32H563IIK3Q, STM32H563IIK6, STM32H563IIT3Q, STM32H563IIT6, STM32H563MIY3QTR, STM32H563RGT6, STM32H563RGV6, STM32H563RIT6, STM32H563RIV6, STM32H563VGT6, STM32H563VIT3Q, STM32H563VIT6, STM32H563ZGT6, STM32H563ZIT3Q, STM32H563ZIT6, STM32H573AII3Q, STM32H573AII6, STM32H573I-DK, STM32H573IIK3Q, STM32H573IIK6, STM32H573IIT3Q, STM32H573IIT6, STM32H573MIY3QTR, STM32H573RIT6, STM32H573RIV6, STM32H573VIT3Q, STM32H573VIT6, STM32H573ZIT3Q, STM32H573ZIT6, STM32L4R5QGI6STR, STM32MP131AAE3, STM32MP131AAF3, STM32MP131AAG3, STM32MP131CAE3, STM32MP131CAF3, STM32MP131CAG3, STM32MP131DAE7, STM32MP131DAF7, STM32MP131DAG7, STM32MP131FAE7, STM32MP131FAF7, STM32MP131FAG7, STM32MP133AAE3, STM32MP133AAF3, STM32MP133AAG3, STM32MP133CAE3, STM32MP133CAF3, STM32MP133CAG3, STM32MP133DAE7, STM32MP133DAF7, STM32MP133DAG7, STM32MP133FAE7, STM32MP133FAF7, STM32MP133FAG7, STM32MP135AAE3, STM32MP135AAF3, STM32MP135AAG3, STM32MP135CAE3, STM32MP135CAF3, STM32MP135CAG3, STM32MP135DAE7, STM32MP135DAF7, STM32MP135DAG7, STM32MP135F-DK, STM32MP135FAE7, STM32MP135FAF7, STM32MP135FAF7T, STM32MP135FAF7U, STM32MP135FAG7, STM32U535CBT6, STM32U535CBT6Q, STM32U535CBU6, STM32U535CBU6Q, STM32U535CCT6, STM32U535CCT6Q, STM32U535CCU6, STM32U535CCU6Q, STM32U535CET6, STM32U535CET6Q, STM32U535CEU6, STM32U535CEU6Q, STM32U535JEY6QTR, STM32U535NCY6QTR, STM32U535NEY6QTR, STM32U535RBI6, STM32U535RBI6Q, STM32U535RBT6, STM32U535RBT6Q, STM32U535RCI6, STM32U535RCI6Q, STM32U535RCT6, STM32U535RCT6Q, STM32U535REI6, STM32U535REI6Q, STM32U535RET6, STM32U535RET6Q, STM32U535VCI6, STM32U535VCI6Q, STM32U535VCT6, STM32U535VCT6Q, STM32U535VEI6, STM32U535VEI6Q, STM32U535VET6, STM32U535VET6Q, STM32U545CET6, STM32U545CET6Q, STM32U545CEU6, STM32U545CEU6Q, STM32U545JEY6QTR, STM32U545NEY6QTR, STM32U545REI6, STM32U545REI6Q, STM32U545RET6, STM32U545RET6Q, STM32U545VEI6, STM32U545VEI6Q, STM32U545VET6, STM32U545VET6Q, STM32U595AIH6, STM32U595AIH6Q, STM32U595AJH6, STM32U595AJH6Q, STM32U595QII6, STM32U595QII6Q, STM32U595QJI6, STM32U595QJI6Q, STM32U595RIT6, STM32U595RIT6Q, STM32U595RJT6, STM32U595RJT6Q, STM32U595VIT6, STM32U595VIT6Q, STM32U595VJT6, STM32U595VJT6Q, STM32U595ZIT6, STM32U595ZIT6Q, STM32U595ZIY6QTR, STM32U595ZJT6, STM32U595ZJT6Q, STM32U595ZJY6QTR, STM32U599BJY6QTR, STM32U599NIH6Q, STM32U599NJH6Q, STM32U599VIT6Q, STM32U599VJT6, STM32U599VJT6Q, STM32U599ZIT6Q, STM32U599ZIY6QTR, STM32U599ZJT6Q, STM32U599ZJY6QTR, STM32U5A5AJH6, STM32U5A5AJH6Q, STM32U5A5QJI6, STM32U5A5QJI6Q, STM32U5A5RJT6, STM32U5A5RJT6Q, STM32U5A5VJT6, STM32U5A5VJT6Q, STM32U5A5ZJT6, STM32U5A5ZJT6Q, STM32U5A5ZJY6QTR, STM32U5A9BJY6QTR, STM32U5A9J-DK, STM32U5A9NJH6Q, STM32U5A9VJT6Q, STM32U5A9ZJT6Q, STM32U5A9ZJY6QTR, STM32U5F7VIT6, STM32U5F7VIT6Q, STM32U5F7VJT6, STM32U5F7VJT6Q, STM32U5F9BJY6QTR, STM32U5F9NJH6Q, STM32U5F9VIT6Q, STM32U5F9VJT6Q, STM32U5F9ZIJ6QTR, STM32U5F9ZIT6Q, STM32U5F9ZJJ6QTR, STM32U5F9ZJT6Q, STM32U5G7VJT6, STM32U5G7VJT6Q, STM32U5G9BJY6QTR, STM32U5G9J-DK1, STM32U5G9J-DK2, STM32U5G9NJH6Q, STM32U5G9VJT6Q, STM32U5G9ZJJ6QTR, STM32U5G9ZJT6Q, STM32WB1MMCH6, STM32WBA52CEU6, STM32WBA52CEU6T, STM32WBA52CGU6, STM32WBA52CGU6T, STM32WBA52KEU6, STM32WBA52KEU6T, STM32WBA52KGU6, STM32WBA52KGU6T, STM32WL5MOCH6, STM32WL5MOCH6TR]
2023-09-08 11:34:25,669 [INFO] DbMcus:217 - Found 3848 MCUs, 3848 are supported
2023-09-08 11:34:25,670 [INFO] ApiDb:423 - Load user favorites file C:\Users\popo/.stm32cubeide/favorites.mcus.txt: 1 item(s)
2023-09-08 11:34:25,670 [INFO] ApiDb:427 - User favorites MCUs=[STM32F411RET6]
2023-09-08 11:34:25,670 [INFO] DbMcus:223 - Set 1 / 1 favorites MCUs
2023-09-08 11:34:26,047 [WARN] ThirdParty:833 - waiting for thirdparty lock release [change project]
2023-09-08 11:34:26,047 [INFO] ThirdParty:835 - entering critical section [change project]
2023-09-08 11:34:26,048 [INFO] ThirdParty:1030 - CMSIS Pack Vendor :STMicroelectronics X-CUBE-ISPU 1.1.0
2023-09-08 11:34:26,048 [INFO] ThirdParty:1030 - CMSIS Pack Vendor :STMicroelectronics USBPD 4.1
2023-09-08 11:34:26,048 [INFO] ThirdParty:1030 - CMSIS Pack Vendor :STMicroelectronics X-CUBE-GNSS1 6.0.0
2023-09-08 11:34:26,048 [INFO] ThirdParty:1030 - CMSIS Pack Vendor :STMicroelectronics USB_HOST 2.0.0
2023-09-08 11:34:26,048 [INFO] ThirdParty:1030 - CMSIS Pack Vendor :STMicroelectronics X-CUBE-AZRTOS-F4 1.1.0
2023-09-08 11:34:26,048 [INFO] ThirdParty:1030 - CMSIS Pack Vendor :STMicroelectronics LIBJPEG 8.0.0
2023-09-08 11:34:26,048 [INFO] ThirdParty:1030 - CMSIS Pack Vendor :STMicroelectronics X-CUBE-SMBUS 2.1.0
2023-09-08 11:34:26,048 [INFO] ThirdParty:1030 - CMSIS Pack Vendor :wolfSSL I-CUBE-wolfSSL 5.6.0
2023-09-08 11:34:26,048 [INFO] ThirdParty:1030 - CMSIS Pack Vendor :STMicroelectronics USB_DEVICE 3.0.0
2023-09-08 11:34:26,048 [INFO] ThirdParty:1030 - CMSIS Pack Vendor :STMicroelectronics X-CUBE-AZRTOS-WB 2.0.0
2023-09-08 11:34:26,048 [INFO] ThirdParty:1030 - CMSIS Pack Vendor :STMicroelectronics X-CUBE-FREERTOS 1.0.1
2023-09-08 11:34:26,048 [INFO] ThirdParty:1030 - CMSIS Pack Vendor :STMicroelectronics X-CUBE-AZRTOS-F7 1.1.0
2023-09-08 11:34:26,048 [INFO] ThirdParty:1030 - CMSIS Pack Vendor :STMicroelectronics X-CUBE-TOUCHGFX 4.21.4
2023-09-08 11:34:26,048 [INFO] ThirdParty:1030 - CMSIS Pack Vendor :STMicroelectronics X-CUBE-AZRTOS-L5 2.0.0
2023-09-08 11:34:26,048 [INFO] ThirdParty:1030 - CMSIS Pack Vendor :STMicroelectronics USB_DEVICE 2.0.0
2023-09-08 11:34:26,048 [INFO] ThirdParty:1030 - CMSIS Pack Vendor :STMicroelectronics X-CUBE-MEMS1 9.6.0
2023-09-08 11:34:26,048 [INFO] ThirdParty:1030 - CMSIS Pack Vendor :STMicroelectronics FP-SNS-MOTENV1 4.3.2
2023-09-08 11:34:26,048 [INFO] ThirdParty:1030 - CMSIS Pack Vendor :STMicroelectronics FP-SNS-MOTENV1 4.3.1
2023-09-08 11:34:26,048 [INFO] ThirdParty:1030 - CMSIS Pack Vendor :STMicroelectronics FP-SNS-FLIGHT1 5.0.1
2023-09-08 11:34:26,048 [INFO] ThirdParty:1030 - CMSIS Pack Vendor :STMicroelectronics X-CUBE-ALGOBUILD 1.3.0
2023-09-08 11:34:26,049 [INFO] ThirdParty:1030 - CMSIS Pack Vendor :STMicroelectronics X-CUBE-BLE1 6.2.4
2023-09-08 11:34:26,049 [INFO] ThirdParty:1030 - CMSIS Pack Vendor :STMicroelectronics X-CUBE-AZRTOS-L5 1.1.0
2023-09-08 11:34:26,049 [INFO] ThirdParty:1030 - CMSIS Pack Vendor :STMicroelectronics FreeRTOS 0.0.1
2023-09-08 11:34:26,049 [INFO] ThirdParty:1030 - CMSIS Pack Vendor :STMicroelectronics X-CUBE-AZRTOS-G0 1.1.0
2023-09-08 11:34:26,049 [INFO] ThirdParty:1030 - CMSIS Pack Vendor :emotas I-CUBE-CANOPEN 1.1.3
2023-09-08 11:34:26,049 [INFO] ThirdParty:1030 - CMSIS Pack Vendor :STMicroelectronics X-CUBE-BLEMGR 2.0.0
2023-09-08 11:34:26,049 [INFO] ThirdParty:1030 - CMSIS Pack Vendor :STMicroelectronics X-CUBE-AI 8.0.1
2023-09-08 11:34:26,049 [INFO] ThirdParty:1030 - CMSIS Pack Vendor :STMicroelectronics X-CUBE-NFC4 3.0.0
2023-09-08 11:34:26,049 [INFO] ThirdParty:1030 - CMSIS Pack Vendor :STMicroelectronics X-CUBE-SUBG2 5.0.0
2023-09-08 11:34:26,049 [INFO] ThirdParty:1030 - CMSIS Pack Vendor :STMicroelectronics STM32_WPAN 1.0.0
2023-09-08 11:34:26,049 [INFO] ThirdParty:1030 - CMSIS Pack Vendor :STMicroelectronics lwIP 2.0.3
2023-09-08 11:34:26,049 [INFO] ThirdParty:1030 - CMSIS Pack Vendor :STMicroelectronics FP-SNS-FLIGHT1 5.0.2
2023-09-08 11:34:26,049 [INFO] ThirdParty:1030 - CMSIS Pack Vendor :STMicroelectronics USB_HOST 1.0.0
2023-09-08 11:34:26,049 [INFO] ThirdParty:1030 - CMSIS Pack Vendor :STMicroelectronics X-CUBE-TOF1 3.3.1
2023-09-08 11:34:26,049 [INFO] ThirdParty:1030 - CMSIS Pack Vendor :STMicroelectronics X-CUBE-AZRTOS-G4 2.0.0
2023-09-08 11:34:26,049 [INFO] ThirdParty:1030 - CMSIS Pack Vendor :STMicroelectronics PDM2PCM 3.1.0
2023-09-08 11:34:26,049 [INFO] ThirdParty:1030 - CMSIS Pack Vendor :STMicroelectronics X-CUBE-AZRTOS-H7 3.1.0
2023-09-08 11:34:26,049 [INFO] ThirdParty:1030 - CMSIS Pack Vendor :STMicroelectronics X-CUBE-TOF1 3.3.0
2023-09-08 11:34:26,049 [INFO] ThirdParty:1030 - CMSIS Pack Vendor :STMicroelectronics PDM2PCM 3.3.0
2023-09-08 11:34:26,050 [INFO] ThirdParty:1030 - CMSIS Pack Vendor :STMicroelectronics X-CUBE-DISPLAY 3.0.0
2023-09-08 11:34:26,050 [INFO] ThirdParty:1030 - CMSIS Pack Vendor :STMicroelectronics X-CUBE-BLE1 7.0.0
2023-09-08 11:34:26,050 [INFO] ThirdParty:1030 - CMSIS Pack Vendor :STMicroelectronics FP-ATR-SIGFOX1 3.2.0
2023-09-08 11:34:26,050 [INFO] ThirdParty:1030 - CMSIS Pack Vendor :STMicroelectronics HAL Drivers 0.0.0
2023-09-08 11:34:26,050 [INFO] ThirdParty:1030 - CMSIS Pack Vendor :STMicroelectronics MBEDTLS 2.16.2
2023-09-08 11:34:26,050 [INFO] ThirdParty:1030 - CMSIS Pack Vendor :STMicroelectronics X-CUBE-FREERTOS 1.1.0
2023-09-08 11:34:26,050 [INFO] ThirdParty:1030 - CMSIS Pack Vendor :STMicroelectronics X-CUBE-TOUCHGFX 4.22.0
2023-09-08 11:34:26,050 [INFO] ThirdParty:1030 - CMSIS Pack Vendor :STMicroelectronics X-CUBE-NFC7 1.0.1
2023-09-08 11:34:26,050 [INFO] ThirdParty:1030 - CMSIS Pack Vendor :STMicroelectronics MBEDTLS 2.14.1
2023-09-08 11:34:26,050 [INFO] ThirdParty:1030 - CMSIS Pack Vendor :STMicroelectronics X-CUBE-NFC7 1.0.0
2023-09-08 11:34:26,050 [INFO] ThirdParty:1030 - CMSIS Pack Vendor :STMicroelectronics X-CUBE-AZRTOS-WL 1.0.0
2023-09-08 11:34:26,050 [INFO] ThirdParty:1030 - CMSIS Pack Vendor :STMicroelectronics X-CUBE-NFC6 3.0.0
2023-09-08 11:34:26,050 [INFO] ThirdParty:1030 - CMSIS Pack Vendor :STMicroelectronics X-CUBE-EEPRMA1 4.1.0
2023-09-08 11:34:26,050 [INFO] ThirdParty:1030 - CMSIS Pack Vendor :portGmbH I-Cube-SoM-uGOAL 1.1.0
2023-09-08 11:34:26,050 [INFO] ThirdParty:1030 - CMSIS Pack Vendor :STMicroelectronics X-CUBE-ALS 1.0.1
2023-09-08 11:34:26,050 [INFO] ThirdParty:1030 - CMSIS Pack Vendor :STMicroelectronics ThreadX 1.0.0
2023-09-08 11:34:26,050 [INFO] ThirdParty:1030 - CMSIS Pack Vendor :STMicroelectronics X-CUBE-AZRTOS-WB 1.1.0
2023-09-08 11:34:26,050 [INFO] ThirdParty:1030 - CMSIS Pack Vendor :STMicroelectronics X-CUBE-AZRTOS-WL 2.0.0
2023-09-08 11:34:26,050 [INFO] ThirdParty:1030 - CMSIS Pack Vendor :SEGGER I-CUBE-embOS 1.3.1
2023-09-08 11:34:26,050 [INFO] ThirdParty:1030 - CMSIS Pack Vendor :STMicroelectronics USB_DEVICE 1.0.0
2023-09-08 11:34:26,051 [INFO] ThirdParty:1030 - CMSIS Pack Vendor :STMicroelectronics X-CUBE-AI 8.1.0
2023-09-08 11:34:26,051 [INFO] ThirdParty:1030 - CMSIS Pack Vendor :STMicroelectronics X-CUBE-AZRTOS-L4 2.0.0
2023-09-08 11:34:26,051 [INFO] ThirdParty:1030 - CMSIS Pack Vendor :STMicroelectronics ThreadX 0.0.2
2023-09-08 11:34:26,051 [INFO] ThirdParty:1030 - CMSIS Pack Vendor :WES I-CUBE-Cesium 1.3.0
2023-09-08 11:34:26,051 [INFO] ThirdParty:1030 - CMSIS Pack Vendor :STMicroelectronics FP-ATR-ASTRA1 2.0.0
2023-09-08 11:34:26,051 [INFO] ThirdParty:1030 - CMSIS Pack Vendor :STMicroelectronics lwIP 2.1.2
2023-09-08 11:34:26,051 [INFO] ThirdParty:1030 - CMSIS Pack Vendor :STMicroelectronics X-CUBE-SFXS2LP1 4.0.0
2023-09-08 11:34:26,051 [INFO] ThirdParty:1030 - CMSIS Pack Vendor :STMicroelectronics X-CUBE-BLE2 3.3.0
2023-09-08 11:34:26,051 [INFO] ThirdParty:1030 - CMSIS Pack Vendor :STMicroelectronics PDM2PCM 3.2.0
2023-09-08 11:34:26,051 [INFO] ThirdParty:841 - exiting critical section [change project]
2023-09-08 11:34:26,518 [INFO] PinOutPanel:1499 - setPackage(No Configuration,No Configuration)
2023-09-08 11:34:26,520 [INFO] PinOutPanel:1499 - setPackage(STM32F411RETx,LQFP64)
2023-09-08 11:34:27,071 [INFO] UtilMem:75 - Before build in PCC Used Memory: 307300080 Bytes (376438784)
2023-09-08 11:34:27,939 [INFO] UtilMem:75 - After build in PCC Used Memory: 212960032 Bytes (376438784)
2023-09-08 11:34:28,084 [INFO] ApiDbMcu:507 - Load IP Config File for FREERTOS
2023-09-08 11:34:28,112 [INFO] IPUIPlugin:80 - create IPUIPlugin
2023-09-08 11:34:28,112 [INFO] IPUIPlugin:80 - create IPUIPlugin
2023-09-08 11:34:28,112 [INFO] IPUIPlugin:80 - create IPUIPlugin
2023-09-08 11:34:28,113 [INFO] IPUIPlugin:80 - create IPUIPlugin
2023-09-08 11:34:28,113 [INFO] IPUIPlugin:80 - create IPUIPlugin
2023-09-08 11:34:28,113 [INFO] IPUIPlugin:80 - create IPUIPlugin
2023-09-08 11:34:28,113 [INFO] IPUIPlugin:80 - create IPUIPlugin
2023-09-08 11:34:28,113 [INFO] IPUIPlugin:80 - create IPUIPlugin
2023-09-08 11:34:28,113 [INFO] IPUIPlugin:80 - create IPUIPlugin
2023-09-08 11:34:28,113 [INFO] IPUIPlugin:80 - create IPUIPlugin
2023-09-08 11:34:28,113 [INFO] IPUIPlugin:80 - create IPUIPlugin
2023-09-08 11:34:28,113 [INFO] IPUIPlugin:80 - create IPUIPlugin
2023-09-08 11:34:28,114 [INFO] IPUIPlugin:80 - create IPUIPlugin
2023-09-08 11:34:28,114 [INFO] IPUIPlugin:80 - create IPUIPlugin
2023-09-08 11:34:28,114 [INFO] IPUIPlugin:80 - create IPUIPlugin
2023-09-08 11:34:28,114 [INFO] IPUIPlugin:80 - create IPUIPlugin
2023-09-08 11:34:28,114 [INFO] IPUIPlugin:80 - create IPUIPlugin
2023-09-08 11:34:28,115 [INFO] IPUIPlugin:80 - create IPUIPlugin
2023-09-08 11:34:28,115 [INFO] IPUIPlugin:80 - create IPUIPlugin
2023-09-08 11:34:28,115 [INFO] IPUIPlugin:80 - create IPUIPlugin
2023-09-08 11:34:28,115 [INFO] IPUIPlugin:80 - create IPUIPlugin
2023-09-08 11:34:28,115 [INFO] IPUIPlugin:80 - create IPUIPlugin
2023-09-08 11:34:28,116 [INFO] IPUIPlugin:80 - create IPUIPlugin
2023-09-08 11:34:28,116 [INFO] IPUIPlugin:80 - create IPUIPlugin
2023-09-08 11:34:28,117 [INFO] IPUIPlugin:80 - create IPUIPlugin
2023-09-08 11:34:28,117 [INFO] IPUIPlugin:80 - create IPUIPlugin
2023-09-08 11:34:28,117 [INFO] IPUIPlugin:80 - create IPUIPlugin
2023-09-08 11:34:28,118 [INFO] IPUIPlugin:80 - create IPUIPlugin
2023-09-08 11:34:28,118 [INFO] IPUIPlugin:80 - create IPUIPlugin
2023-09-08 11:34:28,118 [INFO] IPUIPlugin:80 - create IPUIPlugin
2023-09-08 11:34:28,118 [INFO] IPUIPlugin:80 - create IPUIPlugin
2023-09-08 11:34:28,119 [INFO] IPUIPlugin:80 - create IPUIPlugin
2023-09-08 11:34:28,119 [INFO] IPUIPlugin:80 - create IPUIPlugin
2023-09-08 11:34:28,119 [INFO] IPUIPlugin:80 - create IPUIPlugin
2023-09-08 11:34:28,119 [INFO] IPUIPlugin:80 - create IPUIPlugin
2023-09-08 11:34:28,120 [INFO] IPUIPlugin:80 - create IPUIPlugin
2023-09-08 11:34:28,120 [INFO] IPUIPlugin:80 - create IPUIPlugin
2023-09-08 11:34:28,120 [INFO] IPUIPlugin:80 - create IPUIPlugin
2023-09-08 11:34:28,121 [INFO] IPUIPlugin:80 - create IPUIPlugin
2023-09-08 11:34:28,121 [INFO] IPUIPlugin:80 - create IPUIPlugin
2023-09-08 11:34:28,121 [INFO] IPUIPlugin:80 - create IPUIPlugin
2023-09-08 11:34:28,122 [INFO] IPUIPlugin:80 - create IPUIPlugin
2023-09-08 11:34:28,122 [INFO] IPUIPlugin:80 - create IPUIPlugin
2023-09-08 11:34:28,134 [INFO] ApiDbMcu:507 - Load IP Config File for PDM2PCM
2023-09-08 11:34:28,180 [WARN] FreeRTOS:1023 - Null or empty value: should not occur! (nothing added to the table)
2023-09-08 11:34:28,381 [INFO] CADModel:165 - CPN selected for project levelSTM32F411RET6
2023-09-08 11:34:28,381 [INFO] CADModel:114 - Register for checkConnection events
2023-09-08 11:34:28,384 [INFO] RtosManager:697 - Active RTOS found at IOC load: FREERTOS [Cortex-M4NS]
2023-09-08 11:34:28,447 [INFO] OpenFileManager:328 - Restore cursor
2023-09-08 11:34:36,565 [ERROR] RtosPanel:558 - Can not restore the selected Tab for FREERTOS(A reason can be that the tab is no more available.)
2023-09-08 11:34:40,197 [ERROR] LogOutputStream:75 - [STDERR_REDIRECT] SLF4J: Failed to load class "org.slf4j.impl.StaticLoggerBinder".
2023-09-08 11:34:40,197 [ERROR] LogOutputStream:75 - [STDERR_REDIRECT] SLF4J: Defaulting to no-operation (NOP) logger implementation
2023-09-08 11:34:40,199 [ERROR] LogOutputStream:75 - [STDERR_REDIRECT] SLF4J: See http://www.slf4j.org/codes.html#StaticLoggerBinder for further details.
2023-09-08 11:35:35,241 [ERROR] RtosPanel:558 - Can not restore the selected Tab for FREERTOS(A reason can be that the tab is no more available.)
2023-09-08 11:35:44,277 [INFO] TasksAndQueuesTab:757 - Dynamic
2023-09-08 11:35:44,277 [WARN] TasksAndQueuesTab:763 - 128 128
2023-09-08 11:35:44,277 [WARN] TasksAndQueuesTab:775 - max value is: 3840.0
2023-09-08 11:35:44,278 [INFO] TasksAndQueuesTab:757 - Dynamic
2023-09-08 11:35:44,278 [WARN] TasksAndQueuesTab:763 - 128 128
2023-09-08 11:35:44,278 [WARN] TasksAndQueuesTab:775 - max value is: 3840.0
2023-09-08 11:35:44,278 [INFO] TasksAndQueuesTab:757 - Dynamic
2023-09-08 11:35:44,278 [WARN] TasksAndQueuesTab:763 - 128 128
2023-09-08 11:35:44,278 [WARN] TasksAndQueuesTab:775 - max value is: 3840.0
2023-09-08 11:35:44,278 [INFO] TasksAndQueuesTab:757 - Dynamic
2023-09-08 11:35:44,278 [WARN] TasksAndQueuesTab:763 - 128 128
2023-09-08 11:35:44,278 [WARN] TasksAndQueuesTab:775 - max value is: 3840.0
2023-09-08 16:52:54,926 [INFO] WebApp:330 - JxBrowser engine has been closed 
