2023-11-10 14:16:11,044 [INFO] Activator:176 - 


2023-11-10 14:16:11,051 [INFO] Activator:177 - !SESSION log4j initialized
2023-11-10 14:16:18,317 [INFO] LogOutputStream:77 - [STDOUT_REDIRECT] 
2023-11-10 14:16:25,189 [INFO] ApplicationProperties:184 - Using Application install path: C:\ST\STM32CubeIDE_1.13.1\STM32CubeIDE\plugins\com.st.stm32cube.common.mx_6.9.1.202307191849
2023-11-10 14:16:25,211 [INFO] DbMcusXml:78 - Set database path to: C:\ST\STM32CubeIDE_1.13.1\STM32CubeIDE\plugins\com.st.stm32cube.common.mx_6.9.1.202307191849\\db\/mcu/
2023-11-10 14:16:25,212 [INFO] ApiDb:274 - Set plugin database path to: C:\ST\STM32CubeIDE_1.13.1\STM32CubeIDE\plugins\com.st.stm32cube.common.mx_6.9.1.202307191849\\db\/plugins/boardmanager/
2023-11-10 14:16:25,212 [WARN] ApiDb:259 - Overriding images path with different value:  => C:\ST\STM32CubeIDE_1.13.1\STM32CubeIDE\plugins\com.st.stm32cube.common.mx_6.9.1.202307191849\\db\/plugins/mcufinder/images/
2023-11-10 14:16:25,227 [INFO] ApiDb:250 - Set database path to: C:\Users\popo\.stmcufinder\plugins\mcufinder//mcu/
2023-11-10 14:16:25,228 [INFO] DbMcusAds:125 - Set database path to: C:\Users\popo\.stmcufinder\plugins\mcufinder//mcu/
2023-11-10 14:16:25,231 [INFO] CrossReferenceDbSqlite:203 - Set database path to: C:\Users\popo\.stmcufinder\plugins\mcufinder//mcu/cs/
2023-11-10 14:16:25,365 [INFO] RulesReader:64 - Compatibility file has been processed (293 Rules)
2023-11-10 14:16:25,502 [INFO] DbMcusXml:78 - Set database path to: C:\ST\STM32CubeIDE_1.13.1\STM32CubeIDE\plugins\com.st.stm32cube.common.mx_6.9.1.202307191849\\db\/mcu/
2023-11-10 14:16:25,502 [INFO] ApiDb:274 - Set plugin database path to: C:\ST\STM32CubeIDE_1.13.1\STM32CubeIDE\plugins\com.st.stm32cube.common.mx_6.9.1.202307191849\\db\/plugins/boardmanager/
2023-11-10 14:16:25,502 [INFO] ApiDb:261 - Set plugin images path to: C:\ST\STM32CubeIDE_1.13.1\STM32CubeIDE\plugins\com.st.stm32cube.common.mx_6.9.1.202307191849\\db\/plugins/mcufinder/images/
2023-11-10 14:16:25,502 [WARN] DbFile:41 - Overriding database path with different value: C:\Users\popo\.stmcufinder\plugins\mcufinder/ => C:\Users\popo\.stmcufinder\plugins\mcufinder
2023-11-10 14:16:25,502 [INFO] ApiDb:250 - Set database path to: C:\Users\popo\.stmcufinder\plugins\mcufinder//mcu/
2023-11-10 14:16:25,502 [WARN] DbFile:41 - Overriding database path with different value: C:\Users\popo\.stmcufinder\plugins\mcufinder/ => C:\Users\popo\.stmcufinder\plugins\mcufinder
2023-11-10 14:16:25,503 [INFO] DbMcusAds:125 - Set database path to: C:\Users\popo\.stmcufinder\plugins\mcufinder//mcu/
2023-11-10 14:16:25,503 [WARN] DbFile:41 - Overriding database path with different value: C:\Users\popo\.stmcufinder\plugins\mcufinder/ => C:\Users\popo\.stmcufinder\plugins\mcufinder
2023-11-10 14:16:25,503 [WARN] DbFile:41 - Overriding database path with different value: C:\Users\popo\.stmcufinder\plugins\mcufinder/ => C:\Users\popo\.stmcufinder\plugins\mcufinder
2023-11-10 14:16:25,503 [INFO] CrossReferenceDbSqlite:203 - Set database path to: C:\Users\popo\.stmcufinder\plugins\mcufinder//mcu/cs/
2023-11-10 14:16:25,598 [INFO] MainPanel:262 - HeapMemory: 268435456
2023-11-10 14:16:25,724 [INFO] DbMcusXml:78 - Set database path to: C:\ST\STM32CubeIDE_1.13.1\STM32CubeIDE\plugins\com.st.stm32cube.common.mx_6.9.1.202307191849\\db\/mcu/
2023-11-10 14:16:25,724 [INFO] ApiDb:274 - Set plugin database path to: C:\ST\STM32CubeIDE_1.13.1\STM32CubeIDE\plugins\com.st.stm32cube.common.mx_6.9.1.202307191849\\db\/plugins/boardmanager/
2023-11-10 14:16:25,724 [INFO] ApiDb:261 - Set plugin images path to: C:\ST\STM32CubeIDE_1.13.1\STM32CubeIDE\plugins\com.st.stm32cube.common.mx_6.9.1.202307191849\\db\/plugins/mcufinder/images/
2023-11-10 14:16:25,725 [WARN] DbFile:41 - Overriding database path with different value: C:\Users\popo\.stmcufinder\plugins\mcufinder/ => C:\Users\popo\.stmcufinder\plugins\mcufinder
2023-11-10 14:16:25,725 [INFO] ApiDb:250 - Set database path to: C:\Users\popo\.stmcufinder\plugins\mcufinder//mcu/
2023-11-10 14:16:25,725 [WARN] DbFile:41 - Overriding database path with different value: C:\Users\popo\.stmcufinder\plugins\mcufinder/ => C:\Users\popo\.stmcufinder\plugins\mcufinder
2023-11-10 14:16:25,726 [INFO] DbMcusAds:125 - Set database path to: C:\Users\popo\.stmcufinder\plugins\mcufinder//mcu/
2023-11-10 14:16:25,726 [WARN] DbFile:41 - Overriding database path with different value: C:\Users\popo\.stmcufinder\plugins\mcufinder/ => C:\Users\popo\.stmcufinder\plugins\mcufinder
2023-11-10 14:16:25,726 [WARN] DbFile:41 - Overriding database path with different value: C:\Users\popo\.stmcufinder\plugins\mcufinder/ => C:\Users\popo\.stmcufinder\plugins\mcufinder
2023-11-10 14:16:25,726 [INFO] CrossReferenceDbSqlite:203 - Set database path to: C:\Users\popo\.stmcufinder\plugins\mcufinder//mcu/cs/
2023-11-10 14:16:25,750 [INFO] ApplicationProperties:184 - Using Application install path: C:\ST\STM32CubeIDE_1.13.1\STM32CubeIDE\plugins\com.st.stm32cube.common.mx_6.9.1.202307191849
2023-11-10 14:16:25,752 [INFO] PluginManage:196 - Search for loadable plugins [exclusion list=, ]
2023-11-10 14:16:25,754 [INFO] PluginManage:310 - Check plugin analytics
2023-11-10 14:16:30,482 [INFO] AnalyticsPlugin:253 - Accepted Software Licenses: STM32CubeMX.6.8.1
2023-11-10 14:16:30,482 [INFO] AnalyticsPlugin:255 - Accepted CMSIS Pack Licenses: 
2023-11-10 14:16:30,482 [INFO] AnalyticsPlugin:257 - Accepted Firmware Licenses: FW.F4.1.27.0
2023-11-10 14:16:30,486 [INFO] PluginManage:359 - Loaded plugin analytics (category:tool,tabindex:-1)
2023-11-10 14:16:30,488 [INFO] PluginManage:310 - Check plugin cadmodel
2023-11-10 14:16:30,498 [INFO] CADModel:105 - Init CAD model plugin
2023-11-10 14:16:30,499 [INFO] PluginManage:359 - Loaded plugin cadmodel (category:power,tabindex:5)
2023-11-10 14:16:30,499 [INFO] PluginManage:310 - Check plugin clock
2023-11-10 14:16:30,519 [INFO] PluginManage:359 - Loaded plugin clock (category:base,tabindex:2)
2023-11-10 14:16:30,519 [INFO] PluginManage:310 - Check plugin ddr
2023-11-10 14:16:30,523 [INFO] PluginManage:359 - Loaded plugin ddr (category:tool,tabindex:6)
2023-11-10 14:16:30,523 [INFO] PluginManage:310 - Check plugin filemanager
2023-11-10 14:16:30,774 [INFO] PluginManage:359 - Loaded plugin filemanager (category:base,tabindex:10)
2023-11-10 14:16:30,774 [INFO] PluginManage:310 - Check plugin ipmanager
2023-11-10 14:16:30,788 [INFO] PluginManage:359 - Loaded plugin ipmanager (category:base,tabindex:5)
2023-11-10 14:16:30,789 [INFO] PluginManage:310 - Check plugin lpbam
2023-11-10 14:16:30,805 [INFO] PluginManage:359 - Loaded plugin lpbam (category:base,tabindex:0)
2023-11-10 14:16:30,805 [INFO] PluginManage:310 - Check plugin memorymap
2023-11-10 14:16:30,833 [INFO] PluginManage:359 - Loaded plugin memorymap (category:base,tabindex:4)
2023-11-10 14:16:30,833 [INFO] PluginManage:310 - Check plugin pinoutandconfiguration
2023-11-10 14:16:30,848 [INFO] PluginManage:359 - Loaded plugin pinoutandconfiguration (category:base,tabindex:1)
2023-11-10 14:16:30,848 [INFO] PluginManage:310 - Check plugin pinoutconfig
2023-11-10 14:16:30,979 [WARN] SupportedApi:132 - Cannot load RTOS API schema: s4s-elt-must-match.1: The content of 'definitions' must match (annotation?, (simpleType | complexType)?, (unique | key | keyref)*)). A problem was found starting at: attribute.
2023-11-10 14:16:31,162 [INFO] PluginManage:359 - Loaded plugin pinoutconfig (category:base,tabindex:0)
2023-11-10 14:16:31,163 [INFO] PluginManage:310 - Check plugin power
2023-11-10 14:16:31,182 [INFO] PluginManage:359 - Loaded plugin power (category:power,tabindex:4)
2023-11-10 14:16:31,182 [INFO] PluginManage:310 - Check plugin projectmanager
2023-11-10 14:16:31,203 [INFO] PluginManage:359 - Loaded plugin projectmanager (category:projectmanager,tabindex:3)
2023-11-10 14:16:31,203 [INFO] PluginManage:310 - Check plugin thirdparty
2023-11-10 14:16:31,390 [INFO] PluginManage:359 - Loaded plugin thirdparty (category:base,tabindex:-1)
2023-11-10 14:16:31,390 [WARN] IntegrityCheckThread:84 - waiting for thirdparty lock release [integrity check]
2023-11-10 14:16:31,390 [INFO] PluginManage:310 - Check plugin tools
2023-11-10 14:16:31,393 [INFO] IntegrityCheckThread:86 - entering critical section [integrity check]
2023-11-10 14:16:31,393 [INFO] ThirdPartyUpdaterWithRetryManager:70 - Updater plugin not ready yet. [1/15]
2023-11-10 14:16:31,397 [INFO] PluginManage:359 - Loaded plugin tools (category:base,tabindex:7)
2023-11-10 14:16:31,397 [INFO] PluginManage:310 - Check plugin tutovideos
2023-11-10 14:16:31,662 [INFO] PluginManage:359 - Loaded plugin tutovideos (category:base,tabindex:-1)
2023-11-10 14:16:31,663 [INFO] PluginManage:310 - Check plugin updater
2023-11-10 14:16:31,683 [INFO] PluginManage:359 - Loaded plugin updater (category:base,tabindex:12)
2023-11-10 14:16:31,683 [INFO] PluginManage:310 - Check plugin userauth
2023-11-10 14:16:31,690 [INFO] UserAuth:113 - Init User Auth plugin
2023-11-10 14:16:31,690 [INFO] PluginManage:359 - Loaded plugin userauth (category:base,tabindex:14)
2023-11-10 14:16:31,691 [INFO] PluginManage:283 - PluginManage : Loaded plugins [17]
2023-11-10 14:16:31,960 [INFO] PinOutPanel:1499 - setPackage(No Configuration,No Configuration)
2023-11-10 14:16:32,097 [INFO] CADModel:165 - CPN selected for project level
2023-11-10 14:16:32,097 [INFO] CADModel:114 - Register for checkConnection events
2023-11-10 14:16:32,118 [INFO] IPUIPlugin:80 - create IPUIPlugin
2023-11-10 14:16:32,119 [INFO] PluginManager:220 - loadIPPluginJar : add adc
2023-11-10 14:16:32,123 [INFO] IPUIPlugin:80 - create IPUIPlugin
2023-11-10 14:16:32,124 [INFO] PluginManager:220 - loadIPPluginJar : add aes
2023-11-10 14:16:32,129 [INFO] IPUIPlugin:80 - create IPUIPlugin
2023-11-10 14:16:32,129 [INFO] PluginManager:220 - loadIPPluginJar : add can
2023-11-10 14:16:32,132 [INFO] IPUIPlugin:80 - create IPUIPlugin
2023-11-10 14:16:32,132 [INFO] PluginManager:220 - loadIPPluginJar : add comp
2023-11-10 14:16:32,137 [INFO] IPUIPlugin:80 - create IPUIPlugin
2023-11-10 14:16:32,137 [INFO] PluginManager:220 - loadIPPluginJar : add cryp
2023-11-10 14:16:32,142 [INFO] IPUIPlugin:80 - create IPUIPlugin
2023-11-10 14:16:32,142 [INFO] PluginManager:220 - loadIPPluginJar : add dfsdm
2023-11-10 14:16:32,150 [INFO] IPUIPlugin:80 - create IPUIPlugin
2023-11-10 14:16:32,151 [INFO] PluginManager:220 - loadIPPluginJar : add dma
2023-11-10 14:16:32,155 [INFO] IPUIPlugin:80 - create IPUIPlugin
2023-11-10 14:16:32,155 [INFO] PluginManager:220 - loadIPPluginJar : add dma3
2023-11-10 14:16:32,160 [INFO] IPUIPlugin:80 - create IPUIPlugin
2023-11-10 14:16:32,160 [INFO] PluginManager:220 - loadIPPluginJar : add fatfs
2023-11-10 14:16:32,167 [INFO] IPUIPlugin:80 - create IPUIPlugin
2023-11-10 14:16:32,167 [INFO] PluginManager:220 - loadIPPluginJar : add fmc
2023-11-10 14:16:32,177 [INFO] IPUIPlugin:80 - create IPUIPlugin
2023-11-10 14:16:32,177 [INFO] PluginManager:220 - loadIPPluginJar : add freertos
2023-11-10 14:16:32,180 [INFO] IPUIPlugin:80 - create IPUIPlugin
2023-11-10 14:16:32,180 [INFO] PluginManager:220 - loadIPPluginJar : add genericplugin
2023-11-10 14:16:32,185 [INFO] IPUIPlugin:80 - create IPUIPlugin
2023-11-10 14:16:32,185 [INFO] PluginManager:220 - loadIPPluginJar : add gfxmmu
2023-11-10 14:16:32,192 [INFO] IPUIPlugin:80 - create IPUIPlugin
2023-11-10 14:16:32,192 [INFO] PluginManager:220 - loadIPPluginJar : add gic
2023-11-10 14:16:32,198 [INFO] IPUIPlugin:80 - create IPUIPlugin
2023-11-10 14:16:32,198 [INFO] PluginManager:220 - loadIPPluginJar : add gpio
2023-11-10 14:16:32,204 [INFO] IPUIPlugin:80 - create IPUIPlugin
2023-11-10 14:16:32,204 [INFO] PluginManager:220 - loadIPPluginJar : add gtzc
2023-11-10 14:16:32,208 [INFO] IPUIPlugin:80 - create IPUIPlugin
2023-11-10 14:16:32,209 [INFO] PluginManager:220 - loadIPPluginJar : add hash
2023-11-10 14:16:32,214 [INFO] IPUIPlugin:80 - create IPUIPlugin
2023-11-10 14:16:32,214 [INFO] PluginManager:220 - loadIPPluginJar : add i2c
2023-11-10 14:16:32,219 [INFO] IPUIPlugin:80 - create IPUIPlugin
2023-11-10 14:16:32,219 [INFO] PluginManager:220 - loadIPPluginJar : add i2s
2023-11-10 14:16:32,224 [INFO] IPUIPlugin:80 - create IPUIPlugin
2023-11-10 14:16:32,224 [INFO] PluginManager:220 - loadIPPluginJar : add i3c
2023-11-10 14:16:32,229 [INFO] IPUIPlugin:80 - create IPUIPlugin
2023-11-10 14:16:32,230 [INFO] PluginManager:220 - loadIPPluginJar : add ipddr
2023-11-10 14:16:32,238 [INFO] IPUIPlugin:80 - create IPUIPlugin
2023-11-10 14:16:32,238 [INFO] PluginManager:220 - loadIPPluginJar : add linkedlist
2023-11-10 14:16:32,244 [INFO] IPUIPlugin:80 - create IPUIPlugin
2023-11-10 14:16:32,244 [INFO] PluginManager:220 - loadIPPluginJar : add lorawan
2023-11-10 14:16:32,247 [INFO] IPUIPlugin:80 - create IPUIPlugin
2023-11-10 14:16:32,247 [INFO] PluginManager:220 - loadIPPluginJar : add ltdc
2023-11-10 14:16:32,258 [INFO] IPUIPlugin:80 - create IPUIPlugin
2023-11-10 14:16:32,258 [INFO] PluginManager:220 - loadIPPluginJar : add mdma
2023-11-10 14:16:32,264 [INFO] IPUIPlugin:80 - create IPUIPlugin
2023-11-10 14:16:32,264 [INFO] PluginManager:220 - loadIPPluginJar : add nvic
2023-11-10 14:16:32,270 [INFO] IPUIPlugin:80 - create IPUIPlugin
2023-11-10 14:16:32,270 [INFO] PluginManager:220 - loadIPPluginJar : add opamp
2023-11-10 14:16:32,275 [INFO] IPUIPlugin:80 - create IPUIPlugin
2023-11-10 14:16:32,275 [INFO] PluginManager:220 - loadIPPluginJar : add openamp
2023-11-10 14:16:32,280 [INFO] IPUIPlugin:80 - create IPUIPlugin
2023-11-10 14:16:32,280 [INFO] PluginManager:220 - loadIPPluginJar : add pdm2pcm
2023-11-10 14:16:32,290 [INFO] IPUIPlugin:80 - create IPUIPlugin
2023-11-10 14:16:32,293 [INFO] PluginManager:220 - loadIPPluginJar : add plateformsettings
2023-11-10 14:16:32,296 [INFO] IPUIPlugin:80 - create IPUIPlugin
2023-11-10 14:16:32,296 [INFO] PluginManager:220 - loadIPPluginJar : add quadspi
2023-11-10 14:16:32,303 [INFO] IPUIPlugin:80 - create IPUIPlugin
2023-11-10 14:16:32,303 [INFO] PluginManager:220 - loadIPPluginJar : add resmgrutility
2023-11-10 14:16:32,309 [INFO] IPUIPlugin:80 - create IPUIPlugin
2023-11-10 14:16:32,309 [INFO] PluginManager:220 - loadIPPluginJar : add sai
2023-11-10 14:16:32,313 [INFO] IPUIPlugin:80 - create IPUIPlugin
2023-11-10 14:16:32,314 [INFO] PluginManager:220 - loadIPPluginJar : add spi
2023-11-10 14:16:32,320 [INFO] IPUIPlugin:80 - create IPUIPlugin
2023-11-10 14:16:32,320 [INFO] PluginManager:220 - loadIPPluginJar : add stm32_wpan
2023-11-10 14:16:32,324 [INFO] IPUIPlugin:80 - create IPUIPlugin
2023-11-10 14:16:32,324 [INFO] PluginManager:220 - loadIPPluginJar : add tim
2023-11-10 14:16:32,329 [INFO] IPUIPlugin:80 - create IPUIPlugin
2023-11-10 14:16:32,329 [INFO] PluginManager:220 - loadIPPluginJar : add touchsensing
2023-11-10 14:16:32,333 [INFO] IPUIPlugin:80 - create IPUIPlugin
2023-11-10 14:16:32,333 [INFO] PluginManager:220 - loadIPPluginJar : add tracer_emb
2023-11-10 14:16:32,337 [INFO] IPUIPlugin:80 - create IPUIPlugin
2023-11-10 14:16:32,337 [INFO] PluginManager:220 - loadIPPluginJar : add ts
2023-11-10 14:16:32,341 [INFO] IPUIPlugin:80 - create IPUIPlugin
2023-11-10 14:16:32,341 [INFO] PluginManager:220 - loadIPPluginJar : add tsc
2023-11-10 14:16:32,345 [INFO] IPUIPlugin:80 - create IPUIPlugin
2023-11-10 14:16:32,345 [INFO] PluginManager:220 - loadIPPluginJar : add ucpd
2023-11-10 14:16:32,350 [INFO] IPUIPlugin:80 - create IPUIPlugin
2023-11-10 14:16:32,351 [INFO] PluginManager:220 - loadIPPluginJar : add usart
2023-11-10 14:16:32,356 [INFO] IPUIPlugin:80 - create IPUIPlugin
2023-11-10 14:16:32,356 [INFO] PluginManager:220 - loadIPPluginJar : add usbx
2023-11-10 14:16:32,509 [INFO] CADModel:165 - CPN selected for project level
2023-11-10 14:16:32,509 [INFO] CADModel:114 - Register for checkConnection events
2023-11-10 14:16:32,510 [FATAL] Updater:308 - Updater called before beeing initialized
2023-11-10 14:16:32,510 [ERROR] CADModel:125 - Updater not yet initialized, retry later 
2023-11-10 14:16:32,707 [INFO] CADModel:165 - CPN selected for project level
2023-11-10 14:16:32,707 [INFO] CADModel:114 - Register for checkConnection events
2023-11-10 14:16:32,707 [FATAL] Updater:308 - Updater called before beeing initialized
2023-11-10 14:16:32,708 [ERROR] CADModel:125 - Updater not yet initialized, retry later 
2023-11-10 14:16:32,712 [FATAL] Updater:308 - Updater called before beeing initialized
2023-11-10 14:16:32,864 [FATAL] Updater:308 - Updater called before beeing initialized
2023-11-10 14:16:32,870 [INFO] DbMcusAds:53 - JSON generation date=Tue Mar 07 17:50:55 KST 2023 (1678179055114)
2023-11-10 14:16:32,870 [FATAL] Updater:308 - Updater called before beeing initialized
2023-11-10 14:16:32,950 [WARN] DetailPanel:346 - Failed to get advertising image, set to default
2023-11-10 14:16:33,071 [FATAL] Updater:308 - Updater called before beeing initialized
2023-11-10 14:16:33,073 [FATAL] Updater:308 - Updater called before beeing initialized
2023-11-10 14:16:33,073 [FATAL] Updater:308 - Updater called before beeing initialized
2023-11-10 14:16:33,074 [WARN] DetailPanel:346 - Failed to get advertising image, set to default
2023-11-10 14:16:33,075 [FATAL] Updater:308 - Updater called before beeing initialized
2023-11-10 14:16:33,134 [ERROR] Updater:1120 - MainUpdater not yet initialized. External WinMGr cannot be set.
2023-11-10 14:16:33,139 [INFO] Updater:1056 - Updater Version found : 6.9.1
2023-11-10 14:16:33,163 [INFO] ApplicationProperties:184 - Using Application install path: C:\ST\STM32CubeIDE_1.13.1\STM32CubeIDE\plugins\com.st.stm32cube.common.mx_6.9.1.202307191849
2023-11-10 14:16:33,406 [INFO] MainUpdater:2868 - connection check result : 10
2023-11-10 14:16:33,406 [INFO] MainUpdater:285 - Updater Check For Update Now.
2023-11-10 14:16:33,407 [INFO] MicroXplorer:498 - Change Database Version : DB.6.0.91
2023-11-10 14:16:33,416 [INFO] McuFinderGlobals:63 - Set McuFinder mode to 2 (CubeIDE integrated)
2023-11-10 14:16:33,416 [INFO] UserAuth:179 - activating auth plugin
2023-11-10 14:16:33,421 [INFO] UserAuth:393 - Internet connection configuration mode: 1
2023-11-10 14:16:33,445 [INFO] JxBrowserEngine:151 - Initiate JxBrowser Engine with user profile folder
2023-11-10 14:16:33,612 [INFO] CheckServerUpdateThread:120 - End of CheckServer Thread
2023-11-10 14:16:34,748 [WARN] PackLoader:240 - Cannot read IP mode file for STMicroelectronics.X-CUBE-SMBUS.2.1.0
2023-11-10 14:16:34,811 [WARN] PackLoader:240 - Cannot read IP mode file for STMicroelectronics.X-CUBE-AZRTOS-F7.1.1.0
2023-11-10 14:16:34,830 [WARN] PackLoader:240 - Cannot read IP mode file for STMicroelectronics.FP-SNS-MOTENV1.4.3.2
2023-11-10 14:16:34,839 [ERROR] RealEvaluatedCondition:428 - Found unsupported composite condition: GROUP='STM32_MetaDataManager' CLASS='Data Exchange'
2023-11-10 14:16:34,839 [ERROR] RealEvaluatedCondition:428 - Found unsupported composite condition: GROUP='STM32_MetaDataManager' CLASS='Data Exchange'
2023-11-10 14:16:34,845 [WARN] PackLoader:240 - Cannot read IP mode file for STMicroelectronics.FP-SNS-MOTENV1.4.3.1
2023-11-10 14:16:34,855 [WARN] PackLoader:240 - Cannot read IP mode file for STMicroelectronics.FP-SNS-FLIGHT1.5.0.1
2023-11-10 14:16:34,867 [WARN] PackLoader:240 - Cannot read IP mode file for STMicroelectronics.X-CUBE-BLE1.6.2.4
2023-11-10 14:16:34,878 [WARN] PackLoader:240 - Cannot read IP mode file for STMicroelectronics.FP-SNS-FLIGHT1.5.0.2
2023-11-10 14:16:34,893 [WARN] PackLoader:240 - Cannot read IP mode file for STMicroelectronics.X-CUBE-DISPLAY.3.0.0
2023-11-10 14:16:34,907 [WARN] PackLoader:240 - Cannot read IP mode file for STMicroelectronics.X-CUBE-BLE1.7.0.0
2023-11-10 14:16:34,919 [WARN] PackLoader:240 - Cannot read IP mode file for STMicroelectronics.X-CUBE-TOUCHGFX.4.22.0
2023-11-10 14:16:34,934 [INFO] LogOutputStream:77 - [STDOUT_REDIRECT] 1 : Invalid condition id : UX_CORESTACK_Condition cause : null
2023-11-10 14:16:34,934 [INFO] LogOutputStream:77 - [STDOUT_REDIRECT] 1 : Invalid condition id : UX_CORESTACK_Condition cause : null
2023-11-10 14:16:34,937 [INFO] LogOutputStream:77 - [STDOUT_REDIRECT] 1 : Invalid condition id : UX_CORESTACK_Condition cause : null
2023-11-10 14:16:34,939 [INFO] LogOutputStream:77 - [STDOUT_REDIRECT] 1 : Invalid condition id : UX_CORESTACK_Condition cause : null
2023-11-10 14:16:34,943 [INFO] LogOutputStream:77 - [STDOUT_REDIRECT] 1 : Invalid condition id : UX_CORESTACK_Condition cause : null
2023-11-10 14:16:34,950 [WARN] PackLoader:240 - Cannot read IP mode file for STMicroelectronics.X-CUBE-AZRTOS-WL.2.0.0
2023-11-10 14:16:34,966 [WARN] PackLoader:240 - Cannot read IP mode file for WES.I-CUBE-Cesium.1.3.0
2023-11-10 14:16:34,974 [WARN] PackLoader:240 - Cannot read IP mode file for STMicroelectronics.X-CUBE-BLE2.3.3.0
2023-11-10 14:16:34,978 [WARN] PackLoader:240 - Cannot read IP mode file for STMicroelectronics.X-CUBE-TOUCHGFX.4.21.4
2023-11-10 14:16:34,989 [WARN] PackLoader:240 - Cannot read IP mode file for STMicroelectronics.X-CUBE-ALGOBUILD.1.3.0
2023-11-10 14:16:35,016 [WARN] PackLoader:240 - Cannot read IP mode file for STMicroelectronics.X-CUBE-AZRTOS-G0.1.1.0
2023-11-10 14:16:35,028 [WARN] PackLoader:240 - Cannot read IP mode file for STMicroelectronics.X-CUBE-NFC4.3.0.0
2023-11-10 14:16:35,049 [WARN] PackLoader:240 - Cannot read IP mode file for STMicroelectronics.FP-ATR-SIGFOX1.3.2.0
2023-11-10 14:16:35,300 [WARN] PackLoader:240 - Cannot read IP mode file for SEGGER.I-CUBE-embOS.1.3.1
2023-11-10 14:16:35,564 [WARN] PackLoader:240 - Cannot read IP mode file for STMicroelectronics.X-CUBE-GNSS1.6.0.0
2023-11-10 14:16:35,617 [WARN] PackLoader:240 - Cannot read IP mode file for STMicroelectronics.X-CUBE-AZRTOS-F4.1.1.0
2023-11-10 14:16:35,628 [WARN] PackLoader:240 - Cannot read IP mode file for wolfSSL.I-CUBE-wolfSSL.5.6.0
2023-11-10 14:16:35,686 [WARN] PackLoader:240 - Cannot read IP mode file for STMicroelectronics.X-CUBE-AZRTOS-L5.2.0.0
2023-11-10 14:16:35,798 [WARN] PackLoader:240 - Cannot read IP mode file for STMicroelectronics.X-CUBE-MEMS1.9.6.0
2023-11-10 14:16:36,169 [WARN] PackLoader:240 - Cannot read IP mode file for emotas.I-CUBE-CANOPEN.1.1.3
2023-11-10 14:16:36,179 [WARN] PackLoader:240 - Cannot read IP mode file for STMicroelectronics.X-CUBE-BLEMGR.2.0.0
2023-11-10 14:16:36,219 [WARN] ConditionMgr:438 - getConditionDescription Invalid condition id : UX DEVICE CLASS RTOS Condition cause : null
2023-11-10 14:16:36,219 [WARN] ConditionMgr:438 - getConditionDescription Invalid condition id : UX DEVICE CLASS RTOS Condition cause : null
2023-11-10 14:16:36,222 [WARN] PackLoader:240 - Cannot read IP mode file for STMicroelectronics.X-CUBE-AZRTOS-H7.3.1.0
2023-11-10 14:16:36,225 [WARN] ConditionMgr:1039 - genDependencies : Invalid condition id : UX DEVICE CLASS RTOS Condition cause : null
2023-11-10 14:16:36,225 [WARN] ConditionMgr:1039 - genDependencies : Invalid condition id : UX DEVICE CLASS RTOS Condition cause : null
2023-11-10 14:16:36,225 [WARN] ConditionMgr:1039 - genDependencies : Invalid condition id : UX DEVICE CLASS RTOS Condition cause : null
2023-11-10 14:16:36,226 [WARN] ConditionMgr:1039 - genDependencies : Invalid condition id : UX DEVICE CLASS RTOS Condition cause : null
2023-11-10 14:16:36,226 [WARN] ConditionMgr:1039 - genDependencies : Invalid condition id : UX DEVICE CLASS RTOS Condition cause : null
2023-11-10 14:16:36,234 [WARN] PackLoader:240 - Cannot read IP mode file for STMicroelectronics.X-CUBE-NFC7.1.0.1
2023-11-10 14:16:36,241 [WARN] PackLoader:240 - Cannot read IP mode file for STMicroelectronics.X-CUBE-NFC7.1.0.0
2023-11-10 14:16:36,251 [WARN] PackLoader:240 - Cannot read IP mode file for STMicroelectronics.X-CUBE-NFC6.3.0.0
2023-11-10 14:16:36,265 [WARN] PackLoader:240 - Cannot read IP mode file for STMicroelectronics.X-CUBE-EEPRMA1.4.1.0
2023-11-10 14:16:36,272 [WARN] PackLoader:240 - Cannot read IP mode file for STMicroelectronics.X-CUBE-AI.8.1.0
2023-11-10 14:16:36,293 [WARN] ConditionMgr:438 - getConditionDescription Invalid condition id : LAN8742 Phy interface Condition cause : null
2023-11-10 14:16:36,294 [WARN] PackLoader:240 - Cannot read IP mode file for STMicroelectronics.X-CUBE-AZRTOS-L4.2.0.0
2023-11-10 14:16:36,295 [WARN] ConditionMgr:1039 - genDependencies : Invalid condition id : LAN8742 Phy interface Condition cause : null
2023-11-10 14:16:36,296 [WARN] ConditionMgr:1039 - genDependencies : Invalid condition id : LAN8742 Phy interface Condition cause : null
2023-11-10 14:16:36,298 [WARN] ConditionMgr:1039 - genDependencies : Invalid condition id : LAN8742 Phy interface Condition cause : null
2023-11-10 14:16:36,323 [WARN] PackLoader:240 - Cannot read IP mode file for STMicroelectronics.X-CUBE-SFXS2LP1.4.0.0
2023-11-10 14:16:36,331 [WARN] PackLoader:240 - Cannot read IP mode file for STMicroelectronics.X-CUBE-ISPU.1.1.0
2023-11-10 14:16:36,345 [WARN] ConditionMgr:438 - getConditionDescription Invalid condition id : UX DEVICE CLASS RTOS Condition cause : null
2023-11-10 14:16:36,346 [WARN] ConditionMgr:438 - getConditionDescription Invalid condition id : UX DEVICE CLASS RTOS Condition cause : null
2023-11-10 14:16:36,348 [WARN] PackLoader:240 - Cannot read IP mode file for STMicroelectronics.X-CUBE-AZRTOS-WB.2.0.0
2023-11-10 14:16:36,348 [WARN] ConditionMgr:1039 - genDependencies : Invalid condition id : UX DEVICE CLASS RTOS Condition cause : null
2023-11-10 14:16:36,348 [WARN] ConditionMgr:1039 - genDependencies : Invalid condition id : UX DEVICE CLASS RTOS Condition cause : null
2023-11-10 14:16:36,349 [WARN] ConditionMgr:1039 - genDependencies : Invalid condition id : UX DEVICE CLASS RTOS Condition cause : null
2023-11-10 14:16:36,349 [WARN] ConditionMgr:1039 - genDependencies : Invalid condition id : UX DEVICE CLASS RTOS Condition cause : null
2023-11-10 14:16:36,349 [WARN] ConditionMgr:1039 - genDependencies : Invalid condition id : UX DEVICE CLASS RTOS Condition cause : null
2023-11-10 14:16:36,356 [WARN] PackLoader:240 - Cannot read IP mode file for STMicroelectronics.X-CUBE-FREERTOS.1.0.1
2023-11-10 14:16:36,387 [WARN] PackLoader:240 - Cannot read IP mode file for STMicroelectronics.X-CUBE-AZRTOS-L5.1.1.0
2023-11-10 14:16:36,398 [WARN] PackLoader:240 - Cannot read IP mode file for STMicroelectronics.X-CUBE-AI.8.0.1
2023-11-10 14:16:36,422 [WARN] PackLoader:240 - Cannot read IP mode file for STMicroelectronics.X-CUBE-SUBG2.5.0.0
2023-11-10 14:16:36,445 [WARN] PackLoader:240 - Cannot read IP mode file for STMicroelectronics.X-CUBE-TOF1.3.3.1
2023-11-10 14:16:36,534 [WARN] PackLoader:240 - Cannot read IP mode file for STMicroelectronics.X-CUBE-AZRTOS-G4.2.0.0
2023-11-10 14:16:36,582 [WARN] PackLoader:240 - Cannot read IP mode file for STMicroelectronics.X-CUBE-TOF1.3.3.0
2023-11-10 14:16:36,626 [WARN] PackLoader:240 - Cannot read IP mode file for STMicroelectronics.X-CUBE-FREERTOS.1.1.0
2023-11-10 14:16:36,641 [WARN] PackLoader:240 - Cannot read IP mode file for STMicroelectronics.X-CUBE-AZRTOS-WL.1.0.0
2023-11-10 14:16:36,649 [WARN] PackLoader:240 - Cannot read IP mode file for portGmbH.I-Cube-SoM-uGOAL.1.1.0
2023-11-10 14:16:36,656 [WARN] PackLoader:240 - Cannot read IP mode file for STMicroelectronics.X-CUBE-ALS.1.0.1
2023-11-10 14:16:36,675 [WARN] PackLoader:240 - Cannot read IP mode file for STMicroelectronics.X-CUBE-AZRTOS-WB.1.1.0
2023-11-10 14:16:36,684 [WARN] PackLoader:240 - Cannot read IP mode file for STMicroelectronics.FP-ATR-ASTRA1.2.0.0
2023-11-10 14:16:36,684 [INFO] ThirdParty:978 - Integrity check success = true
2023-11-10 14:16:36,684 [INFO] IntegrityCheckThread:100 - exiting critical section [integrity check]
2023-11-10 14:16:36,684 [INFO] IntegrityCheckThread:103 - End integrity checks thread
2023-11-10 14:16:38,605 [INFO] WebApp:157 - Instantiating new browser for Auth
2023-11-10 14:16:39,391 [INFO] WebApp:753 - Register for checkConnection events
2023-11-10 14:16:39,391 [INFO] WebApp:390 - Apply proxy settings
2023-11-10 14:16:39,391 [INFO] WebApp:475 - Chromium requires no authentication
2023-11-10 14:16:39,403 [INFO] WebApp:418 - Direct internet connection detected
2023-11-10 14:16:39,642 [INFO] WebApp:188 - Starting web application
2023-11-10 14:16:39,642 [INFO] WebApp:520 - Web application path used C:\ST\STM32CubeIDE_1.13.1\STM32CubeIDE\plugins\com.st.stm32cube.common.mx_6.9.1.202307191849\db\plugins\mcufinder\reactClient1\index.html
2023-11-10 14:17:00,508 [ERROR] LogOutputStream:75 - [STDERR_REDIRECT] SLF4J: Failed to load class "org.slf4j.impl.StaticLoggerBinder".
2023-11-10 14:17:00,509 [ERROR] LogOutputStream:75 - [STDERR_REDIRECT] SLF4J: Defaulting to no-operation (NOP) logger implementation
2023-11-10 14:17:00,512 [ERROR] LogOutputStream:75 - [STDERR_REDIRECT] SLF4J: See http://www.slf4j.org/codes.html#StaticLoggerBinder for further details.
2023-11-10 14:54:37,834 [ERROR] LogOutputStream:75 - [STDERR_REDIRECT] 
