2023-11-17 17:10:13,502 [INFO] Activator:176 - 


2023-11-17 17:10:13,510 [INFO] Activator:177 - !SESSION log4j initialized
2023-11-17 17:10:20,887 [INFO] LogOutputStream:77 - [STDOUT_REDIRECT] 
2023-11-17 17:10:28,110 [INFO] ApplicationProperties:184 - Using Application install path: C:\ST\STM32CubeIDE_1.13.1\STM32CubeIDE\plugins\com.st.stm32cube.common.mx_6.9.1.202307191849
2023-11-17 17:10:28,134 [INFO] DbMcusXml:78 - Set database path to: C:\ST\STM32CubeIDE_1.13.1\STM32CubeIDE\plugins\com.st.stm32cube.common.mx_6.9.1.202307191849\\db\/mcu/
2023-11-17 17:10:28,135 [INFO] ApiDb:274 - Set plugin database path to: C:\ST\STM32CubeIDE_1.13.1\STM32CubeIDE\plugins\com.st.stm32cube.common.mx_6.9.1.202307191849\\db\/plugins/boardmanager/
2023-11-17 17:10:28,135 [WARN] ApiDb:259 - Overriding images path with different value:  => C:\ST\STM32CubeIDE_1.13.1\STM32CubeIDE\plugins\com.st.stm32cube.common.mx_6.9.1.202307191849\\db\/plugins/mcufinder/images/
2023-11-17 17:10:28,151 [INFO] ApiDb:250 - Set database path to: C:\Users\popo\.stmcufinder\plugins\mcufinder//mcu/
2023-11-17 17:10:28,152 [INFO] DbMcusAds:125 - Set database path to: C:\Users\popo\.stmcufinder\plugins\mcufinder//mcu/
2023-11-17 17:10:28,155 [INFO] CrossReferenceDbSqlite:203 - Set database path to: C:\Users\popo\.stmcufinder\plugins\mcufinder//mcu/cs/
2023-11-17 17:10:28,294 [INFO] RulesReader:64 - Compatibility file has been processed (293 Rules)
2023-11-17 17:10:28,433 [INFO] DbMcusXml:78 - Set database path to: C:\ST\STM32CubeIDE_1.13.1\STM32CubeIDE\plugins\com.st.stm32cube.common.mx_6.9.1.202307191849\\db\/mcu/
2023-11-17 17:10:28,433 [INFO] ApiDb:274 - Set plugin database path to: C:\ST\STM32CubeIDE_1.13.1\STM32CubeIDE\plugins\com.st.stm32cube.common.mx_6.9.1.202307191849\\db\/plugins/boardmanager/
2023-11-17 17:10:28,433 [INFO] ApiDb:261 - Set plugin images path to: C:\ST\STM32CubeIDE_1.13.1\STM32CubeIDE\plugins\com.st.stm32cube.common.mx_6.9.1.202307191849\\db\/plugins/mcufinder/images/
2023-11-17 17:10:28,434 [WARN] DbFile:41 - Overriding database path with different value: C:\Users\popo\.stmcufinder\plugins\mcufinder/ => C:\Users\popo\.stmcufinder\plugins\mcufinder
2023-11-17 17:10:28,434 [INFO] ApiDb:250 - Set database path to: C:\Users\popo\.stmcufinder\plugins\mcufinder//mcu/
2023-11-17 17:10:28,434 [WARN] DbFile:41 - Overriding database path with different value: C:\Users\popo\.stmcufinder\plugins\mcufinder/ => C:\Users\popo\.stmcufinder\plugins\mcufinder
2023-11-17 17:10:28,434 [INFO] DbMcusAds:125 - Set database path to: C:\Users\popo\.stmcufinder\plugins\mcufinder//mcu/
2023-11-17 17:10:28,434 [WARN] DbFile:41 - Overriding database path with different value: C:\Users\popo\.stmcufinder\plugins\mcufinder/ => C:\Users\popo\.stmcufinder\plugins\mcufinder
2023-11-17 17:10:28,434 [WARN] DbFile:41 - Overriding database path with different value: C:\Users\popo\.stmcufinder\plugins\mcufinder/ => C:\Users\popo\.stmcufinder\plugins\mcufinder
2023-11-17 17:10:28,434 [INFO] CrossReferenceDbSqlite:203 - Set database path to: C:\Users\popo\.stmcufinder\plugins\mcufinder//mcu/cs/
2023-11-17 17:10:28,527 [INFO] MainPanel:262 - HeapMemory: 268435456
2023-11-17 17:10:28,647 [INFO] DbMcusXml:78 - Set database path to: C:\ST\STM32CubeIDE_1.13.1\STM32CubeIDE\plugins\com.st.stm32cube.common.mx_6.9.1.202307191849\\db\/mcu/
2023-11-17 17:10:28,647 [INFO] ApiDb:274 - Set plugin database path to: C:\ST\STM32CubeIDE_1.13.1\STM32CubeIDE\plugins\com.st.stm32cube.common.mx_6.9.1.202307191849\\db\/plugins/boardmanager/
2023-11-17 17:10:28,647 [INFO] ApiDb:261 - Set plugin images path to: C:\ST\STM32CubeIDE_1.13.1\STM32CubeIDE\plugins\com.st.stm32cube.common.mx_6.9.1.202307191849\\db\/plugins/mcufinder/images/
2023-11-17 17:10:28,647 [WARN] DbFile:41 - Overriding database path with different value: C:\Users\popo\.stmcufinder\plugins\mcufinder/ => C:\Users\popo\.stmcufinder\plugins\mcufinder
2023-11-17 17:10:28,648 [INFO] ApiDb:250 - Set database path to: C:\Users\popo\.stmcufinder\plugins\mcufinder//mcu/
2023-11-17 17:10:28,648 [WARN] DbFile:41 - Overriding database path with different value: C:\Users\popo\.stmcufinder\plugins\mcufinder/ => C:\Users\popo\.stmcufinder\plugins\mcufinder
2023-11-17 17:10:28,648 [INFO] DbMcusAds:125 - Set database path to: C:\Users\popo\.stmcufinder\plugins\mcufinder//mcu/
2023-11-17 17:10:28,648 [WARN] DbFile:41 - Overriding database path with different value: C:\Users\popo\.stmcufinder\plugins\mcufinder/ => C:\Users\popo\.stmcufinder\plugins\mcufinder
2023-11-17 17:10:28,648 [WARN] DbFile:41 - Overriding database path with different value: C:\Users\popo\.stmcufinder\plugins\mcufinder/ => C:\Users\popo\.stmcufinder\plugins\mcufinder
2023-11-17 17:10:28,648 [INFO] CrossReferenceDbSqlite:203 - Set database path to: C:\Users\popo\.stmcufinder\plugins\mcufinder//mcu/cs/
2023-11-17 17:10:28,670 [INFO] ApplicationProperties:184 - Using Application install path: C:\ST\STM32CubeIDE_1.13.1\STM32CubeIDE\plugins\com.st.stm32cube.common.mx_6.9.1.202307191849
2023-11-17 17:10:28,672 [INFO] PluginManage:196 - Search for loadable plugins [exclusion list=, ]
2023-11-17 17:10:28,674 [INFO] PluginManage:310 - Check plugin analytics
2023-11-17 17:10:33,410 [INFO] AnalyticsPlugin:253 - Accepted Software Licenses: STM32CubeMX.6.8.1
2023-11-17 17:10:33,410 [INFO] AnalyticsPlugin:255 - Accepted CMSIS Pack Licenses: 
2023-11-17 17:10:33,411 [INFO] AnalyticsPlugin:257 - Accepted Firmware Licenses: FW.F4.1.27.0
2023-11-17 17:10:33,414 [INFO] PluginManage:359 - Loaded plugin analytics (category:tool,tabindex:-1)
2023-11-17 17:10:33,414 [INFO] PluginManage:310 - Check plugin cadmodel
2023-11-17 17:10:33,425 [INFO] CADModel:105 - Init CAD model plugin
2023-11-17 17:10:33,425 [INFO] PluginManage:359 - Loaded plugin cadmodel (category:power,tabindex:5)
2023-11-17 17:10:33,426 [INFO] PluginManage:310 - Check plugin clock
2023-11-17 17:10:33,443 [INFO] PluginManage:359 - Loaded plugin clock (category:base,tabindex:2)
2023-11-17 17:10:33,444 [INFO] PluginManage:310 - Check plugin ddr
2023-11-17 17:10:33,447 [INFO] PluginManage:359 - Loaded plugin ddr (category:tool,tabindex:6)
2023-11-17 17:10:33,447 [INFO] PluginManage:310 - Check plugin filemanager
2023-11-17 17:10:33,621 [INFO] PluginManage:359 - Loaded plugin filemanager (category:base,tabindex:10)
2023-11-17 17:10:33,621 [INFO] PluginManage:310 - Check plugin ipmanager
2023-11-17 17:10:33,630 [INFO] PluginManage:359 - Loaded plugin ipmanager (category:base,tabindex:5)
2023-11-17 17:10:33,630 [INFO] PluginManage:310 - Check plugin lpbam
2023-11-17 17:10:33,642 [INFO] PluginManage:359 - Loaded plugin lpbam (category:base,tabindex:0)
2023-11-17 17:10:33,642 [INFO] PluginManage:310 - Check plugin memorymap
2023-11-17 17:10:33,698 [INFO] PluginManage:359 - Loaded plugin memorymap (category:base,tabindex:4)
2023-11-17 17:10:33,698 [INFO] PluginManage:310 - Check plugin pinoutandconfiguration
2023-11-17 17:10:33,710 [INFO] PluginManage:359 - Loaded plugin pinoutandconfiguration (category:base,tabindex:1)
2023-11-17 17:10:33,711 [INFO] PluginManage:310 - Check plugin pinoutconfig
2023-11-17 17:10:33,820 [WARN] SupportedApi:132 - Cannot load RTOS API schema: s4s-elt-must-match.1: The content of 'definitions' must match (annotation?, (simpleType | complexType)?, (unique | key | keyref)*)). A problem was found starting at: attribute.
2023-11-17 17:10:34,005 [INFO] PluginManage:359 - Loaded plugin pinoutconfig (category:base,tabindex:0)
2023-11-17 17:10:34,005 [INFO] PluginManage:310 - Check plugin power
2023-11-17 17:10:34,025 [INFO] PluginManage:359 - Loaded plugin power (category:power,tabindex:4)
2023-11-17 17:10:34,025 [INFO] PluginManage:310 - Check plugin projectmanager
2023-11-17 17:10:34,044 [INFO] PluginManage:359 - Loaded plugin projectmanager (category:projectmanager,tabindex:3)
2023-11-17 17:10:34,045 [INFO] PluginManage:310 - Check plugin thirdparty
2023-11-17 17:10:34,229 [INFO] PluginManage:359 - Loaded plugin thirdparty (category:base,tabindex:-1)
2023-11-17 17:10:34,229 [INFO] PluginManage:310 - Check plugin tools
2023-11-17 17:10:34,230 [WARN] IntegrityCheckThread:84 - waiting for thirdparty lock release [integrity check]
2023-11-17 17:10:34,232 [INFO] IntegrityCheckThread:86 - entering critical section [integrity check]
2023-11-17 17:10:34,233 [INFO] ThirdPartyUpdaterWithRetryManager:70 - Updater plugin not ready yet. [1/15]
2023-11-17 17:10:34,237 [INFO] PluginManage:359 - Loaded plugin tools (category:base,tabindex:7)
2023-11-17 17:10:34,237 [INFO] PluginManage:310 - Check plugin tutovideos
2023-11-17 17:10:34,461 [INFO] PluginManage:359 - Loaded plugin tutovideos (category:base,tabindex:-1)
2023-11-17 17:10:34,462 [INFO] PluginManage:310 - Check plugin updater
2023-11-17 17:10:34,476 [INFO] PluginManage:359 - Loaded plugin updater (category:base,tabindex:12)
2023-11-17 17:10:34,476 [INFO] PluginManage:310 - Check plugin userauth
2023-11-17 17:10:34,483 [INFO] UserAuth:113 - Init User Auth plugin
2023-11-17 17:10:34,483 [INFO] PluginManage:359 - Loaded plugin userauth (category:base,tabindex:14)
2023-11-17 17:10:34,483 [INFO] PluginManage:283 - PluginManage : Loaded plugins [17]
2023-11-17 17:10:34,777 [INFO] PinOutPanel:1499 - setPackage(No Configuration,No Configuration)
2023-11-17 17:10:34,907 [INFO] CADModel:165 - CPN selected for project level
2023-11-17 17:10:34,908 [INFO] CADModel:114 - Register for checkConnection events
2023-11-17 17:10:34,929 [INFO] IPUIPlugin:80 - create IPUIPlugin
2023-11-17 17:10:34,929 [INFO] PluginManager:220 - loadIPPluginJar : add adc
2023-11-17 17:10:34,934 [INFO] IPUIPlugin:80 - create IPUIPlugin
2023-11-17 17:10:34,934 [INFO] PluginManager:220 - loadIPPluginJar : add aes
2023-11-17 17:10:34,938 [INFO] IPUIPlugin:80 - create IPUIPlugin
2023-11-17 17:10:34,938 [INFO] PluginManager:220 - loadIPPluginJar : add can
2023-11-17 17:10:34,942 [INFO] IPUIPlugin:80 - create IPUIPlugin
2023-11-17 17:10:34,942 [INFO] PluginManager:220 - loadIPPluginJar : add comp
2023-11-17 17:10:34,946 [INFO] IPUIPlugin:80 - create IPUIPlugin
2023-11-17 17:10:34,946 [INFO] PluginManager:220 - loadIPPluginJar : add cryp
2023-11-17 17:10:34,952 [INFO] IPUIPlugin:80 - create IPUIPlugin
2023-11-17 17:10:34,952 [INFO] PluginManager:220 - loadIPPluginJar : add dfsdm
2023-11-17 17:10:34,961 [INFO] IPUIPlugin:80 - create IPUIPlugin
2023-11-17 17:10:34,962 [INFO] PluginManager:220 - loadIPPluginJar : add dma
2023-11-17 17:10:34,967 [INFO] IPUIPlugin:80 - create IPUIPlugin
2023-11-17 17:10:34,967 [INFO] PluginManager:220 - loadIPPluginJar : add dma3
2023-11-17 17:10:34,971 [INFO] IPUIPlugin:80 - create IPUIPlugin
2023-11-17 17:10:34,971 [INFO] PluginManager:220 - loadIPPluginJar : add fatfs
2023-11-17 17:10:34,977 [INFO] IPUIPlugin:80 - create IPUIPlugin
2023-11-17 17:10:34,978 [INFO] PluginManager:220 - loadIPPluginJar : add fmc
2023-11-17 17:10:34,988 [INFO] IPUIPlugin:80 - create IPUIPlugin
2023-11-17 17:10:34,988 [INFO] PluginManager:220 - loadIPPluginJar : add freertos
2023-11-17 17:10:34,991 [INFO] IPUIPlugin:80 - create IPUIPlugin
2023-11-17 17:10:34,992 [INFO] PluginManager:220 - loadIPPluginJar : add genericplugin
2023-11-17 17:10:34,996 [INFO] IPUIPlugin:80 - create IPUIPlugin
2023-11-17 17:10:34,996 [INFO] PluginManager:220 - loadIPPluginJar : add gfxmmu
2023-11-17 17:10:35,003 [INFO] IPUIPlugin:80 - create IPUIPlugin
2023-11-17 17:10:35,004 [INFO] PluginManager:220 - loadIPPluginJar : add gic
2023-11-17 17:10:35,010 [INFO] IPUIPlugin:80 - create IPUIPlugin
2023-11-17 17:10:35,010 [INFO] PluginManager:220 - loadIPPluginJar : add gpio
2023-11-17 17:10:35,015 [INFO] IPUIPlugin:80 - create IPUIPlugin
2023-11-17 17:10:35,015 [INFO] PluginManager:220 - loadIPPluginJar : add gtzc
2023-11-17 17:10:35,020 [INFO] IPUIPlugin:80 - create IPUIPlugin
2023-11-17 17:10:35,020 [INFO] PluginManager:220 - loadIPPluginJar : add hash
2023-11-17 17:10:35,025 [INFO] IPUIPlugin:80 - create IPUIPlugin
2023-11-17 17:10:35,025 [INFO] PluginManager:220 - loadIPPluginJar : add i2c
2023-11-17 17:10:35,031 [INFO] IPUIPlugin:80 - create IPUIPlugin
2023-11-17 17:10:35,031 [INFO] PluginManager:220 - loadIPPluginJar : add i2s
2023-11-17 17:10:35,036 [INFO] IPUIPlugin:80 - create IPUIPlugin
2023-11-17 17:10:35,036 [INFO] PluginManager:220 - loadIPPluginJar : add i3c
2023-11-17 17:10:35,041 [INFO] IPUIPlugin:80 - create IPUIPlugin
2023-11-17 17:10:35,041 [INFO] PluginManager:220 - loadIPPluginJar : add ipddr
2023-11-17 17:10:35,050 [INFO] IPUIPlugin:80 - create IPUIPlugin
2023-11-17 17:10:35,051 [INFO] PluginManager:220 - loadIPPluginJar : add linkedlist
2023-11-17 17:10:35,056 [INFO] IPUIPlugin:80 - create IPUIPlugin
2023-11-17 17:10:35,056 [INFO] PluginManager:220 - loadIPPluginJar : add lorawan
2023-11-17 17:10:35,059 [INFO] IPUIPlugin:80 - create IPUIPlugin
2023-11-17 17:10:35,059 [INFO] PluginManager:220 - loadIPPluginJar : add ltdc
2023-11-17 17:10:35,067 [INFO] IPUIPlugin:80 - create IPUIPlugin
2023-11-17 17:10:35,068 [INFO] PluginManager:220 - loadIPPluginJar : add mdma
2023-11-17 17:10:35,074 [INFO] IPUIPlugin:80 - create IPUIPlugin
2023-11-17 17:10:35,074 [INFO] PluginManager:220 - loadIPPluginJar : add nvic
2023-11-17 17:10:35,079 [INFO] IPUIPlugin:80 - create IPUIPlugin
2023-11-17 17:10:35,079 [INFO] PluginManager:220 - loadIPPluginJar : add opamp
2023-11-17 17:10:35,085 [INFO] IPUIPlugin:80 - create IPUIPlugin
2023-11-17 17:10:35,085 [INFO] PluginManager:220 - loadIPPluginJar : add openamp
2023-11-17 17:10:35,091 [INFO] IPUIPlugin:80 - create IPUIPlugin
2023-11-17 17:10:35,091 [INFO] PluginManager:220 - loadIPPluginJar : add pdm2pcm
2023-11-17 17:10:35,100 [INFO] IPUIPlugin:80 - create IPUIPlugin
2023-11-17 17:10:35,103 [INFO] PluginManager:220 - loadIPPluginJar : add plateformsettings
2023-11-17 17:10:35,106 [INFO] IPUIPlugin:80 - create IPUIPlugin
2023-11-17 17:10:35,106 [INFO] PluginManager:220 - loadIPPluginJar : add quadspi
2023-11-17 17:10:35,114 [INFO] IPUIPlugin:80 - create IPUIPlugin
2023-11-17 17:10:35,115 [INFO] PluginManager:220 - loadIPPluginJar : add resmgrutility
2023-11-17 17:10:35,120 [INFO] IPUIPlugin:80 - create IPUIPlugin
2023-11-17 17:10:35,120 [INFO] PluginManager:220 - loadIPPluginJar : add sai
2023-11-17 17:10:35,125 [INFO] IPUIPlugin:80 - create IPUIPlugin
2023-11-17 17:10:35,125 [INFO] PluginManager:220 - loadIPPluginJar : add spi
2023-11-17 17:10:35,132 [INFO] IPUIPlugin:80 - create IPUIPlugin
2023-11-17 17:10:35,132 [INFO] PluginManager:220 - loadIPPluginJar : add stm32_wpan
2023-11-17 17:10:35,135 [INFO] IPUIPlugin:80 - create IPUIPlugin
2023-11-17 17:10:35,136 [INFO] PluginManager:220 - loadIPPluginJar : add tim
2023-11-17 17:10:35,141 [INFO] IPUIPlugin:80 - create IPUIPlugin
2023-11-17 17:10:35,141 [INFO] PluginManager:220 - loadIPPluginJar : add touchsensing
2023-11-17 17:10:35,145 [INFO] IPUIPlugin:80 - create IPUIPlugin
2023-11-17 17:10:35,145 [INFO] PluginManager:220 - loadIPPluginJar : add tracer_emb
2023-11-17 17:10:35,149 [INFO] IPUIPlugin:80 - create IPUIPlugin
2023-11-17 17:10:35,149 [INFO] PluginManager:220 - loadIPPluginJar : add ts
2023-11-17 17:10:35,152 [INFO] IPUIPlugin:80 - create IPUIPlugin
2023-11-17 17:10:35,152 [INFO] PluginManager:220 - loadIPPluginJar : add tsc
2023-11-17 17:10:35,156 [INFO] IPUIPlugin:80 - create IPUIPlugin
2023-11-17 17:10:35,156 [INFO] PluginManager:220 - loadIPPluginJar : add ucpd
2023-11-17 17:10:35,161 [INFO] IPUIPlugin:80 - create IPUIPlugin
2023-11-17 17:10:35,161 [INFO] PluginManager:220 - loadIPPluginJar : add usart
2023-11-17 17:10:35,166 [INFO] IPUIPlugin:80 - create IPUIPlugin
2023-11-17 17:10:35,166 [INFO] PluginManager:220 - loadIPPluginJar : add usbx
2023-11-17 17:10:35,299 [INFO] CADModel:165 - CPN selected for project level
2023-11-17 17:10:35,299 [INFO] CADModel:114 - Register for checkConnection events
2023-11-17 17:10:35,299 [FATAL] Updater:308 - Updater called before beeing initialized
2023-11-17 17:10:35,299 [ERROR] CADModel:125 - Updater not yet initialized, retry later 
2023-11-17 17:10:35,477 [INFO] CADModel:165 - CPN selected for project level
2023-11-17 17:10:35,477 [INFO] CADModel:114 - Register for checkConnection events
2023-11-17 17:10:35,477 [FATAL] Updater:308 - Updater called before beeing initialized
2023-11-17 17:10:35,477 [ERROR] CADModel:125 - Updater not yet initialized, retry later 
2023-11-17 17:10:35,481 [FATAL] Updater:308 - Updater called before beeing initialized
2023-11-17 17:10:35,629 [FATAL] Updater:308 - Updater called before beeing initialized
2023-11-17 17:10:35,636 [INFO] DbMcusAds:53 - JSON generation date=Tue Mar 07 17:50:55 KST 2023 (1678179055114)
2023-11-17 17:10:35,636 [FATAL] Updater:308 - Updater called before beeing initialized
2023-11-17 17:10:35,711 [WARN] DetailPanel:346 - Failed to get advertising image, set to default
2023-11-17 17:10:35,831 [FATAL] Updater:308 - Updater called before beeing initialized
2023-11-17 17:10:35,833 [FATAL] Updater:308 - Updater called before beeing initialized
2023-11-17 17:10:35,833 [FATAL] Updater:308 - Updater called before beeing initialized
2023-11-17 17:10:35,833 [WARN] DetailPanel:346 - Failed to get advertising image, set to default
2023-11-17 17:10:35,834 [FATAL] Updater:308 - Updater called before beeing initialized
2023-11-17 17:10:35,893 [ERROR] Updater:1120 - MainUpdater not yet initialized. External WinMGr cannot be set.
2023-11-17 17:10:35,898 [INFO] Updater:1056 - Updater Version found : 6.9.1
2023-11-17 17:10:35,925 [INFO] ApplicationProperties:184 - Using Application install path: C:\ST\STM32CubeIDE_1.13.1\STM32CubeIDE\plugins\com.st.stm32cube.common.mx_6.9.1.202307191849
2023-11-17 17:10:36,238 [INFO] MainUpdater:2868 - connection check result : 10
2023-11-17 17:10:36,239 [INFO] MainUpdater:285 - Updater Check For Update Now.
2023-11-17 17:10:36,239 [INFO] MicroXplorer:498 - Change Database Version : DB.6.0.91
2023-11-17 17:10:36,277 [INFO] McuFinderGlobals:63 - Set McuFinder mode to 2 (CubeIDE integrated)
2023-11-17 17:10:36,278 [INFO] UserAuth:179 - activating auth plugin
2023-11-17 17:10:36,283 [INFO] UserAuth:393 - Internet connection configuration mode: 1
2023-11-17 17:10:36,317 [INFO] JxBrowserEngine:151 - Initiate JxBrowser Engine with user profile folder
2023-11-17 17:10:36,434 [INFO] CheckServerUpdateThread:120 - End of CheckServer Thread
2023-11-17 17:10:37,533 [WARN] PackLoader:240 - Cannot read IP mode file for STMicroelectronics.X-CUBE-SMBUS.2.1.0
2023-11-17 17:10:37,596 [WARN] PackLoader:240 - Cannot read IP mode file for STMicroelectronics.X-CUBE-AZRTOS-F7.1.1.0
2023-11-17 17:10:37,608 [WARN] PackLoader:240 - Cannot read IP mode file for STMicroelectronics.FP-SNS-MOTENV1.4.3.2
2023-11-17 17:10:37,615 [ERROR] RealEvaluatedCondition:428 - Found unsupported composite condition: CLASS='Data Exchange' GROUP='STM32_MetaDataManager'
2023-11-17 17:10:37,615 [ERROR] RealEvaluatedCondition:428 - Found unsupported composite condition: GROUP='STM32_MetaDataManager' CLASS='Data Exchange'
2023-11-17 17:10:37,617 [WARN] PackLoader:240 - Cannot read IP mode file for STMicroelectronics.FP-SNS-MOTENV1.4.3.1
2023-11-17 17:10:37,627 [WARN] PackLoader:240 - Cannot read IP mode file for STMicroelectronics.FP-SNS-FLIGHT1.5.0.1
2023-11-17 17:10:37,636 [WARN] PackLoader:240 - Cannot read IP mode file for STMicroelectronics.X-CUBE-BLE1.6.2.4
2023-11-17 17:10:37,642 [WARN] PackLoader:240 - Cannot read IP mode file for STMicroelectronics.FP-SNS-FLIGHT1.5.0.2
2023-11-17 17:10:37,653 [WARN] PackLoader:240 - Cannot read IP mode file for STMicroelectronics.X-CUBE-DISPLAY.3.0.0
2023-11-17 17:10:37,664 [WARN] PackLoader:240 - Cannot read IP mode file for STMicroelectronics.X-CUBE-BLE1.7.0.0
2023-11-17 17:10:37,673 [WARN] PackLoader:240 - Cannot read IP mode file for STMicroelectronics.X-CUBE-TOUCHGFX.4.22.0
2023-11-17 17:10:37,686 [INFO] LogOutputStream:77 - [STDOUT_REDIRECT] 1 : Invalid condition id : UX_CORESTACK_Condition cause : null
2023-11-17 17:10:37,688 [INFO] LogOutputStream:77 - [STDOUT_REDIRECT] 1 : Invalid condition id : UX_CORESTACK_Condition cause : null
2023-11-17 17:10:37,690 [INFO] LogOutputStream:77 - [STDOUT_REDIRECT] 1 : Invalid condition id : UX_CORESTACK_Condition cause : null
2023-11-17 17:10:37,692 [INFO] LogOutputStream:77 - [STDOUT_REDIRECT] 1 : Invalid condition id : UX_CORESTACK_Condition cause : null
2023-11-17 17:10:37,693 [INFO] LogOutputStream:77 - [STDOUT_REDIRECT] 1 : Invalid condition id : UX_CORESTACK_Condition cause : null
2023-11-17 17:10:37,703 [WARN] PackLoader:240 - Cannot read IP mode file for STMicroelectronics.X-CUBE-AZRTOS-WL.2.0.0
2023-11-17 17:10:37,714 [WARN] PackLoader:240 - Cannot read IP mode file for WES.I-CUBE-Cesium.1.3.0
2023-11-17 17:10:37,722 [WARN] PackLoader:240 - Cannot read IP mode file for STMicroelectronics.X-CUBE-BLE2.3.3.0
2023-11-17 17:10:37,727 [WARN] PackLoader:240 - Cannot read IP mode file for STMicroelectronics.X-CUBE-TOUCHGFX.4.21.4
2023-11-17 17:10:37,735 [WARN] PackLoader:240 - Cannot read IP mode file for STMicroelectronics.X-CUBE-ALGOBUILD.1.3.0
2023-11-17 17:10:37,756 [WARN] PackLoader:240 - Cannot read IP mode file for STMicroelectronics.X-CUBE-AZRTOS-G0.1.1.0
2023-11-17 17:10:37,764 [WARN] PackLoader:240 - Cannot read IP mode file for STMicroelectronics.X-CUBE-NFC4.3.0.0
2023-11-17 17:10:37,772 [WARN] PackLoader:240 - Cannot read IP mode file for STMicroelectronics.FP-ATR-SIGFOX1.3.2.0
2023-11-17 17:10:37,807 [WARN] PackLoader:240 - Cannot read IP mode file for SEGGER.I-CUBE-embOS.1.3.1
2023-11-17 17:10:37,878 [WARN] PackLoader:240 - Cannot read IP mode file for STMicroelectronics.X-CUBE-GNSS1.6.0.0
2023-11-17 17:10:37,896 [WARN] PackLoader:240 - Cannot read IP mode file for STMicroelectronics.X-CUBE-AZRTOS-F4.1.1.0
2023-11-17 17:10:37,905 [WARN] PackLoader:240 - Cannot read IP mode file for wolfSSL.I-CUBE-wolfSSL.5.6.0
2023-11-17 17:10:37,923 [WARN] PackLoader:240 - Cannot read IP mode file for STMicroelectronics.X-CUBE-AZRTOS-L5.2.0.0
2023-11-17 17:10:37,979 [WARN] PackLoader:240 - Cannot read IP mode file for STMicroelectronics.X-CUBE-MEMS1.9.6.0
2023-11-17 17:10:38,179 [WARN] PackLoader:240 - Cannot read IP mode file for ITTIA_DB.I-CUBE-ITTIADB.8.8.0
2023-11-17 17:10:38,190 [WARN] PackLoader:240 - Cannot read IP mode file for emotas.I-CUBE-CANOPEN.1.1.3
2023-11-17 17:10:38,210 [WARN] PackLoader:240 - Cannot read IP mode file for STMicroelectronics.X-CUBE-BLEMGR.2.0.0
2023-11-17 17:10:38,229 [WARN] ConditionMgr:438 - getConditionDescription Invalid condition id : UX DEVICE CLASS RTOS Condition cause : null
2023-11-17 17:10:38,229 [WARN] ConditionMgr:438 - getConditionDescription Invalid condition id : UX DEVICE CLASS RTOS Condition cause : null
2023-11-17 17:10:38,232 [WARN] PackLoader:240 - Cannot read IP mode file for STMicroelectronics.X-CUBE-AZRTOS-H7.3.1.0
2023-11-17 17:10:38,233 [WARN] ConditionMgr:1039 - genDependencies : Invalid condition id : UX DEVICE CLASS RTOS Condition cause : null
2023-11-17 17:10:38,234 [WARN] ConditionMgr:1039 - genDependencies : Invalid condition id : UX DEVICE CLASS RTOS Condition cause : null
2023-11-17 17:10:38,234 [WARN] ConditionMgr:1039 - genDependencies : Invalid condition id : UX DEVICE CLASS RTOS Condition cause : null
2023-11-17 17:10:38,235 [WARN] ConditionMgr:1039 - genDependencies : Invalid condition id : UX DEVICE CLASS RTOS Condition cause : null
2023-11-17 17:10:38,235 [WARN] ConditionMgr:1039 - genDependencies : Invalid condition id : UX DEVICE CLASS RTOS Condition cause : null
2023-11-17 17:10:38,243 [WARN] PackLoader:240 - Cannot read IP mode file for STMicroelectronics.X-CUBE-NFC7.1.0.1
2023-11-17 17:10:38,249 [WARN] PackLoader:240 - Cannot read IP mode file for STMicroelectronics.X-CUBE-NFC7.1.0.0
2023-11-17 17:10:38,259 [WARN] PackLoader:240 - Cannot read IP mode file for STMicroelectronics.X-CUBE-NFC6.3.0.0
2023-11-17 17:10:38,267 [WARN] PackLoader:240 - Cannot read IP mode file for STMicroelectronics.X-CUBE-EEPRMA1.4.1.0
2023-11-17 17:10:38,274 [WARN] PackLoader:240 - Cannot read IP mode file for STMicroelectronics.X-CUBE-AI.8.1.0
2023-11-17 17:10:38,292 [WARN] ConditionMgr:438 - getConditionDescription Invalid condition id : LAN8742 Phy interface Condition cause : null
2023-11-17 17:10:38,293 [WARN] PackLoader:240 - Cannot read IP mode file for STMicroelectronics.X-CUBE-AZRTOS-L4.2.0.0
2023-11-17 17:10:38,294 [WARN] ConditionMgr:1039 - genDependencies : Invalid condition id : LAN8742 Phy interface Condition cause : null
2023-11-17 17:10:38,295 [WARN] ConditionMgr:1039 - genDependencies : Invalid condition id : LAN8742 Phy interface Condition cause : null
2023-11-17 17:10:38,295 [WARN] ConditionMgr:1039 - genDependencies : Invalid condition id : LAN8742 Phy interface Condition cause : null
2023-11-17 17:10:38,312 [WARN] PackLoader:240 - Cannot read IP mode file for STMicroelectronics.X-CUBE-SFXS2LP1.4.0.0
2023-11-17 17:10:38,319 [WARN] PackLoader:240 - Cannot read IP mode file for STMicroelectronics.X-CUBE-ISPU.1.1.0
2023-11-17 17:10:38,340 [WARN] ConditionMgr:438 - getConditionDescription Invalid condition id : UX DEVICE CLASS RTOS Condition cause : null
2023-11-17 17:10:38,340 [WARN] ConditionMgr:438 - getConditionDescription Invalid condition id : UX DEVICE CLASS RTOS Condition cause : null
2023-11-17 17:10:38,342 [WARN] PackLoader:240 - Cannot read IP mode file for STMicroelectronics.X-CUBE-AZRTOS-WB.2.0.0
2023-11-17 17:10:38,343 [WARN] ConditionMgr:1039 - genDependencies : Invalid condition id : UX DEVICE CLASS RTOS Condition cause : null
2023-11-17 17:10:38,343 [WARN] ConditionMgr:1039 - genDependencies : Invalid condition id : UX DEVICE CLASS RTOS Condition cause : null
2023-11-17 17:10:38,343 [WARN] ConditionMgr:1039 - genDependencies : Invalid condition id : UX DEVICE CLASS RTOS Condition cause : null
2023-11-17 17:10:38,344 [WARN] ConditionMgr:1039 - genDependencies : Invalid condition id : UX DEVICE CLASS RTOS Condition cause : null
2023-11-17 17:10:38,344 [WARN] ConditionMgr:1039 - genDependencies : Invalid condition id : UX DEVICE CLASS RTOS Condition cause : null
2023-11-17 17:10:38,350 [WARN] PackLoader:240 - Cannot read IP mode file for STMicroelectronics.X-CUBE-FREERTOS.1.0.1
2023-11-17 17:10:38,384 [WARN] PackLoader:240 - Cannot read IP mode file for STMicroelectronics.X-CUBE-AZRTOS-L5.1.1.0
2023-11-17 17:10:38,390 [WARN] PackLoader:240 - Cannot read IP mode file for STMicroelectronics.X-CUBE-AI.8.0.1
2023-11-17 17:10:38,401 [WARN] PackLoader:240 - Cannot read IP mode file for STMicroelectronics.X-CUBE-SUBG2.5.0.0
2023-11-17 17:10:38,424 [WARN] PackLoader:240 - Cannot read IP mode file for STMicroelectronics.X-CUBE-TOF1.3.3.1
2023-11-17 17:10:38,472 [WARN] PackLoader:240 - Cannot read IP mode file for STMicroelectronics.X-CUBE-AZRTOS-G4.2.0.0
2023-11-17 17:10:38,483 [WARN] PackLoader:240 - Cannot read IP mode file for STMicroelectronics.X-CUBE-TOF1.3.3.0
2023-11-17 17:10:38,540 [WARN] PackLoader:240 - Cannot read IP mode file for Infineon.AIROC-Wi-Fi-Bluetooth-STM32.1.5.1
2023-11-17 17:10:38,598 [WARN] PackLoader:240 - Cannot read IP mode file for STMicroelectronics.FP-SNS-MOTENVWB1.1.3.0
2023-11-17 17:10:38,604 [WARN] PackLoader:240 - Cannot read IP mode file for STMicroelectronics.X-CUBE-FREERTOS.1.1.0
2023-11-17 17:10:38,617 [WARN] PackLoader:240 - Cannot read IP mode file for STMicroelectronics.X-CUBE-AZRTOS-WL.1.0.0
2023-11-17 17:10:38,625 [WARN] PackLoader:240 - Cannot read IP mode file for portGmbH.I-Cube-SoM-uGOAL.1.1.0
2023-11-17 17:10:38,631 [WARN] PackLoader:240 - Cannot read IP mode file for STMicroelectronics.X-CUBE-ALS.1.0.1
2023-11-17 17:10:38,646 [WARN] PackLoader:240 - Cannot read IP mode file for STMicroelectronics.X-CUBE-AZRTOS-WB.1.1.0
2023-11-17 17:10:38,653 [WARN] PackLoader:240 - Cannot read IP mode file for STMicroelectronics.FP-ATR-ASTRA1.2.0.0
2023-11-17 17:10:38,654 [INFO] ThirdParty:978 - Integrity check success = true
2023-11-17 17:10:38,655 [INFO] IntegrityCheckThread:100 - exiting critical section [integrity check]
2023-11-17 17:10:38,655 [INFO] IntegrityCheckThread:103 - End integrity checks thread
2023-11-17 17:10:40,607 [INFO] WebApp:157 - Instantiating new browser for Auth
2023-11-17 17:10:41,318 [INFO] WebApp:753 - Register for checkConnection events
2023-11-17 17:10:41,318 [INFO] WebApp:390 - Apply proxy settings
2023-11-17 17:10:41,318 [INFO] WebApp:475 - Chromium requires no authentication
2023-11-17 17:10:41,329 [INFO] WebApp:418 - Direct internet connection detected
2023-11-17 17:10:41,551 [INFO] WebApp:188 - Starting web application
2023-11-17 17:10:41,551 [INFO] WebApp:520 - Web application path used C:\ST\STM32CubeIDE_1.13.1\STM32CubeIDE\plugins\com.st.stm32cube.common.mx_6.9.1.202307191849\db\plugins\mcufinder\reactClient1\index.html
2023-11-17 17:11:02,458 [ERROR] LogOutputStream:75 - [STDERR_REDIRECT] SLF4J: Failed to load class "org.slf4j.impl.StaticLoggerBinder".
2023-11-17 17:11:02,459 [ERROR] LogOutputStream:75 - [STDERR_REDIRECT] SLF4J: Defaulting to no-operation (NOP) logger implementation
2023-11-17 17:11:02,461 [ERROR] LogOutputStream:75 - [STDERR_REDIRECT] SLF4J: See http://www.slf4j.org/codes.html#StaticLoggerBinder for further details.
