2023-12-12 09:19:33,741 [INFO] Activator:176 - 


2023-12-12 09:19:33,749 [INFO] Activator:177 - !SESSION log4j initialized
2023-12-12 09:19:39,963 [INFO] LogOutputStream:77 - [STDOUT_REDIRECT] 
2023-12-12 09:19:46,493 [INFO] ApplicationProperties:184 - Using Application install path: C:\ST\STM32CubeIDE_1.13.1\STM32CubeIDE\plugins\com.st.stm32cube.common.mx_6.9.1.202307191849
2023-12-12 09:19:46,515 [INFO] DbMcusXml:78 - Set database path to: C:\ST\STM32CubeIDE_1.13.1\STM32CubeIDE\plugins\com.st.stm32cube.common.mx_6.9.1.202307191849\\db\/mcu/
2023-12-12 09:19:46,516 [INFO] ApiDb:274 - Set plugin database path to: C:\ST\STM32CubeIDE_1.13.1\STM32CubeIDE\plugins\com.st.stm32cube.common.mx_6.9.1.202307191849\\db\/plugins/boardmanager/
2023-12-12 09:19:46,516 [WARN] ApiDb:259 - Overriding images path with different value:  => C:\ST\STM32CubeIDE_1.13.1\STM32CubeIDE\plugins\com.st.stm32cube.common.mx_6.9.1.202307191849\\db\/plugins/mcufinder/images/
2023-12-12 09:19:46,531 [INFO] ApiDb:250 - Set database path to: C:\Users\popo\.stmcufinder\plugins\mcufinder//mcu/
2023-12-12 09:19:46,532 [INFO] DbMcusAds:125 - Set database path to: C:\Users\popo\.stmcufinder\plugins\mcufinder//mcu/
2023-12-12 09:19:46,535 [INFO] CrossReferenceDbSqlite:203 - Set database path to: C:\Users\popo\.stmcufinder\plugins\mcufinder//mcu/cs/
2023-12-12 09:19:46,670 [INFO] RulesReader:64 - Compatibility file has been processed (293 Rules)
2023-12-12 09:19:46,805 [INFO] DbMcusXml:78 - Set database path to: C:\ST\STM32CubeIDE_1.13.1\STM32CubeIDE\plugins\com.st.stm32cube.common.mx_6.9.1.202307191849\\db\/mcu/
2023-12-12 09:19:46,805 [INFO] ApiDb:274 - Set plugin database path to: C:\ST\STM32CubeIDE_1.13.1\STM32CubeIDE\plugins\com.st.stm32cube.common.mx_6.9.1.202307191849\\db\/plugins/boardmanager/
2023-12-12 09:19:46,805 [INFO] ApiDb:261 - Set plugin images path to: C:\ST\STM32CubeIDE_1.13.1\STM32CubeIDE\plugins\com.st.stm32cube.common.mx_6.9.1.202307191849\\db\/plugins/mcufinder/images/
2023-12-12 09:19:46,806 [WARN] DbFile:41 - Overriding database path with different value: C:\Users\popo\.stmcufinder\plugins\mcufinder/ => C:\Users\popo\.stmcufinder\plugins\mcufinder
2023-12-12 09:19:46,806 [INFO] ApiDb:250 - Set database path to: C:\Users\popo\.stmcufinder\plugins\mcufinder//mcu/
2023-12-12 09:19:46,806 [WARN] DbFile:41 - Overriding database path with different value: C:\Users\popo\.stmcufinder\plugins\mcufinder/ => C:\Users\popo\.stmcufinder\plugins\mcufinder
2023-12-12 09:19:46,806 [INFO] DbMcusAds:125 - Set database path to: C:\Users\popo\.stmcufinder\plugins\mcufinder//mcu/
2023-12-12 09:19:46,806 [WARN] DbFile:41 - Overriding database path with different value: C:\Users\popo\.stmcufinder\plugins\mcufinder/ => C:\Users\popo\.stmcufinder\plugins\mcufinder
2023-12-12 09:19:46,806 [WARN] DbFile:41 - Overriding database path with different value: C:\Users\popo\.stmcufinder\plugins\mcufinder/ => C:\Users\popo\.stmcufinder\plugins\mcufinder
2023-12-12 09:19:46,806 [INFO] CrossReferenceDbSqlite:203 - Set database path to: C:\Users\popo\.stmcufinder\plugins\mcufinder//mcu/cs/
2023-12-12 09:19:46,898 [INFO] MainPanel:262 - HeapMemory: 268435456
2023-12-12 09:19:47,018 [INFO] DbMcusXml:78 - Set database path to: C:\ST\STM32CubeIDE_1.13.1\STM32CubeIDE\plugins\com.st.stm32cube.common.mx_6.9.1.202307191849\\db\/mcu/
2023-12-12 09:19:47,019 [INFO] ApiDb:274 - Set plugin database path to: C:\ST\STM32CubeIDE_1.13.1\STM32CubeIDE\plugins\com.st.stm32cube.common.mx_6.9.1.202307191849\\db\/plugins/boardmanager/
2023-12-12 09:19:47,019 [INFO] ApiDb:261 - Set plugin images path to: C:\ST\STM32CubeIDE_1.13.1\STM32CubeIDE\plugins\com.st.stm32cube.common.mx_6.9.1.202307191849\\db\/plugins/mcufinder/images/
2023-12-12 09:19:47,019 [WARN] DbFile:41 - Overriding database path with different value: C:\Users\popo\.stmcufinder\plugins\mcufinder/ => C:\Users\popo\.stmcufinder\plugins\mcufinder
2023-12-12 09:19:47,019 [INFO] ApiDb:250 - Set database path to: C:\Users\popo\.stmcufinder\plugins\mcufinder//mcu/
2023-12-12 09:19:47,020 [WARN] DbFile:41 - Overriding database path with different value: C:\Users\popo\.stmcufinder\plugins\mcufinder/ => C:\Users\popo\.stmcufinder\plugins\mcufinder
2023-12-12 09:19:47,020 [INFO] DbMcusAds:125 - Set database path to: C:\Users\popo\.stmcufinder\plugins\mcufinder//mcu/
2023-12-12 09:19:47,020 [WARN] DbFile:41 - Overriding database path with different value: C:\Users\popo\.stmcufinder\plugins\mcufinder/ => C:\Users\popo\.stmcufinder\plugins\mcufinder
2023-12-12 09:19:47,020 [WARN] DbFile:41 - Overriding database path with different value: C:\Users\popo\.stmcufinder\plugins\mcufinder/ => C:\Users\popo\.stmcufinder\plugins\mcufinder
2023-12-12 09:19:47,020 [INFO] CrossReferenceDbSqlite:203 - Set database path to: C:\Users\popo\.stmcufinder\plugins\mcufinder//mcu/cs/
2023-12-12 09:19:47,043 [INFO] ApplicationProperties:184 - Using Application install path: C:\ST\STM32CubeIDE_1.13.1\STM32CubeIDE\plugins\com.st.stm32cube.common.mx_6.9.1.202307191849
2023-12-12 09:19:47,045 [INFO] PluginManage:196 - Search for loadable plugins [exclusion list=, ]
2023-12-12 09:19:47,047 [INFO] PluginManage:310 - Check plugin analytics
2023-12-12 09:19:51,799 [INFO] AnalyticsPlugin:253 - Accepted Software Licenses: STM32CubeMX.6.8.1
2023-12-12 09:19:51,800 [INFO] AnalyticsPlugin:255 - Accepted CMSIS Pack Licenses: 
2023-12-12 09:19:51,800 [INFO] AnalyticsPlugin:257 - Accepted Firmware Licenses: FW.F4.1.27.0
2023-12-12 09:19:51,803 [INFO] PluginManage:359 - Loaded plugin analytics (category:tool,tabindex:-1)
2023-12-12 09:19:51,804 [INFO] PluginManage:310 - Check plugin cadmodel
2023-12-12 09:19:51,814 [INFO] CADModel:105 - Init CAD model plugin
2023-12-12 09:19:51,814 [INFO] PluginManage:359 - Loaded plugin cadmodel (category:power,tabindex:5)
2023-12-12 09:19:51,814 [INFO] PluginManage:310 - Check plugin clock
2023-12-12 09:19:51,828 [INFO] PluginManage:359 - Loaded plugin clock (category:base,tabindex:2)
2023-12-12 09:19:51,828 [INFO] PluginManage:310 - Check plugin ddr
2023-12-12 09:19:51,831 [INFO] PluginManage:359 - Loaded plugin ddr (category:tool,tabindex:6)
2023-12-12 09:19:51,831 [INFO] PluginManage:310 - Check plugin filemanager
2023-12-12 09:19:52,002 [INFO] PluginManage:359 - Loaded plugin filemanager (category:base,tabindex:10)
2023-12-12 09:19:52,002 [INFO] PluginManage:310 - Check plugin ipmanager
2023-12-12 09:19:52,012 [INFO] PluginManage:359 - Loaded plugin ipmanager (category:base,tabindex:5)
2023-12-12 09:19:52,012 [INFO] PluginManage:310 - Check plugin lpbam
2023-12-12 09:19:52,023 [INFO] PluginManage:359 - Loaded plugin lpbam (category:base,tabindex:0)
2023-12-12 09:19:52,023 [INFO] PluginManage:310 - Check plugin memorymap
2023-12-12 09:19:52,045 [INFO] PluginManage:359 - Loaded plugin memorymap (category:base,tabindex:4)
2023-12-12 09:19:52,045 [INFO] PluginManage:310 - Check plugin pinoutandconfiguration
2023-12-12 09:19:52,055 [INFO] PluginManage:359 - Loaded plugin pinoutandconfiguration (category:base,tabindex:1)
2023-12-12 09:19:52,056 [INFO] PluginManage:310 - Check plugin pinoutconfig
2023-12-12 09:19:52,166 [WARN] SupportedApi:132 - Cannot load RTOS API schema: s4s-elt-must-match.1: The content of 'definitions' must match (annotation?, (simpleType | complexType)?, (unique | key | keyref)*)). A problem was found starting at: attribute.
2023-12-12 09:19:52,338 [INFO] PluginManage:359 - Loaded plugin pinoutconfig (category:base,tabindex:0)
2023-12-12 09:19:52,338 [INFO] PluginManage:310 - Check plugin power
2023-12-12 09:19:52,353 [INFO] PluginManage:359 - Loaded plugin power (category:power,tabindex:4)
2023-12-12 09:19:52,354 [INFO] PluginManage:310 - Check plugin projectmanager
2023-12-12 09:19:52,370 [INFO] PluginManage:359 - Loaded plugin projectmanager (category:projectmanager,tabindex:3)
2023-12-12 09:19:52,371 [INFO] PluginManage:310 - Check plugin thirdparty
2023-12-12 09:19:52,540 [INFO] PluginManage:359 - Loaded plugin thirdparty (category:base,tabindex:-1)
2023-12-12 09:19:52,540 [INFO] PluginManage:310 - Check plugin tools
2023-12-12 09:19:52,541 [WARN] IntegrityCheckThread:84 - waiting for thirdparty lock release [integrity check]
2023-12-12 09:19:52,542 [INFO] IntegrityCheckThread:86 - entering critical section [integrity check]
2023-12-12 09:19:52,546 [INFO] ThirdPartyUpdaterWithRetryManager:70 - Updater plugin not ready yet. [1/15]
2023-12-12 09:19:52,547 [INFO] PluginManage:359 - Loaded plugin tools (category:base,tabindex:7)
2023-12-12 09:19:52,547 [INFO] PluginManage:310 - Check plugin tutovideos
2023-12-12 09:19:52,840 [INFO] PluginManage:359 - Loaded plugin tutovideos (category:base,tabindex:-1)
2023-12-12 09:19:52,840 [INFO] PluginManage:310 - Check plugin updater
2023-12-12 09:19:52,857 [INFO] PluginManage:359 - Loaded plugin updater (category:base,tabindex:12)
2023-12-12 09:19:52,857 [INFO] PluginManage:310 - Check plugin userauth
2023-12-12 09:19:52,864 [INFO] UserAuth:113 - Init User Auth plugin
2023-12-12 09:19:52,864 [INFO] PluginManage:359 - Loaded plugin userauth (category:base,tabindex:14)
2023-12-12 09:19:52,864 [INFO] PluginManage:283 - PluginManage : Loaded plugins [17]
2023-12-12 09:19:53,122 [INFO] PinOutPanel:1499 - setPackage(No Configuration,No Configuration)
2023-12-12 09:19:53,247 [INFO] CADModel:165 - CPN selected for project level
2023-12-12 09:19:53,247 [INFO] CADModel:114 - Register for checkConnection events
2023-12-12 09:19:53,270 [INFO] IPUIPlugin:80 - create IPUIPlugin
2023-12-12 09:19:53,270 [INFO] PluginManager:220 - loadIPPluginJar : add adc
2023-12-12 09:19:53,274 [INFO] IPUIPlugin:80 - create IPUIPlugin
2023-12-12 09:19:53,275 [INFO] PluginManager:220 - loadIPPluginJar : add aes
2023-12-12 09:19:53,279 [INFO] IPUIPlugin:80 - create IPUIPlugin
2023-12-12 09:19:53,279 [INFO] PluginManager:220 - loadIPPluginJar : add can
2023-12-12 09:19:53,282 [INFO] IPUIPlugin:80 - create IPUIPlugin
2023-12-12 09:19:53,282 [INFO] PluginManager:220 - loadIPPluginJar : add comp
2023-12-12 09:19:53,286 [INFO] IPUIPlugin:80 - create IPUIPlugin
2023-12-12 09:19:53,286 [INFO] PluginManager:220 - loadIPPluginJar : add cryp
2023-12-12 09:19:53,290 [INFO] IPUIPlugin:80 - create IPUIPlugin
2023-12-12 09:19:53,291 [INFO] PluginManager:220 - loadIPPluginJar : add dfsdm
2023-12-12 09:19:53,298 [INFO] IPUIPlugin:80 - create IPUIPlugin
2023-12-12 09:19:53,299 [INFO] PluginManager:220 - loadIPPluginJar : add dma
2023-12-12 09:19:53,303 [INFO] IPUIPlugin:80 - create IPUIPlugin
2023-12-12 09:19:53,303 [INFO] PluginManager:220 - loadIPPluginJar : add dma3
2023-12-12 09:19:53,306 [INFO] IPUIPlugin:80 - create IPUIPlugin
2023-12-12 09:19:53,306 [INFO] PluginManager:220 - loadIPPluginJar : add fatfs
2023-12-12 09:19:53,312 [INFO] IPUIPlugin:80 - create IPUIPlugin
2023-12-12 09:19:53,312 [INFO] PluginManager:220 - loadIPPluginJar : add fmc
2023-12-12 09:19:53,319 [INFO] IPUIPlugin:80 - create IPUIPlugin
2023-12-12 09:19:53,320 [INFO] PluginManager:220 - loadIPPluginJar : add freertos
2023-12-12 09:19:53,322 [INFO] IPUIPlugin:80 - create IPUIPlugin
2023-12-12 09:19:53,322 [INFO] PluginManager:220 - loadIPPluginJar : add genericplugin
2023-12-12 09:19:53,326 [INFO] IPUIPlugin:80 - create IPUIPlugin
2023-12-12 09:19:53,326 [INFO] PluginManager:220 - loadIPPluginJar : add gfxmmu
2023-12-12 09:19:53,332 [INFO] IPUIPlugin:80 - create IPUIPlugin
2023-12-12 09:19:53,332 [INFO] PluginManager:220 - loadIPPluginJar : add gic
2023-12-12 09:19:53,338 [INFO] IPUIPlugin:80 - create IPUIPlugin
2023-12-12 09:19:53,338 [INFO] PluginManager:220 - loadIPPluginJar : add gpio
2023-12-12 09:19:53,342 [INFO] IPUIPlugin:80 - create IPUIPlugin
2023-12-12 09:19:53,342 [INFO] PluginManager:220 - loadIPPluginJar : add gtzc
2023-12-12 09:19:53,346 [INFO] IPUIPlugin:80 - create IPUIPlugin
2023-12-12 09:19:53,346 [INFO] PluginManager:220 - loadIPPluginJar : add hash
2023-12-12 09:19:53,351 [INFO] IPUIPlugin:80 - create IPUIPlugin
2023-12-12 09:19:53,351 [INFO] PluginManager:220 - loadIPPluginJar : add i2c
2023-12-12 09:19:53,355 [INFO] IPUIPlugin:80 - create IPUIPlugin
2023-12-12 09:19:53,355 [INFO] PluginManager:220 - loadIPPluginJar : add i2s
2023-12-12 09:19:53,360 [INFO] IPUIPlugin:80 - create IPUIPlugin
2023-12-12 09:19:53,360 [INFO] PluginManager:220 - loadIPPluginJar : add i3c
2023-12-12 09:19:53,364 [INFO] IPUIPlugin:80 - create IPUIPlugin
2023-12-12 09:19:53,364 [INFO] PluginManager:220 - loadIPPluginJar : add ipddr
2023-12-12 09:19:53,373 [INFO] IPUIPlugin:80 - create IPUIPlugin
2023-12-12 09:19:53,373 [INFO] PluginManager:220 - loadIPPluginJar : add linkedlist
2023-12-12 09:19:53,377 [INFO] IPUIPlugin:80 - create IPUIPlugin
2023-12-12 09:19:53,377 [INFO] PluginManager:220 - loadIPPluginJar : add lorawan
2023-12-12 09:19:53,380 [INFO] IPUIPlugin:80 - create IPUIPlugin
2023-12-12 09:19:53,380 [INFO] PluginManager:220 - loadIPPluginJar : add ltdc
2023-12-12 09:19:53,388 [INFO] IPUIPlugin:80 - create IPUIPlugin
2023-12-12 09:19:53,388 [INFO] PluginManager:220 - loadIPPluginJar : add mdma
2023-12-12 09:19:53,392 [INFO] IPUIPlugin:80 - create IPUIPlugin
2023-12-12 09:19:53,392 [INFO] PluginManager:220 - loadIPPluginJar : add nvic
2023-12-12 09:19:53,397 [INFO] IPUIPlugin:80 - create IPUIPlugin
2023-12-12 09:19:53,397 [INFO] PluginManager:220 - loadIPPluginJar : add opamp
2023-12-12 09:19:53,402 [INFO] IPUIPlugin:80 - create IPUIPlugin
2023-12-12 09:19:53,402 [INFO] PluginManager:220 - loadIPPluginJar : add openamp
2023-12-12 09:19:53,407 [INFO] IPUIPlugin:80 - create IPUIPlugin
2023-12-12 09:19:53,407 [INFO] PluginManager:220 - loadIPPluginJar : add pdm2pcm
2023-12-12 09:19:53,416 [INFO] IPUIPlugin:80 - create IPUIPlugin
2023-12-12 09:19:53,419 [INFO] PluginManager:220 - loadIPPluginJar : add plateformsettings
2023-12-12 09:19:53,422 [INFO] IPUIPlugin:80 - create IPUIPlugin
2023-12-12 09:19:53,422 [INFO] PluginManager:220 - loadIPPluginJar : add quadspi
2023-12-12 09:19:53,428 [INFO] IPUIPlugin:80 - create IPUIPlugin
2023-12-12 09:19:53,428 [INFO] PluginManager:220 - loadIPPluginJar : add resmgrutility
2023-12-12 09:19:53,432 [INFO] IPUIPlugin:80 - create IPUIPlugin
2023-12-12 09:19:53,432 [INFO] PluginManager:220 - loadIPPluginJar : add sai
2023-12-12 09:19:53,436 [INFO] IPUIPlugin:80 - create IPUIPlugin
2023-12-12 09:19:53,436 [INFO] PluginManager:220 - loadIPPluginJar : add spi
2023-12-12 09:19:53,443 [INFO] IPUIPlugin:80 - create IPUIPlugin
2023-12-12 09:19:53,444 [INFO] PluginManager:220 - loadIPPluginJar : add stm32_wpan
2023-12-12 09:19:53,447 [INFO] IPUIPlugin:80 - create IPUIPlugin
2023-12-12 09:19:53,447 [INFO] PluginManager:220 - loadIPPluginJar : add tim
2023-12-12 09:19:53,452 [INFO] IPUIPlugin:80 - create IPUIPlugin
2023-12-12 09:19:53,452 [INFO] PluginManager:220 - loadIPPluginJar : add touchsensing
2023-12-12 09:19:53,455 [INFO] IPUIPlugin:80 - create IPUIPlugin
2023-12-12 09:19:53,455 [INFO] PluginManager:220 - loadIPPluginJar : add tracer_emb
2023-12-12 09:19:53,459 [INFO] IPUIPlugin:80 - create IPUIPlugin
2023-12-12 09:19:53,459 [INFO] PluginManager:220 - loadIPPluginJar : add ts
2023-12-12 09:19:53,462 [INFO] IPUIPlugin:80 - create IPUIPlugin
2023-12-12 09:19:53,462 [INFO] PluginManager:220 - loadIPPluginJar : add tsc
2023-12-12 09:19:53,466 [INFO] IPUIPlugin:80 - create IPUIPlugin
2023-12-12 09:19:53,466 [INFO] PluginManager:220 - loadIPPluginJar : add ucpd
2023-12-12 09:19:53,470 [INFO] IPUIPlugin:80 - create IPUIPlugin
2023-12-12 09:19:53,470 [INFO] PluginManager:220 - loadIPPluginJar : add usart
2023-12-12 09:19:53,475 [INFO] IPUIPlugin:80 - create IPUIPlugin
2023-12-12 09:19:53,475 [INFO] PluginManager:220 - loadIPPluginJar : add usbx
2023-12-12 09:19:53,613 [INFO] CADModel:165 - CPN selected for project level
2023-12-12 09:19:53,613 [INFO] CADModel:114 - Register for checkConnection events
2023-12-12 09:19:53,613 [FATAL] Updater:308 - Updater called before beeing initialized
2023-12-12 09:19:53,613 [ERROR] CADModel:125 - Updater not yet initialized, retry later 
2023-12-12 09:19:53,771 [INFO] CADModel:165 - CPN selected for project level
2023-12-12 09:19:53,771 [INFO] CADModel:114 - Register for checkConnection events
2023-12-12 09:19:53,771 [FATAL] Updater:308 - Updater called before beeing initialized
2023-12-12 09:19:53,771 [ERROR] CADModel:125 - Updater not yet initialized, retry later 
2023-12-12 09:19:53,775 [FATAL] Updater:308 - Updater called before beeing initialized
2023-12-12 09:19:53,905 [FATAL] Updater:308 - Updater called before beeing initialized
2023-12-12 09:19:53,912 [INFO] DbMcusAds:53 - JSON generation date=Wed Nov 29 19:52:38 KST 2023 (1701255158764)
2023-12-12 09:19:53,912 [FATAL] Updater:308 - Updater called before beeing initialized
2023-12-12 09:19:53,963 [WARN] DetailPanel:346 - Failed to get advertising image, set to default
2023-12-12 09:19:54,083 [FATAL] Updater:308 - Updater called before beeing initialized
2023-12-12 09:19:54,085 [FATAL] Updater:308 - Updater called before beeing initialized
2023-12-12 09:19:54,085 [FATAL] Updater:308 - Updater called before beeing initialized
2023-12-12 09:19:54,085 [WARN] DetailPanel:346 - Failed to get advertising image, set to default
2023-12-12 09:19:54,086 [FATAL] Updater:308 - Updater called before beeing initialized
2023-12-12 09:19:54,137 [ERROR] Updater:1120 - MainUpdater not yet initialized. External WinMGr cannot be set.
2023-12-12 09:19:54,140 [INFO] Updater:1056 - Updater Version found : 6.9.1
2023-12-12 09:19:54,161 [INFO] ApplicationProperties:184 - Using Application install path: C:\ST\STM32CubeIDE_1.13.1\STM32CubeIDE\plugins\com.st.stm32cube.common.mx_6.9.1.202307191849
2023-12-12 09:19:54,307 [INFO] MainUpdater:2868 - connection check result : 10
2023-12-12 09:19:54,308 [INFO] MainUpdater:285 - Updater Check For Update Now.
2023-12-12 09:19:54,308 [INFO] MicroXplorer:498 - Change Database Version : DB.6.0.91
2023-12-12 09:19:54,317 [INFO] McuFinderGlobals:63 - Set McuFinder mode to 2 (CubeIDE integrated)
2023-12-12 09:19:54,318 [INFO] UserAuth:179 - activating auth plugin
2023-12-12 09:19:54,320 [INFO] UserAuth:393 - Internet connection configuration mode: 1
2023-12-12 09:19:54,342 [INFO] JxBrowserEngine:151 - Initiate JxBrowser Engine with user profile folder
2023-12-12 09:19:54,510 [INFO] CheckServerUpdateThread:120 - End of CheckServer Thread
2023-12-12 09:19:55,989 [INFO] WebApp:157 - Instantiating new browser for Auth
2023-12-12 09:19:56,218 [WARN] PackLoader:240 - Cannot read IP mode file for STMicroelectronics.X-CUBE-SMBUS.2.1.0
2023-12-12 09:19:56,351 [WARN] PackLoader:240 - Cannot read IP mode file for STMicroelectronics.X-CUBE-AZRTOS-F7.1.1.0
2023-12-12 09:19:56,399 [WARN] PackLoader:240 - Cannot read IP mode file for STMicroelectronics.FP-SNS-MOTENV1.4.3.2
2023-12-12 09:19:56,410 [ERROR] RealEvaluatedCondition:428 - Found unsupported composite condition: CLASS='Data Exchange' GROUP='STM32_MetaDataManager'
2023-12-12 09:19:56,411 [ERROR] RealEvaluatedCondition:428 - Found unsupported composite condition: CLASS='Data Exchange' GROUP='STM32_MetaDataManager'
2023-12-12 09:19:56,412 [WARN] PackLoader:240 - Cannot read IP mode file for STMicroelectronics.FP-SNS-MOTENV1.4.3.1
2023-12-12 09:19:56,421 [WARN] PackLoader:240 - Cannot read IP mode file for STMicroelectronics.FP-SNS-FLIGHT1.5.0.1
2023-12-12 09:19:56,434 [WARN] PackLoader:240 - Cannot read IP mode file for STMicroelectronics.X-CUBE-BLE1.6.2.4
2023-12-12 09:19:56,439 [WARN] PackLoader:240 - Cannot read IP mode file for STMicroelectronics.FP-SNS-FLIGHT1.5.0.2
2023-12-12 09:19:56,455 [WARN] PackLoader:240 - Cannot read IP mode file for STMicroelectronics.X-CUBE-DISPLAY.3.0.0
2023-12-12 09:19:56,469 [WARN] PackLoader:240 - Cannot read IP mode file for STMicroelectronics.X-CUBE-BLE1.7.0.0
2023-12-12 09:19:56,479 [WARN] PackLoader:240 - Cannot read IP mode file for STMicroelectronics.X-CUBE-TOUCHGFX.4.22.0
2023-12-12 09:19:56,500 [INFO] LogOutputStream:77 - [STDOUT_REDIRECT] 1 : Invalid condition id : UX_CORESTACK_Condition cause : null
2023-12-12 09:19:56,501 [INFO] LogOutputStream:77 - [STDOUT_REDIRECT] 1 : Invalid condition id : UX_CORESTACK_Condition cause : null
2023-12-12 09:19:56,502 [INFO] LogOutputStream:77 - [STDOUT_REDIRECT] 1 : Invalid condition id : UX_CORESTACK_Condition cause : null
2023-12-12 09:19:56,504 [INFO] LogOutputStream:77 - [STDOUT_REDIRECT] 1 : Invalid condition id : UX_CORESTACK_Condition cause : null
2023-12-12 09:19:56,506 [INFO] LogOutputStream:77 - [STDOUT_REDIRECT] 1 : Invalid condition id : UX_CORESTACK_Condition cause : null
2023-12-12 09:19:56,513 [WARN] PackLoader:240 - Cannot read IP mode file for STMicroelectronics.X-CUBE-AZRTOS-WL.2.0.0
2023-12-12 09:19:56,527 [WARN] PackLoader:240 - Cannot read IP mode file for WES.I-CUBE-Cesium.1.3.0
2023-12-12 09:19:56,534 [WARN] PackLoader:240 - Cannot read IP mode file for STMicroelectronics.X-CUBE-BLE2.3.3.0
2023-12-12 09:19:56,539 [WARN] PackLoader:240 - Cannot read IP mode file for STMicroelectronics.X-CUBE-TOUCHGFX.4.21.4
2023-12-12 09:19:56,550 [WARN] PackLoader:240 - Cannot read IP mode file for STMicroelectronics.X-CUBE-ALGOBUILD.1.3.0
2023-12-12 09:19:56,572 [WARN] PackLoader:240 - Cannot read IP mode file for STMicroelectronics.X-CUBE-AZRTOS-G0.1.1.0
2023-12-12 09:19:56,587 [WARN] PackLoader:240 - Cannot read IP mode file for STMicroelectronics.X-CUBE-NFC4.3.0.0
2023-12-12 09:19:56,598 [WARN] PackLoader:240 - Cannot read IP mode file for STMicroelectronics.FP-ATR-SIGFOX1.3.2.0
2023-12-12 09:19:56,650 [WARN] PackLoader:240 - Cannot read IP mode file for SEGGER.I-CUBE-embOS.1.3.1
2023-12-12 09:19:56,748 [WARN] PackLoader:240 - Cannot read IP mode file for STMicroelectronics.X-CUBE-GNSS1.6.0.0
2023-12-12 09:19:56,792 [WARN] PackLoader:240 - Cannot read IP mode file for STMicroelectronics.X-CUBE-AZRTOS-F4.1.1.0
2023-12-12 09:19:56,802 [WARN] PackLoader:240 - Cannot read IP mode file for wolfSSL.I-CUBE-wolfSSL.5.6.0
2023-12-12 09:19:56,836 [WARN] PackLoader:240 - Cannot read IP mode file for STMicroelectronics.X-CUBE-AZRTOS-L5.2.0.0
2023-12-12 09:19:56,940 [WARN] PackLoader:240 - Cannot read IP mode file for STMicroelectronics.X-CUBE-MEMS1.9.6.0
2023-12-12 09:19:57,246 [WARN] PackLoader:240 - Cannot read IP mode file for ITTIA_DB.I-CUBE-ITTIADB.8.8.0
2023-12-12 09:19:57,280 [WARN] PackLoader:240 - Cannot read IP mode file for emotas.I-CUBE-CANOPEN.1.1.3
2023-12-12 09:19:57,297 [WARN] PackLoader:240 - Cannot read IP mode file for STMicroelectronics.X-CUBE-BLEMGR.2.0.0
2023-12-12 09:19:57,365 [WARN] ConditionMgr:438 - getConditionDescription Invalid condition id : UX DEVICE CLASS RTOS Condition cause : null
2023-12-12 09:19:57,365 [WARN] ConditionMgr:438 - getConditionDescription Invalid condition id : UX DEVICE CLASS RTOS Condition cause : null
2023-12-12 09:19:57,368 [WARN] PackLoader:240 - Cannot read IP mode file for STMicroelectronics.X-CUBE-AZRTOS-H7.3.1.0
2023-12-12 09:19:57,369 [WARN] ConditionMgr:1039 - genDependencies : Invalid condition id : UX DEVICE CLASS RTOS Condition cause : null
2023-12-12 09:19:57,369 [WARN] ConditionMgr:1039 - genDependencies : Invalid condition id : UX DEVICE CLASS RTOS Condition cause : null
2023-12-12 09:19:57,370 [WARN] ConditionMgr:1039 - genDependencies : Invalid condition id : UX DEVICE CLASS RTOS Condition cause : null
2023-12-12 09:19:57,370 [WARN] ConditionMgr:1039 - genDependencies : Invalid condition id : UX DEVICE CLASS RTOS Condition cause : null
2023-12-12 09:19:57,371 [WARN] ConditionMgr:1039 - genDependencies : Invalid condition id : UX DEVICE CLASS RTOS Condition cause : null
2023-12-12 09:19:57,429 [WARN] PackLoader:240 - Cannot read IP mode file for STMicroelectronics.X-CUBE-NFC7.1.0.1
2023-12-12 09:19:57,445 [WARN] PackLoader:240 - Cannot read IP mode file for STMicroelectronics.X-CUBE-NFC7.1.0.0
2023-12-12 09:19:57,481 [WARN] PackLoader:240 - Cannot read IP mode file for STMicroelectronics.X-CUBE-NFC6.3.0.0
2023-12-12 09:19:57,490 [WARN] PackLoader:240 - Cannot read IP mode file for STMicroelectronics.X-CUBE-EEPRMA1.4.1.0
2023-12-12 09:19:57,500 [WARN] PackLoader:240 - Cannot read IP mode file for STMicroelectronics.X-CUBE-AI.8.1.0
2023-12-12 09:19:57,572 [WARN] ConditionMgr:438 - getConditionDescription Invalid condition id : LAN8742 Phy interface Condition cause : null
2023-12-12 09:19:57,572 [WARN] PackLoader:240 - Cannot read IP mode file for STMicroelectronics.X-CUBE-AZRTOS-L4.2.0.0
2023-12-12 09:19:57,574 [WARN] ConditionMgr:1039 - genDependencies : Invalid condition id : LAN8742 Phy interface Condition cause : null
2023-12-12 09:19:57,576 [WARN] ConditionMgr:1039 - genDependencies : Invalid condition id : LAN8742 Phy interface Condition cause : null
2023-12-12 09:19:57,578 [WARN] ConditionMgr:1039 - genDependencies : Invalid condition id : LAN8742 Phy interface Condition cause : null
2023-12-12 09:19:57,586 [WARN] PackLoader:240 - Cannot read IP mode file for STMicroelectronics.X-CUBE-SFXS2LP1.4.0.0
2023-12-12 09:19:57,613 [WARN] PackLoader:240 - Cannot read IP mode file for STMicroelectronics.X-CUBE-ISPU.1.1.0
2023-12-12 09:19:57,631 [WARN] ConditionMgr:438 - getConditionDescription Invalid condition id : UX DEVICE CLASS RTOS Condition cause : null
2023-12-12 09:19:57,631 [WARN] ConditionMgr:438 - getConditionDescription Invalid condition id : UX DEVICE CLASS RTOS Condition cause : null
2023-12-12 09:19:57,633 [WARN] PackLoader:240 - Cannot read IP mode file for STMicroelectronics.X-CUBE-AZRTOS-WB.2.0.0
2023-12-12 09:19:57,634 [WARN] ConditionMgr:1039 - genDependencies : Invalid condition id : UX DEVICE CLASS RTOS Condition cause : null
2023-12-12 09:19:57,634 [WARN] ConditionMgr:1039 - genDependencies : Invalid condition id : UX DEVICE CLASS RTOS Condition cause : null
2023-12-12 09:19:57,634 [WARN] ConditionMgr:1039 - genDependencies : Invalid condition id : UX DEVICE CLASS RTOS Condition cause : null
2023-12-12 09:19:57,635 [WARN] ConditionMgr:1039 - genDependencies : Invalid condition id : UX DEVICE CLASS RTOS Condition cause : null
2023-12-12 09:19:57,635 [WARN] ConditionMgr:1039 - genDependencies : Invalid condition id : UX DEVICE CLASS RTOS Condition cause : null
2023-12-12 09:19:57,641 [WARN] PackLoader:240 - Cannot read IP mode file for STMicroelectronics.X-CUBE-FREERTOS.1.0.1
2023-12-12 09:19:57,655 [INFO] WebApp:753 - Register for checkConnection events
2023-12-12 09:19:57,668 [INFO] WebApp:390 - Apply proxy settings
2023-12-12 09:19:57,669 [INFO] WebApp:475 - Chromium requires no authentication
2023-12-12 09:19:57,671 [WARN] PackLoader:240 - Cannot read IP mode file for STMicroelectronics.X-CUBE-AZRTOS-L5.1.1.0
2023-12-12 09:19:57,681 [WARN] PackLoader:240 - Cannot read IP mode file for STMicroelectronics.X-CUBE-AI.8.0.1
2023-12-12 09:19:57,686 [INFO] WebApp:418 - Direct internet connection detected
2023-12-12 09:19:57,695 [WARN] PackLoader:240 - Cannot read IP mode file for STMicroelectronics.X-CUBE-SUBG2.5.0.0
2023-12-12 09:19:57,722 [WARN] PackLoader:240 - Cannot read IP mode file for STMicroelectronics.X-CUBE-TOF1.3.3.1
2023-12-12 09:19:57,751 [WARN] PackLoader:240 - Cannot read IP mode file for STMicroelectronics.X-CUBE-AZRTOS-G4.2.0.0
2023-12-12 09:19:57,765 [WARN] PackLoader:240 - Cannot read IP mode file for STMicroelectronics.X-CUBE-TOF1.3.3.0
2023-12-12 09:19:57,789 [WARN] PackLoader:240 - Cannot read IP mode file for Infineon.AIROC-Wi-Fi-Bluetooth-STM32.1.5.1
2023-12-12 09:19:57,801 [WARN] PackLoader:240 - Cannot read IP mode file for STMicroelectronics.FP-SNS-MOTENVWB1.1.3.0
2023-12-12 09:19:57,805 [WARN] PackLoader:240 - Cannot read IP mode file for STMicroelectronics.FP-SNS-MOTENVWB1.1.3.1
2023-12-12 09:19:57,813 [WARN] PackLoader:240 - Cannot read IP mode file for STMicroelectronics.X-CUBE-ISPU.2.0.0
2023-12-12 09:19:57,818 [WARN] PackLoader:240 - Cannot read IP mode file for STMicroelectronics.X-CUBE-FREERTOS.1.1.0
2023-12-12 09:19:57,831 [WARN] PackLoader:240 - Cannot read IP mode file for STMicroelectronics.X-CUBE-AZRTOS-WL.1.0.0
2023-12-12 09:19:57,838 [WARN] PackLoader:240 - Cannot read IP mode file for portGmbH.I-Cube-SoM-uGOAL.1.1.0
2023-12-12 09:19:57,846 [WARN] PackLoader:240 - Cannot read IP mode file for STMicroelectronics.X-CUBE-ALS.1.0.1
2023-12-12 09:19:57,859 [WARN] PackLoader:240 - Cannot read IP mode file for STMicroelectronics.X-CUBE-AZRTOS-WB.1.1.0
2023-12-12 09:19:57,867 [WARN] PackLoader:240 - Cannot read IP mode file for STMicroelectronics.FP-ATR-ASTRA1.2.0.0
2023-12-12 09:19:57,879 [WARN] PackLoader:240 - Cannot read IP mode file for STMicroelectronics.X-CUBE-TOF1.3.4.0
2023-12-12 09:19:57,917 [WARN] PackLoader:240 - Cannot read IP mode file for STMicroelectronics.X-CUBE-AZRTOS-H7.3.2.0
2023-12-12 09:19:57,921 [INFO] ThirdParty:978 - Integrity check success = true
2023-12-12 09:19:57,922 [INFO] IntegrityCheckThread:100 - exiting critical section [integrity check]
2023-12-12 09:19:57,922 [INFO] IntegrityCheckThread:103 - End integrity checks thread
2023-12-12 09:19:58,049 [INFO] WebApp:188 - Starting web application
2023-12-12 09:19:58,049 [INFO] WebApp:520 - Web application path used C:\ST\STM32CubeIDE_1.13.1\STM32CubeIDE\plugins\com.st.stm32cube.common.mx_6.9.1.202307191849\db\plugins\mcufinder\reactClient1\index.html
2023-12-12 09:20:04,801 [INFO] McuFinderGlobals:63 - Set McuFinder mode to 2 (CubeIDE integrated)
2023-12-12 09:20:04,809 [INFO] MainUpdater:2868 - connection check result : 10
2023-12-12 09:20:04,811 [INFO] MainUpdater:2868 - connection check result : 10
2023-12-12 09:20:04,858 [INFO] MicroXplorer:468 - Change Database Path : 
2023-12-12 09:20:04,859 [INFO] MicroXplorer:498 - Change Database Version : DB.6.0.91
2023-12-12 09:20:04,865 [WARN] ThirdParty:871 - waiting for thirdparty lock release [close project]
2023-12-12 09:20:04,865 [INFO] ThirdParty:873 - entering critical section [close project]
2023-12-12 09:20:04,866 [INFO] ThirdParty:883 - exiting critical section [close project]
2023-12-12 09:20:04,868 [INFO] PinOutPanel:1499 - setPackage(No Configuration,No Configuration)
2023-12-12 09:20:04,873 [INFO] UtilMem:75 - Begin LoadConfig() Used Memory: 158292664 Bytes (282066944)
2023-12-12 09:20:04,874 [INFO] MicroXplorer:468 - Change Database Path : 
2023-12-12 09:20:04,876 [INFO] MicroXplorer:498 - Change Database Version : DB.6.0.91
2023-12-12 09:20:04,876 [INFO] OpenFileManager:308 - Change cursor
2023-12-12 09:20:04,921 [INFO] Mcu:1946 - Initializing MCU STM32F411R(C-E)Tx STM32F411RETx STM32F411RET6
2023-12-12 09:20:06,851 [INFO] Context:659 - Trying to add GPIOservice into a context  which must be forbidden
2023-12-12 09:20:07,570 [INFO] RtosManager:555 - Registered RTOS mode: class=CMSIS, group=RTOS, mode=CMSIS_V1, owner=FREERTOS
2023-12-12 09:20:07,570 [INFO] RtosManager:555 - Registered RTOS mode: class=CMSIS, group=RTOS2, mode=CMSIS_V2, owner=FREERTOS
2023-12-12 09:20:07,570 [INFO] RtosManager:555 - Registered RTOS mode: class=RTOS, group=Core, mode=CMSIS_V1, owner=FREERTOS
2023-12-12 09:20:07,570 [INFO] RtosManager:555 - Registered RTOS mode: class=RTOS, group=Core, mode=CMSIS_V2, owner=FREERTOS
2023-12-12 09:20:07,570 [WARN] ModelIntegratedComponent:184 - Missing modes for component STMicroelectronics:FreeRTOS:0.0.1:STMicroelectronics:RTOS:FreeRTOS:Core:::10.2.0:
2023-12-12 09:20:07,577 [WARN] ModelIntegratedComponent:182 - Modes not found for component STMicroelectronics:USB_HOST:1.0.0:STMicroelectronics:USB::USB Host:Audio HS::1.0:USB_HOST_1_0_RESTRICTED_HS
2023-12-12 09:20:07,577 [WARN] ModelIntegratedComponent:188 - Modes not found for component STMicroelectronics:USB_HOST:1.0.0:STMicroelectronics:USB::USB Host:Audio HS::1.0:USB_HOST_1_0_RESTRICTED_HS
2023-12-12 09:20:07,577 [WARN] ModelIntegratedComponent:182 - Modes not found for component STMicroelectronics:USB_HOST:1.0.0:STMicroelectronics:USB::USB Host:CDC HS::1.0:USB_HOST_1_0_RESTRICTED_HS
2023-12-12 09:20:07,577 [WARN] ModelIntegratedComponent:188 - Modes not found for component STMicroelectronics:USB_HOST:1.0.0:STMicroelectronics:USB::USB Host:CDC HS::1.0:USB_HOST_1_0_RESTRICTED_HS
2023-12-12 09:20:07,577 [WARN] ModelIntegratedComponent:182 - Modes not found for component STMicroelectronics:USB_HOST:1.0.0:STMicroelectronics:USB::USB Host:MSC HS::1.0:USB_HOST_1_0_RESTRICTED_HS
2023-12-12 09:20:07,578 [WARN] ModelIntegratedComponent:188 - Modes not found for component STMicroelectronics:USB_HOST:1.0.0:STMicroelectronics:USB::USB Host:MSC HS::1.0:USB_HOST_1_0_RESTRICTED_HS
2023-12-12 09:20:07,578 [WARN] ModelIntegratedComponent:182 - Modes not found for component STMicroelectronics:USB_HOST:1.0.0:STMicroelectronics:USB::USB Host:HID HS::1.0:USB_HOST_1_0_RESTRICTED_HS
2023-12-12 09:20:07,578 [WARN] ModelIntegratedComponent:188 - Modes not found for component STMicroelectronics:USB_HOST:1.0.0:STMicroelectronics:USB::USB Host:HID HS::1.0:USB_HOST_1_0_RESTRICTED_HS
2023-12-12 09:20:07,578 [WARN] ModelIntegratedComponent:182 - Modes not found for component STMicroelectronics:USB_HOST:1.0.0:STMicroelectronics:USB::USB Host:MTP HS::1.0:USB_HOST_1_0_RESTRICTED_HS
2023-12-12 09:20:07,578 [WARN] ModelIntegratedComponent:188 - Modes not found for component STMicroelectronics:USB_HOST:1.0.0:STMicroelectronics:USB::USB Host:MTP HS::1.0:USB_HOST_1_0_RESTRICTED_HS
2023-12-12 09:20:07,600 [WARN] ModelIntegratedComponent:63 - No mode defined for component null
2023-12-12 09:20:07,600 [WARN] ModelIntegratedComponent:63 - No mode defined for component null
2023-12-12 09:20:07,600 [WARN] ModelIntegratedComponent:63 - No mode defined for component null
2023-12-12 09:20:07,601 [WARN] ModelIntegratedComponent:63 - No mode defined for component null
2023-12-12 09:20:07,601 [WARN] ModelIntegratedComponent:63 - No mode defined for component null
2023-12-12 09:20:07,601 [WARN] ModelIntegratedComponent:63 - No mode defined for component null
2023-12-12 09:20:07,601 [WARN] ModelIntegratedComponent:63 - No mode defined for component null
2023-12-12 09:20:07,601 [WARN] ModelIntegratedComponent:63 - No mode defined for component null
2023-12-12 09:20:07,601 [WARN] ModelIntegratedComponent:63 - No mode defined for component null
2023-12-12 09:20:07,601 [WARN] ModelIntegratedComponent:63 - No mode defined for component null
2023-12-12 09:20:07,601 [WARN] ModelIntegratedComponent:63 - No mode defined for component null
2023-12-12 09:20:07,601 [WARN] ModelIntegratedComponent:63 - No mode defined for component null
2023-12-12 09:20:07,601 [WARN] ModelIntegratedComponent:63 - No mode defined for component null
2023-12-12 09:20:07,601 [WARN] ModelIntegratedComponent:63 - No mode defined for component null
2023-12-12 09:20:07,601 [WARN] ModelIntegratedComponent:63 - No mode defined for component null
2023-12-12 09:20:07,601 [WARN] ModelIntegratedComponent:63 - No mode defined for component null
2023-12-12 09:20:07,601 [WARN] ModelIntegratedComponent:63 - No mode defined for component null
2023-12-12 09:20:07,601 [WARN] ModelIntegratedComponent:63 - No mode defined for component null
2023-12-12 09:20:07,601 [WARN] ModelIntegratedComponent:63 - No mode defined for component null
2023-12-12 09:20:07,602 [WARN] ModelIntegratedComponent:63 - No mode defined for component null
2023-12-12 09:20:07,602 [WARN] ModelIntegratedComponent:63 - No mode defined for component null
2023-12-12 09:20:07,602 [WARN] ModelIntegratedComponent:63 - No mode defined for component null
2023-12-12 09:20:07,602 [WARN] ModelIntegratedComponent:63 - No mode defined for component null
2023-12-12 09:20:07,602 [WARN] ModelIntegratedComponent:63 - No mode defined for component null
2023-12-12 09:20:07,602 [WARN] ModelIntegratedComponent:63 - No mode defined for component null
2023-12-12 09:20:07,602 [WARN] ModelIntegratedComponent:63 - No mode defined for component null
2023-12-12 09:20:07,602 [WARN] ModelIntegratedComponent:63 - No mode defined for component null
2023-12-12 09:20:07,602 [WARN] ModelIntegratedComponent:63 - No mode defined for component null
2023-12-12 09:20:07,603 [WARN] ModelIntegratedComponent:63 - No mode defined for component null
2023-12-12 09:20:07,603 [WARN] ModelIntegratedComponent:63 - No mode defined for component null
2023-12-12 09:20:07,603 [WARN] ModelIntegratedComponent:63 - No mode defined for component null
2023-12-12 09:20:07,603 [WARN] ModelIntegratedComponent:63 - No mode defined for component null
2023-12-12 09:20:07,603 [WARN] ModelIntegratedComponent:63 - No mode defined for component null
2023-12-12 09:20:07,614 [WARN] ModelIntegratedComponent:182 - Modes not found for component STMicroelectronics:USB_DEVICE:1.0.0:STMicroelectronics:USB::USB Device:Audio HS::1.0:USB_DEVICE_1_0_RESTRICTED_HS
2023-12-12 09:20:07,614 [WARN] ModelIntegratedComponent:188 - Modes not found for component STMicroelectronics:USB_DEVICE:1.0.0:STMicroelectronics:USB::USB Device:Audio HS::1.0:USB_DEVICE_1_0_RESTRICTED_HS
2023-12-12 09:20:07,614 [WARN] ModelIntegratedComponent:182 - Modes not found for component STMicroelectronics:USB_DEVICE:1.0.0:STMicroelectronics:USB::USB Device:CDC HS::1.0:USB_DEVICE_1_0_RESTRICTED_HS
2023-12-12 09:20:07,615 [WARN] ModelIntegratedComponent:188 - Modes not found for component STMicroelectronics:USB_DEVICE:1.0.0:STMicroelectronics:USB::USB Device:CDC HS::1.0:USB_DEVICE_1_0_RESTRICTED_HS
2023-12-12 09:20:07,615 [WARN] ModelIntegratedComponent:182 - Modes not found for component STMicroelectronics:USB_DEVICE:1.0.0:STMicroelectronics:USB::USB Device:DFU HS::1.0:USB_DEVICE_1_0_RESTRICTED_HS
2023-12-12 09:20:07,615 [WARN] ModelIntegratedComponent:188 - Modes not found for component STMicroelectronics:USB_DEVICE:1.0.0:STMicroelectronics:USB::USB Device:DFU HS::1.0:USB_DEVICE_1_0_RESTRICTED_HS
2023-12-12 09:20:07,615 [WARN] ModelIntegratedComponent:182 - Modes not found for component STMicroelectronics:USB_DEVICE:1.0.0:STMicroelectronics:USB::USB Device:HID HS::1.0:USB_DEVICE_1_0_RESTRICTED_HS
2023-12-12 09:20:07,615 [WARN] ModelIntegratedComponent:188 - Modes not found for component STMicroelectronics:USB_DEVICE:1.0.0:STMicroelectronics:USB::USB Device:HID HS::1.0:USB_DEVICE_1_0_RESTRICTED_HS
2023-12-12 09:20:07,615 [WARN] ModelIntegratedComponent:182 - Modes not found for component STMicroelectronics:USB_DEVICE:1.0.0:STMicroelectronics:USB::USB Device:Custom HID HS::1.0:USB_DEVICE_1_0_RESTRICTED_HS
2023-12-12 09:20:07,615 [WARN] ModelIntegratedComponent:188 - Modes not found for component STMicroelectronics:USB_DEVICE:1.0.0:STMicroelectronics:USB::USB Device:Custom HID HS::1.0:USB_DEVICE_1_0_RESTRICTED_HS
2023-12-12 09:20:07,615 [WARN] ModelIntegratedComponent:182 - Modes not found for component STMicroelectronics:USB_DEVICE:1.0.0:STMicroelectronics:USB::USB Device:MSC HS::1.0:USB_DEVICE_1_0_RESTRICTED_HS
2023-12-12 09:20:07,615 [WARN] ModelIntegratedComponent:188 - Modes not found for component STMicroelectronics:USB_DEVICE:1.0.0:STMicroelectronics:USB::USB Device:MSC HS::1.0:USB_DEVICE_1_0_RESTRICTED_HS
2023-12-12 09:20:07,636 [INFO] ThirdPartyModel:298 - Start build external matchings
2023-12-12 09:20:08,316 [INFO] ThirdPartyModel:316 - End build external matchings
2023-12-12 09:20:08,338 [INFO] ImportTextPane:194 - (OptionalMessage_ERROR) IP (RCC) : Parameter (48MHZClocksFreq_Value) has invalid value (84000000)
2023-12-12 09:20:08,340 [INFO] ImportTextPane:194 - (OptionalMessage_ERROR) IP (RCC) : Parameter (FLatency) has Id (AdvancedSettings) currently not set
2023-12-12 09:20:08,340 [INFO] ImportTextPane:194 - (OptionalMessage_ERROR) IP (RCC) : Parameter (RTCHSEDivFreq_Value) has invalid value (4000000)
2023-12-12 09:20:08,693 [INFO] UtilMem:75 - End LoadConfig() Used Memory: 208043184 Bytes (314572800)
2023-12-12 09:20:08,912 [INFO] ApiDb:581 - Connected to CubeFinder SQLite database (C:\Users\popo\.stmcufinder\plugins\mcufinder\mcu\cube-finder-db.db)
2023-12-12 09:20:09,050 [INFO] ApiDb:668 - CubeFinder database Data Model version=2.1
2023-12-12 09:20:09,050 [INFO] ApiDb:669 - CubeFinder database Configuration version=3.0.39
2023-12-12 09:20:09,050 [INFO] ApiDb:670 - CubeFinder database generation date=2023-11-06 (1699269565)
2023-12-12 09:20:09,050 [INFO] ApiDb:671 - CubeFinder database FW Pack versions=[FP-ATR-ASTRA1_V2.0.0, FP-SNS-FLIGHT1_V5.0.1, FP-SNS-FLIGHT1_V5.0.2, FP-SNS-MOTENV1_V4.3.1, FP-SNS-MOTENV1_V4.3.2, FP-SNS-MOTENVWB1_V1.3.0, FP-SNS-SMARTAG2_V1.2.0, STM32Cube_FW_C0_V1.1.0, STM32Cube_FW_F4_V1.28.0, STM32Cube_FW_F7_V1.17.0, STM32Cube_FW_G0_V1.6.1, STM32Cube_FW_G4_V1.5.1, STM32Cube_FW_H5_V0.5.1, STM32Cube_FW_H5_V1.1.1, STM32Cube_FW_H5_V1.2.0RC2, STM32Cube_FW_H7_V1.11.0, STM32Cube_FW_L0_V1.12.2, STM32Cube_FW_L5_V1.5.0, STM32Cube_FW_U5_V1.3.0RC4, STM32Cube_FW_U5_V1.4.0, STM32Cube_FW_WBA_V1.0.0RC1, STM32Cube_FW_WBA_V1.1.0RC1, STM32Cube_FW_WBA_V1.2.0, STM32Cube_FW_WBA_V1.2.0RC2, STM32Cube_FW_WB_V1.15.0RC1, STM32Cube_FW_WB_V1.16.0, STM32Cube_FW_WB_V1.16.0RC2, STM32Cube_FW_WB_V1.18.0, STM32Cube_FW_WL_V1.3.0, X-CUBE-ALGOBUILD_V1.3.0, X-CUBE-ALS_V1.0.1, X-CUBE-AZRTOS-F4_V1.1.0, X-CUBE-AZRTOS-F7_V1.1.0, X-CUBE-AZRTOS-G0_V1.1.0, X-CUBE-AZRTOS-G4_V2.0.0, X-CUBE-AZRTOS-H7_V3.1.0, X-CUBE-AZRTOS-L4_V1.0.0, X-CUBE-AZRTOS-L4_V2.0.0, X-CUBE-AZRTOS-L5_V1.1.0, X-CUBE-AZRTOS-WB_V2.0.0, X-CUBE-AZRTOS-WL_V2.0.0, X-CUBE-BLE1_V7.0.0, X-CUBE-BLE2_V3.3.0, X-CUBE-BLEMGR_V2.0.0, X-CUBE-EEPRMA1_V4.1.0, X-CUBE-EEPRMA1_V4.2.0, X-CUBE-FREERTOS_V1.1.0, X-CUBE-GNSS1_V6.0.0, X-CUBE-MEMS1_V10.0.0, X-CUBE-MEMS1_V9.1.0, X-CUBE-MEMS1_V9.4.0, X-CUBE-MEMS1_V9.6.0, X-CUBE-NFC4_V3.0.0, X-CUBE-NFC7_V1.0.1, X-CUBE-SFXS2LP1_V4.0.0, X-CUBE-SUBG2_V5.0.0, X-CUBE-TOF1_V3.3.1]
2023-12-12 09:20:12,251 [INFO] ApiDb:240 - Found 323 in-development CPN: [B-G473E-ZEST1S, B-WB1M-WPAN1, B-WL5M-SUBG1, NUCLEO-C031C6, NUCLEO-H503RB, NUCLEO-H563ZI, NUCLEO-U545RE-Q, NUCLEO-U5A5ZJ-Q, NUCLEO-WBA52CG, STEVAL-PROTEUS1, STEVAL-SMARTAG2, STEVAL-STWINBX1, STM320518-EVAL, STM32C0116-DK, STM32C011D6Y3TR, STM32C011D6Y6TR, STM32C011F4P3, STM32C011F4P6, STM32C011F4U3, STM32C011F4U6TR, STM32C011F6P3, STM32C011F6P6, STM32C011F6U3, STM32C011F6U6TR, STM32C011J4M3, STM32C011J4M6, STM32C011J6M3, STM32C011J6M6, STM32C0316-DK, STM32C031C4T3, STM32C031C4T6, STM32C031C4U3, STM32C031C4U6, STM32C031C6T3, STM32C031C6T6, STM32C031C6U3, STM32C031C6U6, STM32C031F4P3, STM32C031F4P6, STM32C031F6P3, STM32C031F6P6, STM32C031G4U3, STM32C031G4U6, STM32C031G6U3, STM32C031G6U6, STM32C031K4T3, STM32C031K4T6, STM32C031K4U3, STM32C031K4U6, STM32C031K6T3, STM32C031K6T6, STM32C031K6U3, STM32C031K6U6, STM32G071K8TXN, STM32G071K8UXN, STM32G081GBU6N, STM32G081KBT6N, STM32G081KBUXN, STM32G0B1CCT6N, STM32G0B1KCT6, STM32G0B1NEY6TR, STM32G0B1RCT6N, STM32G0C1CCT6, STM32G0C1CCT6N, STM32G0C1CCU6N, STM32G0C1CET6N, STM32G0C1CEU6N, STM32G0C1KCT6, STM32G0C1NEY6TR, STM32G0C1RCI6N, STM32G0C1RCT6N, STM32G0C1REI6N, STM32G0C1RET6N, STM32G0C1VCI6, STM32G0C1VEI6, STM32G471CCT6, STM32G471CCU6, STM32G471CET3, STM32G471CET6, STM32G471CEU3, STM32G471CEU6, STM32G471MCT6, STM32G471MET3, STM32G471MET6, STM32G471MEY6TR, STM32G471QCT6, STM32G471QET3, STM32G471RCT6, STM32G471RET3, STM32G471RET6, STM32G471VCH6, STM32G471VCI6, STM32G471VCT6, STM32G471VEH3, STM32G471VEH6, STM32G471VEI3, STM32G471VEI6, STM32G471VET3, STM32G471VET6, STM32G474CCT6, STM32H503CBT6, STM32H503CBU6, STM32H503EBY6TR, STM32H503KBU6, STM32H503RBT6, STM32H562AGI6, STM32H562AII6, STM32H562IGK6, STM32H562IGT6, STM32H562IIK6, STM32H562IIT6, STM32H562RGT6, STM32H562RGV6, STM32H562RIT6, STM32H562RIV6, STM32H562VGT6, STM32H562VIT6, STM32H562ZGT6, STM32H562ZIT6, STM32H563AGI6, STM32H563AII3Q, STM32H563AII6, STM32H563IGK6, STM32H563IGT6, STM32H563IIK3Q, STM32H563IIK6, STM32H563IIT3Q, STM32H563IIT6, STM32H563MIY3QTR, STM32H563RGT6, STM32H563RGV6, STM32H563RIT6, STM32H563RIV6, STM32H563VGT6, STM32H563VIT3Q, STM32H563VIT6, STM32H563ZGT6, STM32H563ZIT3Q, STM32H563ZIT6, STM32H573AII3Q, STM32H573AII6, STM32H573I-DK, STM32H573IIK3Q, STM32H573IIK6, STM32H573IIT3Q, STM32H573IIT6, STM32H573MIY3QTR, STM32H573RIT6, STM32H573RIV6, STM32H573VIT3Q, STM32H573VIT6, STM32H573ZIT3Q, STM32H573ZIT6, STM32L4R5QGI6STR, STM32MP131AAE3, STM32MP131AAF3, STM32MP131AAG3, STM32MP131CAE3, STM32MP131CAF3, STM32MP131CAG3, STM32MP131DAE7, STM32MP131DAF7, STM32MP131DAG7, STM32MP131FAE7, STM32MP131FAF7, STM32MP131FAG7, STM32MP133AAE3, STM32MP133AAF3, STM32MP133AAG3, STM32MP133CAE3, STM32MP133CAF3, STM32MP133CAG3, STM32MP133DAE7, STM32MP133DAF7, STM32MP133DAG7, STM32MP133FAE7, STM32MP133FAF7, STM32MP133FAG7, STM32MP135AAE3, STM32MP135AAF3, STM32MP135AAG3, STM32MP135CAE3, STM32MP135CAF3, STM32MP135CAG3, STM32MP135DAE7, STM32MP135DAF7, STM32MP135DAG7, STM32MP135F-DK, STM32MP135FAE7, STM32MP135FAF7, STM32MP135FAF7T, STM32MP135FAF7U, STM32MP135FAG7, STM32U535CBT6, STM32U535CBT6Q, STM32U535CBU6, STM32U535CBU6Q, STM32U535CCT6, STM32U535CCT6Q, STM32U535CCU6, STM32U535CCU6Q, STM32U535CET6, STM32U535CET6Q, STM32U535CEU6, STM32U535CEU6Q, STM32U535JEY6QTR, STM32U535NCY6QTR, STM32U535NEY6QTR, STM32U535RBI6, STM32U535RBI6Q, STM32U535RBT6, STM32U535RBT6Q, STM32U535RCI6, STM32U535RCI6Q, STM32U535RCT6, STM32U535RCT6Q, STM32U535REI6, STM32U535REI6Q, STM32U535RET6, STM32U535RET6Q, STM32U535VCI6, STM32U535VCI6Q, STM32U535VCT6, STM32U535VCT6Q, STM32U535VEI6, STM32U535VEI6Q, STM32U535VET6, STM32U535VET6Q, STM32U545CET6, STM32U545CET6Q, STM32U545CEU6, STM32U545CEU6Q, STM32U545JEY6QTR, STM32U545NEY6QTR, STM32U545REI6, STM32U545REI6Q, STM32U545RET6, STM32U545RET6Q, STM32U545VEI6, STM32U545VEI6Q, STM32U545VET6, STM32U545VET6Q, STM32U595AIH6, STM32U595AIH6Q, STM32U595AJH6, STM32U595AJH6Q, STM32U595QII6, STM32U595QII6Q, STM32U595QJI6, STM32U595QJI6Q, STM32U595RIT6, STM32U595RIT6Q, STM32U595RJT6, STM32U595RJT6Q, STM32U595VIT6, STM32U595VIT6Q, STM32U595VJT6, STM32U595VJT6Q, STM32U595ZIT6, STM32U595ZIT6Q, STM32U595ZIY6QTR, STM32U595ZJT6, STM32U595ZJT6Q, STM32U595ZJY6QTR, STM32U599BJY6QTR, STM32U599NIH6Q, STM32U599NJH6Q, STM32U599VIT6Q, STM32U599VJT6, STM32U599VJT6Q, STM32U599ZIT6Q, STM32U599ZIY6QTR, STM32U599ZJT6Q, STM32U599ZJY6QTR, STM32U5A5AJH6, STM32U5A5AJH6Q, STM32U5A5QJI6, STM32U5A5QJI6Q, STM32U5A5RJT6, STM32U5A5RJT6Q, STM32U5A5VJT6, STM32U5A5VJT6Q, STM32U5A5ZJT6, STM32U5A5ZJT6Q, STM32U5A5ZJY6QTR, STM32U5A9BJY6QTR, STM32U5A9J-DK, STM32U5A9NJH6Q, STM32U5A9VJT6Q, STM32U5A9ZJT6Q, STM32U5A9ZJY6QTR, STM32U5F7VIT6, STM32U5F7VIT6Q, STM32U5F7VJT6, STM32U5F7VJT6Q, STM32U5F9BJY6QTR, STM32U5F9NJH6Q, STM32U5F9VIT6Q, STM32U5F9VJT6Q, STM32U5F9ZIJ6QTR, STM32U5F9ZIT6Q, STM32U5F9ZJJ6QTR, STM32U5F9ZJT6Q, STM32U5G7VJT6, STM32U5G7VJT6Q, STM32U5G9BJY6QTR, STM32U5G9J-DK1, STM32U5G9J-DK2, STM32U5G9NJH6Q, STM32U5G9VJT6Q, STM32U5G9ZJJ6QTR, STM32U5G9ZJT6Q, STM32WB1MMCH6, STM32WBA52CEU6, STM32WBA52CEU6T, STM32WBA52CGU6, STM32WBA52CGU6T, STM32WBA52KEU6, STM32WBA52KEU6T, STM32WBA52KGU6, STM32WBA52KGU6T, STM32WL5MOCH6, STM32WL5MOCH6TR]
2023-12-12 09:20:12,256 [INFO] DbMcus:217 - Found 3882 MCUs, 3882 are supported
2023-12-12 09:20:12,257 [INFO] ApiDb:423 - Load user favorites file C:\Users\popo/.stm32cubeide/favorites.mcus.txt: 1 item(s)
2023-12-12 09:20:12,257 [INFO] ApiDb:427 - User favorites MCUs=[STM32F411RET6]
2023-12-12 09:20:12,257 [INFO] DbMcus:223 - Set 1 / 1 favorites MCUs
2023-12-12 09:20:12,720 [WARN] ThirdParty:833 - waiting for thirdparty lock release [change project]
2023-12-12 09:20:12,720 [INFO] ThirdParty:835 - entering critical section [change project]
2023-12-12 09:20:12,721 [INFO] ThirdParty:1030 - CMSIS Pack Vendor :STMicroelectronics X-CUBE-ISPU 1.1.0
2023-12-12 09:20:12,721 [INFO] ThirdParty:1030 - CMSIS Pack Vendor :STMicroelectronics USBPD 4.1
2023-12-12 09:20:12,721 [INFO] ThirdParty:1030 - CMSIS Pack Vendor :STMicroelectronics X-CUBE-GNSS1 6.0.0
2023-12-12 09:20:12,721 [INFO] ThirdParty:1030 - CMSIS Pack Vendor :STMicroelectronics USB_HOST 2.0.0
2023-12-12 09:20:12,721 [INFO] ThirdParty:1030 - CMSIS Pack Vendor :STMicroelectronics X-CUBE-AZRTOS-F4 1.1.0
2023-12-12 09:20:12,721 [INFO] ThirdParty:1030 - CMSIS Pack Vendor :STMicroelectronics LIBJPEG 8.0.0
2023-12-12 09:20:12,721 [INFO] ThirdParty:1030 - CMSIS Pack Vendor :STMicroelectronics X-CUBE-SMBUS 2.1.0
2023-12-12 09:20:12,721 [INFO] ThirdParty:1030 - CMSIS Pack Vendor :wolfSSL I-CUBE-wolfSSL 5.6.0
2023-12-12 09:20:12,721 [INFO] ThirdParty:1030 - CMSIS Pack Vendor :STMicroelectronics USB_DEVICE 3.0.0
2023-12-12 09:20:12,721 [INFO] ThirdParty:1030 - CMSIS Pack Vendor :STMicroelectronics X-CUBE-AZRTOS-WB 2.0.0
2023-12-12 09:20:12,721 [INFO] ThirdParty:1030 - CMSIS Pack Vendor :STMicroelectronics X-CUBE-FREERTOS 1.0.1
2023-12-12 09:20:12,721 [INFO] ThirdParty:1030 - CMSIS Pack Vendor :STMicroelectronics X-CUBE-AZRTOS-F7 1.1.0
2023-12-12 09:20:12,721 [INFO] ThirdParty:1030 - CMSIS Pack Vendor :STMicroelectronics X-CUBE-TOUCHGFX 4.21.4
2023-12-12 09:20:12,721 [INFO] ThirdParty:1030 - CMSIS Pack Vendor :STMicroelectronics X-CUBE-AZRTOS-L5 2.0.0
2023-12-12 09:20:12,722 [INFO] ThirdParty:1030 - CMSIS Pack Vendor :STMicroelectronics USB_DEVICE 2.0.0
2023-12-12 09:20:12,722 [INFO] ThirdParty:1030 - CMSIS Pack Vendor :STMicroelectronics X-CUBE-MEMS1 9.6.0
2023-12-12 09:20:12,722 [INFO] ThirdParty:1030 - CMSIS Pack Vendor :ITTIA_DB I-CUBE-ITTIADB 8.8.0
2023-12-12 09:20:12,722 [INFO] ThirdParty:1030 - CMSIS Pack Vendor :STMicroelectronics FP-SNS-MOTENV1 4.3.2
2023-12-12 09:20:12,722 [INFO] ThirdParty:1030 - CMSIS Pack Vendor :STMicroelectronics FP-SNS-MOTENV1 4.3.1
2023-12-12 09:20:12,722 [INFO] ThirdParty:1030 - CMSIS Pack Vendor :STMicroelectronics FP-SNS-FLIGHT1 5.0.1
2023-12-12 09:20:12,722 [INFO] ThirdParty:1030 - CMSIS Pack Vendor :STMicroelectronics X-CUBE-ALGOBUILD 1.3.0
2023-12-12 09:20:12,722 [INFO] ThirdParty:1030 - CMSIS Pack Vendor :STMicroelectronics X-CUBE-BLE1 6.2.4
2023-12-12 09:20:12,722 [INFO] ThirdParty:1030 - CMSIS Pack Vendor :STMicroelectronics X-CUBE-AZRTOS-L5 1.1.0
2023-12-12 09:20:12,722 [INFO] ThirdParty:1030 - CMSIS Pack Vendor :STMicroelectronics FreeRTOS 0.0.1
2023-12-12 09:20:12,722 [INFO] ThirdParty:1030 - CMSIS Pack Vendor :STMicroelectronics X-CUBE-AZRTOS-G0 1.1.0
2023-12-12 09:20:12,722 [INFO] ThirdParty:1030 - CMSIS Pack Vendor :emotas I-CUBE-CANOPEN 1.1.3
2023-12-12 09:20:12,722 [INFO] ThirdParty:1030 - CMSIS Pack Vendor :STMicroelectronics X-CUBE-BLEMGR 2.0.0
2023-12-12 09:20:12,722 [INFO] ThirdParty:1030 - CMSIS Pack Vendor :STMicroelectronics X-CUBE-AI 8.0.1
2023-12-12 09:20:12,722 [INFO] ThirdParty:1030 - CMSIS Pack Vendor :STMicroelectronics X-CUBE-NFC4 3.0.0
2023-12-12 09:20:12,722 [INFO] ThirdParty:1030 - CMSIS Pack Vendor :STMicroelectronics X-CUBE-SUBG2 5.0.0
2023-12-12 09:20:12,723 [INFO] ThirdParty:1030 - CMSIS Pack Vendor :STMicroelectronics STM32_WPAN 1.0.0
2023-12-12 09:20:12,723 [INFO] ThirdParty:1030 - CMSIS Pack Vendor :STMicroelectronics lwIP 2.0.3
2023-12-12 09:20:12,723 [INFO] ThirdParty:1030 - CMSIS Pack Vendor :STMicroelectronics FP-SNS-FLIGHT1 5.0.2
2023-12-12 09:20:12,723 [INFO] ThirdParty:1030 - CMSIS Pack Vendor :STMicroelectronics USB_HOST 1.0.0
2023-12-12 09:20:12,723 [INFO] ThirdParty:1030 - CMSIS Pack Vendor :STMicroelectronics X-CUBE-TOF1 3.3.1
2023-12-12 09:20:12,723 [INFO] ThirdParty:1030 - CMSIS Pack Vendor :STMicroelectronics X-CUBE-AZRTOS-G4 2.0.0
2023-12-12 09:20:12,723 [INFO] ThirdParty:1030 - CMSIS Pack Vendor :STMicroelectronics PDM2PCM 3.1.0
2023-12-12 09:20:12,723 [INFO] ThirdParty:1030 - CMSIS Pack Vendor :STMicroelectronics X-CUBE-AZRTOS-H7 3.1.0
2023-12-12 09:20:12,723 [INFO] ThirdParty:1030 - CMSIS Pack Vendor :STMicroelectronics X-CUBE-TOF1 3.3.0
2023-12-12 09:20:12,723 [INFO] ThirdParty:1030 - CMSIS Pack Vendor :Infineon AIROC-Wi-Fi-Bluetooth-STM32 1.5.1
2023-12-12 09:20:12,723 [INFO] ThirdParty:1030 - CMSIS Pack Vendor :STMicroelectronics PDM2PCM 3.3.0
2023-12-12 09:20:12,723 [INFO] ThirdParty:1030 - CMSIS Pack Vendor :STMicroelectronics X-CUBE-DISPLAY 3.0.0
2023-12-12 09:20:12,723 [INFO] ThirdParty:1030 - CMSIS Pack Vendor :STMicroelectronics FP-SNS-MOTENVWB1 1.3.0
2023-12-12 09:20:12,723 [INFO] ThirdParty:1030 - CMSIS Pack Vendor :STMicroelectronics FP-SNS-MOTENVWB1 1.3.1
2023-12-12 09:20:12,723 [INFO] ThirdParty:1030 - CMSIS Pack Vendor :STMicroelectronics X-CUBE-BLE1 7.0.0
2023-12-12 09:20:12,723 [INFO] ThirdParty:1030 - CMSIS Pack Vendor :STMicroelectronics FP-ATR-SIGFOX1 3.2.0
2023-12-12 09:20:12,723 [INFO] ThirdParty:1030 - CMSIS Pack Vendor :STMicroelectronics X-CUBE-ISPU 2.0.0
2023-12-12 09:20:12,723 [INFO] ThirdParty:1030 - CMSIS Pack Vendor :STMicroelectronics HAL Drivers 0.0.0
2023-12-12 09:20:12,723 [INFO] ThirdParty:1030 - CMSIS Pack Vendor :STMicroelectronics MBEDTLS 2.16.2
2023-12-12 09:20:12,724 [INFO] ThirdParty:1030 - CMSIS Pack Vendor :STMicroelectronics X-CUBE-FREERTOS 1.1.0
2023-12-12 09:20:12,724 [INFO] ThirdParty:1030 - CMSIS Pack Vendor :STMicroelectronics X-CUBE-TOUCHGFX 4.22.0
2023-12-12 09:20:12,724 [INFO] ThirdParty:1030 - CMSIS Pack Vendor :STMicroelectronics X-CUBE-NFC7 1.0.1
2023-12-12 09:20:12,724 [INFO] ThirdParty:1030 - CMSIS Pack Vendor :STMicroelectronics MBEDTLS 2.14.1
2023-12-12 09:20:12,724 [INFO] ThirdParty:1030 - CMSIS Pack Vendor :STMicroelectronics X-CUBE-NFC7 1.0.0
2023-12-12 09:20:12,724 [INFO] ThirdParty:1030 - CMSIS Pack Vendor :STMicroelectronics X-CUBE-AZRTOS-WL 1.0.0
2023-12-12 09:20:12,724 [INFO] ThirdParty:1030 - CMSIS Pack Vendor :STMicroelectronics X-CUBE-NFC6 3.0.0
2023-12-12 09:20:12,724 [INFO] ThirdParty:1030 - CMSIS Pack Vendor :STMicroelectronics X-CUBE-EEPRMA1 4.1.0
2023-12-12 09:20:12,724 [INFO] ThirdParty:1030 - CMSIS Pack Vendor :portGmbH I-Cube-SoM-uGOAL 1.1.0
2023-12-12 09:20:12,724 [INFO] ThirdParty:1030 - CMSIS Pack Vendor :STMicroelectronics X-CUBE-ALS 1.0.1
2023-12-12 09:20:12,724 [INFO] ThirdParty:1030 - CMSIS Pack Vendor :STMicroelectronics ThreadX 1.0.0
2023-12-12 09:20:12,724 [INFO] ThirdParty:1030 - CMSIS Pack Vendor :STMicroelectronics X-CUBE-AZRTOS-WB 1.1.0
2023-12-12 09:20:12,724 [INFO] ThirdParty:1030 - CMSIS Pack Vendor :STMicroelectronics X-CUBE-AZRTOS-WL 2.0.0
2023-12-12 09:20:12,724 [INFO] ThirdParty:1030 - CMSIS Pack Vendor :SEGGER I-CUBE-embOS 1.3.1
2023-12-12 09:20:12,724 [INFO] ThirdParty:1030 - CMSIS Pack Vendor :STMicroelectronics USB_DEVICE 1.0.0
2023-12-12 09:20:12,724 [INFO] ThirdParty:1030 - CMSIS Pack Vendor :STMicroelectronics X-CUBE-AI 8.1.0
2023-12-12 09:20:12,724 [INFO] ThirdParty:1030 - CMSIS Pack Vendor :STMicroelectronics X-CUBE-AZRTOS-L4 2.0.0
2023-12-12 09:20:12,724 [INFO] ThirdParty:1030 - CMSIS Pack Vendor :STMicroelectronics ThreadX 0.0.2
2023-12-12 09:20:12,724 [INFO] ThirdParty:1030 - CMSIS Pack Vendor :WES I-CUBE-Cesium 1.3.0
2023-12-12 09:20:12,725 [INFO] ThirdParty:1030 - CMSIS Pack Vendor :STMicroelectronics FP-ATR-ASTRA1 2.0.0
2023-12-12 09:20:12,725 [INFO] ThirdParty:1030 - CMSIS Pack Vendor :STMicroelectronics lwIP 2.1.2
2023-12-12 09:20:12,725 [INFO] ThirdParty:1030 - CMSIS Pack Vendor :STMicroelectronics X-CUBE-SFXS2LP1 4.0.0
2023-12-12 09:20:12,725 [INFO] ThirdParty:1030 - CMSIS Pack Vendor :STMicroelectronics X-CUBE-BLE2 3.3.0
2023-12-12 09:20:12,725 [INFO] ThirdParty:1030 - CMSIS Pack Vendor :STMicroelectronics X-CUBE-TOF1 3.4.0
2023-12-12 09:20:12,725 [INFO] ThirdParty:1030 - CMSIS Pack Vendor :STMicroelectronics X-CUBE-AZRTOS-H7 3.2.0
2023-12-12 09:20:12,725 [INFO] ThirdParty:1030 - CMSIS Pack Vendor :STMicroelectronics PDM2PCM 3.2.0
2023-12-12 09:20:12,725 [INFO] ThirdParty:841 - exiting critical section [change project]
2023-12-12 09:20:13,161 [INFO] PinOutPanel:1499 - setPackage(No Configuration,No Configuration)
2023-12-12 09:20:13,179 [INFO] PinOutPanel:1499 - setPackage(STM32F411RETx,LQFP64)
2023-12-12 09:20:13,691 [INFO] UtilMem:75 - Before build in PCC Used Memory: 178011904 Bytes (314572800)
2023-12-12 09:20:14,526 [INFO] UtilMem:75 - After build in PCC Used Memory: 245113352 Bytes (314572800)
2023-12-12 09:20:14,553 [INFO] IPUIPlugin:80 - create IPUIPlugin
2023-12-12 09:20:14,554 [INFO] IPUIPlugin:80 - create IPUIPlugin
2023-12-12 09:20:14,554 [INFO] IPUIPlugin:80 - create IPUIPlugin
2023-12-12 09:20:14,554 [INFO] IPUIPlugin:80 - create IPUIPlugin
2023-12-12 09:20:14,554 [INFO] IPUIPlugin:80 - create IPUIPlugin
2023-12-12 09:20:14,554 [INFO] IPUIPlugin:80 - create IPUIPlugin
2023-12-12 09:20:14,554 [INFO] IPUIPlugin:80 - create IPUIPlugin
2023-12-12 09:20:14,554 [INFO] IPUIPlugin:80 - create IPUIPlugin
2023-12-12 09:20:14,554 [INFO] IPUIPlugin:80 - create IPUIPlugin
2023-12-12 09:20:14,554 [INFO] IPUIPlugin:80 - create IPUIPlugin
2023-12-12 09:20:14,555 [INFO] IPUIPlugin:80 - create IPUIPlugin
2023-12-12 09:20:14,555 [INFO] IPUIPlugin:80 - create IPUIPlugin
2023-12-12 09:20:14,555 [INFO] IPUIPlugin:80 - create IPUIPlugin
2023-12-12 09:20:14,555 [INFO] IPUIPlugin:80 - create IPUIPlugin
2023-12-12 09:20:14,556 [INFO] IPUIPlugin:80 - create IPUIPlugin
2023-12-12 09:20:14,556 [INFO] IPUIPlugin:80 - create IPUIPlugin
2023-12-12 09:20:14,559 [INFO] IPUIPlugin:80 - create IPUIPlugin
2023-12-12 09:20:14,559 [INFO] IPUIPlugin:80 - create IPUIPlugin
2023-12-12 09:20:14,560 [INFO] IPUIPlugin:80 - create IPUIPlugin
2023-12-12 09:20:14,560 [INFO] IPUIPlugin:80 - create IPUIPlugin
2023-12-12 09:20:14,560 [INFO] IPUIPlugin:80 - create IPUIPlugin
2023-12-12 09:20:14,560 [INFO] IPUIPlugin:80 - create IPUIPlugin
2023-12-12 09:20:14,560 [INFO] IPUIPlugin:80 - create IPUIPlugin
2023-12-12 09:20:14,561 [INFO] IPUIPlugin:80 - create IPUIPlugin
2023-12-12 09:20:14,561 [INFO] IPUIPlugin:80 - create IPUIPlugin
2023-12-12 09:20:14,561 [INFO] IPUIPlugin:80 - create IPUIPlugin
2023-12-12 09:20:14,562 [INFO] IPUIPlugin:80 - create IPUIPlugin
2023-12-12 09:20:14,563 [INFO] IPUIPlugin:80 - create IPUIPlugin
2023-12-12 09:20:14,563 [INFO] IPUIPlugin:80 - create IPUIPlugin
2023-12-12 09:20:14,563 [INFO] IPUIPlugin:80 - create IPUIPlugin
2023-12-12 09:20:14,564 [INFO] IPUIPlugin:80 - create IPUIPlugin
2023-12-12 09:20:14,564 [INFO] IPUIPlugin:80 - create IPUIPlugin
2023-12-12 09:20:14,564 [INFO] IPUIPlugin:80 - create IPUIPlugin
2023-12-12 09:20:14,564 [INFO] IPUIPlugin:80 - create IPUIPlugin
2023-12-12 09:20:14,564 [INFO] IPUIPlugin:80 - create IPUIPlugin
2023-12-12 09:20:14,565 [INFO] IPUIPlugin:80 - create IPUIPlugin
2023-12-12 09:20:14,565 [INFO] IPUIPlugin:80 - create IPUIPlugin
2023-12-12 09:20:14,565 [INFO] IPUIPlugin:80 - create IPUIPlugin
2023-12-12 09:20:14,566 [INFO] IPUIPlugin:80 - create IPUIPlugin
2023-12-12 09:20:14,566 [INFO] IPUIPlugin:80 - create IPUIPlugin
2023-12-12 09:20:14,566 [INFO] IPUIPlugin:80 - create IPUIPlugin
2023-12-12 09:20:14,567 [INFO] IPUIPlugin:80 - create IPUIPlugin
2023-12-12 09:20:14,567 [INFO] IPUIPlugin:80 - create IPUIPlugin
2023-12-12 09:20:14,655 [INFO] ApiDbMcu:507 - Load IP Config File for PDM2PCM
2023-12-12 09:20:14,873 [INFO] CADModel:165 - CPN selected for project levelSTM32F411RET6
2023-12-12 09:20:14,873 [INFO] CADModel:114 - Register for checkConnection events
2023-12-12 09:20:14,933 [INFO] OpenFileManager:328 - Restore cursor
2023-12-12 09:20:19,071 [ERROR] LogOutputStream:75 - [STDERR_REDIRECT] SLF4J: Failed to load class "org.slf4j.impl.StaticLoggerBinder".
2023-12-12 09:20:19,071 [ERROR] LogOutputStream:75 - [STDERR_REDIRECT] SLF4J: Defaulting to no-operation (NOP) logger implementation
2023-12-12 09:20:19,073 [ERROR] LogOutputStream:75 - [STDERR_REDIRECT] SLF4J: See http://www.slf4j.org/codes.html#StaticLoggerBinder for further details.
2023-12-12 09:33:41,203 [INFO] NvicIntPanel:101 - NVIC parent = com.st.microxplorer.plugins.ip.nvic.MultiNvicIntPanel[,0,0,0x0,invalid,layout=javax.swing.BoxLayout,alignmentX=0.0,alignmentY=0.0,border=,flags=9,maximumSize=,minimumSize=,preferredSize=]
2023-12-12 09:34:19,780 [INFO] NvicIntPanel:101 - NVIC parent = com.st.microxplorer.plugins.ip.nvic.MultiNvicIntPanel[,0,0,0x0,invalid,layout=javax.swing.BoxLayout,alignmentX=0.0,alignmentY=0.0,border=,flags=9,maximumSize=,minimumSize=,preferredSize=]
2023-12-12 09:40:09,317 [INFO] NvicIntPanel:101 - NVIC parent = com.st.microxplorer.plugins.ip.nvic.MultiNvicIntPanel[,0,0,0x0,invalid,layout=javax.swing.BoxLayout,alignmentX=0.0,alignmentY=0.0,border=,flags=9,maximumSize=,minimumSize=,preferredSize=]
2023-12-12 09:41:19,593 [INFO] NvicIntPanel:101 - NVIC parent = com.st.microxplorer.plugins.ip.nvic.MultiNvicIntPanel[,0,0,0x0,invalid,layout=javax.swing.BoxLayout,alignmentX=0.0,alignmentY=0.0,border=,flags=9,maximumSize=,minimumSize=,preferredSize=]
2023-12-12 09:44:40,279 [INFO] NvicIntPanel:101 - NVIC parent = com.st.microxplorer.plugins.ip.nvic.MultiNvicIntPanel[,0,0,450x245,layout=javax.swing.BoxLayout,alignmentX=0.0,alignmentY=0.0,border=,flags=9,maximumSize=,minimumSize=,preferredSize=]
2023-12-12 09:45:13,196 [INFO] NvicIntPanel:101 - NVIC parent = com.st.microxplorer.plugins.ip.nvic.MultiNvicIntPanel[,0,0,0x0,invalid,layout=javax.swing.BoxLayout,alignmentX=0.0,alignmentY=0.0,border=,flags=9,maximumSize=,minimumSize=,preferredSize=]
2023-12-12 09:45:44,165 [INFO] UtilMem:75 - End SaveConfig() Used Memory: 667546888 Bytes (1073741824)
2023-12-12 09:45:47,290 [INFO] UtilMem:75 - End SaveConfig() Used Memory: 707864920 Bytes (1073741824)
2023-12-12 09:45:47,777 [INFO] BlockDiagram:2759 - set Specific Code input for plugin: NVIC
2023-12-12 09:45:47,777 [INFO] BlockDiagram:2759 - set Specific Code input for plugin: USART
2023-12-12 09:45:47,777 [INFO] BlockDiagram:2759 - set Specific Code input for plugin: TIM1_8
2023-12-12 09:45:47,777 [INFO] BlockDiagram:2759 - set Specific Code input for plugin: SYS
2023-12-12 09:45:47,781 [INFO] BlockDiagram:2759 - set Specific Code input for plugin: GPIO
2023-12-12 09:45:47,782 [INFO] BlockDiagram:2759 - set Specific Code input for plugin: RCC
2023-12-12 09:45:47,786 [INFO] CodeGenerator:799 - code generatio: config db path: C:\ST\STM32CubeIDE_1.13.1\STM32CubeIDE\plugins\com.st.stm32cube.common.mx_6.9.1.202307191849\\db\
2023-12-12 09:45:48,086 [INFO] CodeEngine:255 - oldGeneratedFile, C:\Users\popo\STM32CubeIDE\workspace_1.13.1\Test01-GPIO\MXTmpFiles\license.tmp_save
2023-12-12 09:45:48,594 [INFO] CodeEngine:279 - Generated code: C:\Users\popo\STM32CubeIDE\workspace_1.13.1\Test01-GPIO\MXTmpFiles\license.tmp
2023-12-12 09:45:48,651 [INFO] CodeEngine:255 - oldGeneratedFile, C:\Users\popo\STM32CubeIDE\workspace_1.13.1\Test01-GPIO\MXTmpFiles\gpio.tmp_save
2023-12-12 09:45:48,790 [INFO] CodeEngine:279 - Generated code: C:\Users\popo\STM32CubeIDE\workspace_1.13.1\Test01-GPIO\MXTmpFiles\gpio.tmp
2023-12-12 09:45:48,951 [INFO] CodeEngine:255 - oldGeneratedFile, C:\Users\popo\STM32CubeIDE\workspace_1.13.1\Test01-GPIO\Core\Src\stm32f4xx_it.c_save
2023-12-12 09:45:49,139 [INFO] CodeEngine:279 - Generated code: C:\Users\popo\STM32CubeIDE\workspace_1.13.1\Test01-GPIO\Core\Src\stm32f4xx_it.c
2023-12-12 09:45:49,152 [INFO] CodeEngine:255 - oldGeneratedFile, C:\Users\popo\STM32CubeIDE\workspace_1.13.1\Test01-GPIO\Core\Inc\stm32f4xx_it.h_save
2023-12-12 09:45:49,252 [INFO] CodeEngine:279 - Generated code: C:\Users\popo\STM32CubeIDE\workspace_1.13.1\Test01-GPIO\Core\Inc\stm32f4xx_it.h
2023-12-12 09:45:49,276 [INFO] CodeEngine:255 - oldGeneratedFile, C:\Users\popo\STM32CubeIDE\workspace_1.13.1\Test01-GPIO\Core\Src\stm32f4xx_hal_msp.c_save
2023-12-12 09:45:49,644 [INFO] CodeEngine:279 - Generated code: C:\Users\popo\STM32CubeIDE\workspace_1.13.1\Test01-GPIO\Core\Src\stm32f4xx_hal_msp.c
2023-12-12 09:45:49,657 [INFO] CodeEngine:255 - oldGeneratedFile, C:\Users\popo\STM32CubeIDE\workspace_1.13.1\Test01-GPIO\MXTmpFiles\system.tmp_save
2023-12-12 09:45:49,747 [INFO] CodeEngine:279 - Generated code: C:\Users\popo\STM32CubeIDE\workspace_1.13.1\Test01-GPIO\MXTmpFiles\system.tmp
2023-12-12 09:45:49,767 [INFO] CodeEngine:311 - oldGeneratedFile, C:\Users\popo\STM32CubeIDE\workspace_1.13.1\Test01-GPIO\Core\Inc\stm32f4xx_hal_conf.h_save
2023-12-12 09:45:49,880 [INFO] CodeEngine:335 - Generated code: C:\Users\popo\STM32CubeIDE\workspace_1.13.1\Test01-GPIO\Core\Inc\stm32f4xx_hal_conf.h
2023-12-12 09:45:49,940 [WARN] IPConfigManager:3431 - IP not found : TIM
2023-12-12 09:45:49,942 [WARN] CodeGenerator:3760 - IP not found : null
2023-12-12 09:45:49,957 [INFO] CodeEngine:255 - oldGeneratedFile, C:\Users\popo\STM32CubeIDE\workspace_1.13.1\Test01-GPIO\Core\Inc\main.h_save
2023-12-12 09:45:50,071 [INFO] CodeEngine:279 - Generated code: C:\Users\popo\STM32CubeIDE\workspace_1.13.1\Test01-GPIO\Core\Inc\main.h
2023-12-12 09:45:50,082 [INFO] CodeEngine:255 - oldGeneratedFile, C:\Users\popo\STM32CubeIDE\workspace_1.13.1\Test01-GPIO\Core\Src\main.c_save
2023-12-12 09:45:50,259 [INFO] CodeEngine:279 - Generated code: C:\Users\popo\STM32CubeIDE\workspace_1.13.1\Test01-GPIO\Core\Src\main.c
2023-12-12 09:45:51,220 [INFO] ProjectBuilder:3064 - Time for Copy HAL[1] : 385mS.
2023-12-12 09:45:51,230 [INFO] ProjectBuilder:4404 - Project Generator version: 4.1.0
2023-12-12 09:45:51,587 [INFO] ConfigFileManager:1457 - The Die is : DIE431
2023-12-12 09:45:51,601 [INFO] ApiDbMcu:507 - Load IP Config File for FATFS
2023-12-12 09:45:51,618 [INFO] ApiDbMcu:507 - Load IP Config File for FREERTOS
2023-12-12 09:45:51,622 [INFO] ApiDbMcu:507 - Load IP Config File for LIBJPEG
2023-12-12 09:45:51,635 [INFO] ApiDbMcu:507 - Load IP Config File for MBEDTLS
2023-12-12 09:45:51,856 [INFO] ApiDbMcu:507 - Load IP Config File for USB_DEVICE
2023-12-12 09:45:51,861 [INFO] ApiDbMcu:507 - Load IP Config File for USB_HOST
2023-12-12 09:45:52,921 [INFO] LogOutputStream:77 - [STDOUT_REDIRECT] 
2023-12-12 09:45:55,803 [INFO] ProjectBuilder:4626 - Time for Generating toolchain IDE Files: 4573mS.
2023-12-12 09:45:55,805 [INFO] ProjectBuilder:2935 - Time for Copy CMSIS : 1mS.
2023-12-12 09:45:55,811 [INFO] ProjectBuilder:2935 - Time for Copy CMSIS : 0mS.
2023-12-12 10:44:20,502 [INFO] UtilMem:75 - End SaveConfig() Used Memory: 627776576 Bytes (1073741824)
2023-12-12 10:44:20,774 [INFO] BlockDiagram:2759 - set Specific Code input for plugin: NVIC
2023-12-12 10:44:20,774 [INFO] BlockDiagram:2759 - set Specific Code input for plugin: USART
2023-12-12 10:44:20,775 [INFO] BlockDiagram:2759 - set Specific Code input for plugin: TIM1_8
2023-12-12 10:44:20,775 [INFO] BlockDiagram:2759 - set Specific Code input for plugin: SYS
2023-12-12 10:44:20,775 [INFO] BlockDiagram:2759 - set Specific Code input for plugin: GPIO
2023-12-12 10:44:20,775 [INFO] BlockDiagram:2759 - set Specific Code input for plugin: RCC
2023-12-12 10:44:20,777 [INFO] CodeGenerator:799 - code generatio: config db path: C:\ST\STM32CubeIDE_1.13.1\STM32CubeIDE\plugins\com.st.stm32cube.common.mx_6.9.1.202307191849\\db\
2023-12-12 10:44:20,954 [INFO] CodeEngine:255 - oldGeneratedFile, C:\Users\popo\STM32CubeIDE\workspace_1.13.1\Test01-GPIO\MXTmpFiles\license.tmp_save
2023-12-12 10:44:21,186 [INFO] CodeEngine:279 - Generated code: C:\Users\popo\STM32CubeIDE\workspace_1.13.1\Test01-GPIO\MXTmpFiles\license.tmp
2023-12-12 10:44:21,214 [INFO] CodeEngine:255 - oldGeneratedFile, C:\Users\popo\STM32CubeIDE\workspace_1.13.1\Test01-GPIO\MXTmpFiles\gpio.tmp_save
2023-12-12 10:44:21,340 [INFO] CodeEngine:279 - Generated code: C:\Users\popo\STM32CubeIDE\workspace_1.13.1\Test01-GPIO\MXTmpFiles\gpio.tmp
2023-12-12 10:44:21,533 [INFO] CodeEngine:255 - oldGeneratedFile, C:\Users\popo\STM32CubeIDE\workspace_1.13.1\Test01-GPIO\Core\Src\stm32f4xx_it.c_save
2023-12-12 10:44:21,771 [INFO] CodeEngine:279 - Generated code: C:\Users\popo\STM32CubeIDE\workspace_1.13.1\Test01-GPIO\Core\Src\stm32f4xx_it.c
2023-12-12 10:44:21,781 [INFO] CodeEngine:255 - oldGeneratedFile, C:\Users\popo\STM32CubeIDE\workspace_1.13.1\Test01-GPIO\Core\Inc\stm32f4xx_it.h_save
2023-12-12 10:44:21,883 [INFO] CodeEngine:279 - Generated code: C:\Users\popo\STM32CubeIDE\workspace_1.13.1\Test01-GPIO\Core\Inc\stm32f4xx_it.h
2023-12-12 10:44:21,902 [INFO] CodeEngine:255 - oldGeneratedFile, C:\Users\popo\STM32CubeIDE\workspace_1.13.1\Test01-GPIO\Core\Src\stm32f4xx_hal_msp.c_save
2023-12-12 10:44:22,069 [INFO] CodeEngine:279 - Generated code: C:\Users\popo\STM32CubeIDE\workspace_1.13.1\Test01-GPIO\Core\Src\stm32f4xx_hal_msp.c
2023-12-12 10:44:22,076 [INFO] CodeEngine:255 - oldGeneratedFile, C:\Users\popo\STM32CubeIDE\workspace_1.13.1\Test01-GPIO\MXTmpFiles\system.tmp_save
2023-12-12 10:44:22,145 [INFO] CodeEngine:279 - Generated code: C:\Users\popo\STM32CubeIDE\workspace_1.13.1\Test01-GPIO\MXTmpFiles\system.tmp
2023-12-12 10:44:22,173 [INFO] CodeEngine:311 - oldGeneratedFile, C:\Users\popo\STM32CubeIDE\workspace_1.13.1\Test01-GPIO\Core\Inc\stm32f4xx_hal_conf.h_save
2023-12-12 10:44:22,367 [INFO] CodeEngine:335 - Generated code: C:\Users\popo\STM32CubeIDE\workspace_1.13.1\Test01-GPIO\Core\Inc\stm32f4xx_hal_conf.h
2023-12-12 10:44:22,398 [WARN] IPConfigManager:3431 - IP not found : TIM
2023-12-12 10:44:22,399 [WARN] CodeGenerator:3760 - IP not found : null
2023-12-12 10:44:22,410 [INFO] CodeEngine:255 - oldGeneratedFile, C:\Users\popo\STM32CubeIDE\workspace_1.13.1\Test01-GPIO\Core\Inc\main.h_save
2023-12-12 10:44:22,504 [INFO] CodeEngine:279 - Generated code: C:\Users\popo\STM32CubeIDE\workspace_1.13.1\Test01-GPIO\Core\Inc\main.h
2023-12-12 10:44:22,513 [INFO] CodeEngine:255 - oldGeneratedFile, C:\Users\popo\STM32CubeIDE\workspace_1.13.1\Test01-GPIO\Core\Src\main.c_save
2023-12-12 10:44:22,654 [INFO] CodeEngine:279 - Generated code: C:\Users\popo\STM32CubeIDE\workspace_1.13.1\Test01-GPIO\Core\Src\main.c
2023-12-12 10:44:23,319 [INFO] ProjectBuilder:3064 - Time for Copy HAL[1] : 299mS.
2023-12-12 10:44:23,325 [INFO] ProjectBuilder:4404 - Project Generator version: 4.1.0
2023-12-12 10:44:23,766 [INFO] ConfigFileManager:1457 - The Die is : DIE431
2023-12-12 10:44:26,220 [INFO] ProjectBuilder:4626 - Time for Generating toolchain IDE Files: 2895mS.
2023-12-12 10:44:26,221 [INFO] ProjectBuilder:2935 - Time for Copy CMSIS : 1mS.
2023-12-12 10:44:26,227 [INFO] ProjectBuilder:2935 - Time for Copy CMSIS : 0mS.
2023-12-12 10:48:18,664 [INFO] NvicIntPanel:101 - NVIC parent = com.st.microxplorer.plugins.ip.nvic.MultiNvicIntPanel[,0,0,0x0,invalid,layout=javax.swing.BoxLayout,alignmentX=0.0,alignmentY=0.0,border=,flags=9,maximumSize=,minimumSize=,preferredSize=]
2023-12-12 10:58:42,657 [INFO] NvicIntPanel:101 - NVIC parent = com.st.microxplorer.plugins.ip.nvic.MultiNvicIntPanel[,0,0,450x235,layout=javax.swing.BoxLayout,alignmentX=0.0,alignmentY=0.0,border=,flags=9,maximumSize=,minimumSize=,preferredSize=]
2023-12-12 10:58:52,261 [INFO] UtilMem:75 - End SaveConfig() Used Memory: 914947632 Bytes (1073741824)
2023-12-12 10:58:54,940 [INFO] UtilMem:75 - End SaveConfig() Used Memory: 612035808 Bytes (1073741824)
2023-12-12 10:58:55,271 [INFO] BlockDiagram:2759 - set Specific Code input for plugin: NVIC
2023-12-12 10:58:55,271 [INFO] BlockDiagram:2759 - set Specific Code input for plugin: USART
2023-12-12 10:58:55,271 [INFO] BlockDiagram:2759 - set Specific Code input for plugin: TIM1_8
2023-12-12 10:58:55,272 [INFO] BlockDiagram:2759 - set Specific Code input for plugin: TIM1_8
2023-12-12 10:58:55,272 [INFO] BlockDiagram:2759 - set Specific Code input for plugin: SYS
2023-12-12 10:58:55,273 [INFO] BlockDiagram:2759 - set Specific Code input for plugin: GPIO
2023-12-12 10:58:55,274 [INFO] BlockDiagram:2759 - set Specific Code input for plugin: RCC
2023-12-12 10:58:55,275 [INFO] CodeGenerator:799 - code generatio: config db path: C:\ST\STM32CubeIDE_1.13.1\STM32CubeIDE\plugins\com.st.stm32cube.common.mx_6.9.1.202307191849\\db\
2023-12-12 10:58:55,549 [INFO] CodeEngine:255 - oldGeneratedFile, C:\Users\popo\STM32CubeIDE\workspace_1.13.1\Test01-GPIO\MXTmpFiles\license.tmp_save
2023-12-12 10:58:55,685 [INFO] CodeEngine:279 - Generated code: C:\Users\popo\STM32CubeIDE\workspace_1.13.1\Test01-GPIO\MXTmpFiles\license.tmp
2023-12-12 10:58:55,716 [INFO] CodeEngine:255 - oldGeneratedFile, C:\Users\popo\STM32CubeIDE\workspace_1.13.1\Test01-GPIO\MXTmpFiles\gpio.tmp_save
2023-12-12 10:58:55,812 [INFO] CodeEngine:279 - Generated code: C:\Users\popo\STM32CubeIDE\workspace_1.13.1\Test01-GPIO\MXTmpFiles\gpio.tmp
2023-12-12 10:58:55,963 [INFO] CodeEngine:255 - oldGeneratedFile, C:\Users\popo\STM32CubeIDE\workspace_1.13.1\Test01-GPIO\Core\Src\stm32f4xx_it.c_save
2023-12-12 10:58:56,243 [INFO] CodeEngine:279 - Generated code: C:\Users\popo\STM32CubeIDE\workspace_1.13.1\Test01-GPIO\Core\Src\stm32f4xx_it.c
2023-12-12 10:58:56,270 [INFO] CodeEngine:255 - oldGeneratedFile, C:\Users\popo\STM32CubeIDE\workspace_1.13.1\Test01-GPIO\Core\Inc\stm32f4xx_it.h_save
2023-12-12 10:58:56,347 [INFO] CodeEngine:279 - Generated code: C:\Users\popo\STM32CubeIDE\workspace_1.13.1\Test01-GPIO\Core\Inc\stm32f4xx_it.h
2023-12-12 10:58:56,364 [INFO] CodeEngine:255 - oldGeneratedFile, C:\Users\popo\STM32CubeIDE\workspace_1.13.1\Test01-GPIO\Core\Src\stm32f4xx_hal_msp.c_save
2023-12-12 10:58:56,519 [INFO] CodeEngine:279 - Generated code: C:\Users\popo\STM32CubeIDE\workspace_1.13.1\Test01-GPIO\Core\Src\stm32f4xx_hal_msp.c
2023-12-12 10:58:56,531 [INFO] CodeEngine:255 - oldGeneratedFile, C:\Users\popo\STM32CubeIDE\workspace_1.13.1\Test01-GPIO\MXTmpFiles\system.tmp_save
2023-12-12 10:58:56,601 [INFO] CodeEngine:279 - Generated code: C:\Users\popo\STM32CubeIDE\workspace_1.13.1\Test01-GPIO\MXTmpFiles\system.tmp
2023-12-12 10:58:56,617 [INFO] CodeEngine:311 - oldGeneratedFile, C:\Users\popo\STM32CubeIDE\workspace_1.13.1\Test01-GPIO\Core\Inc\stm32f4xx_hal_conf.h_save
2023-12-12 10:58:56,699 [INFO] CodeEngine:335 - Generated code: C:\Users\popo\STM32CubeIDE\workspace_1.13.1\Test01-GPIO\Core\Inc\stm32f4xx_hal_conf.h
2023-12-12 10:58:56,730 [WARN] IPConfigManager:3431 - IP not found : TIM
2023-12-12 10:58:56,732 [WARN] CodeGenerator:3760 - IP not found : null
2023-12-12 10:58:56,746 [INFO] CodeEngine:255 - oldGeneratedFile, C:\Users\popo\STM32CubeIDE\workspace_1.13.1\Test01-GPIO\Core\Inc\main.h_save
2023-12-12 10:58:56,833 [INFO] CodeEngine:279 - Generated code: C:\Users\popo\STM32CubeIDE\workspace_1.13.1\Test01-GPIO\Core\Inc\main.h
2023-12-12 10:58:56,842 [INFO] CodeEngine:255 - oldGeneratedFile, C:\Users\popo\STM32CubeIDE\workspace_1.13.1\Test01-GPIO\Core\Src\main.c_save
2023-12-12 10:58:56,966 [INFO] CodeEngine:279 - Generated code: C:\Users\popo\STM32CubeIDE\workspace_1.13.1\Test01-GPIO\Core\Src\main.c
2023-12-12 10:58:57,827 [INFO] ProjectBuilder:3064 - Time for Copy HAL[1] : 323mS.
2023-12-12 10:58:57,833 [INFO] ProjectBuilder:4404 - Project Generator version: 4.1.0
2023-12-12 10:58:58,153 [INFO] ConfigFileManager:1457 - The Die is : DIE431
2023-12-12 10:59:00,620 [INFO] ProjectBuilder:4626 - Time for Generating toolchain IDE Files: 2787mS.
2023-12-12 10:59:00,621 [INFO] ProjectBuilder:2935 - Time for Copy CMSIS : 1mS.
2023-12-12 10:59:00,635 [INFO] ProjectBuilder:2935 - Time for Copy CMSIS : 0mS.
2023-12-12 12:18:01,565 [INFO] NvicIntPanel:101 - NVIC parent = com.st.microxplorer.plugins.ip.nvic.MultiNvicIntPanel[,0,0,0x0,invalid,layout=javax.swing.BoxLayout,alignmentX=0.0,alignmentY=0.0,border=,flags=9,maximumSize=,minimumSize=,preferredSize=]
2023-12-12 15:16:49,047 [INFO] NvicIntPanel:101 - NVIC parent = com.st.microxplorer.plugins.ip.nvic.MultiNvicIntPanel[,0,0,0x0,invalid,layout=javax.swing.BoxLayout,alignmentX=0.0,alignmentY=0.0,border=,flags=9,maximumSize=,minimumSize=,preferredSize=]
2023-12-12 15:16:57,161 [INFO] NvicIntPanel:101 - NVIC parent = com.st.microxplorer.plugins.ip.nvic.MultiNvicIntPanel[,0,0,0x0,invalid,layout=javax.swing.BoxLayout,alignmentX=0.0,alignmentY=0.0,border=,flags=9,maximumSize=,minimumSize=,preferredSize=]
2023-12-12 15:17:57,955 [INFO] NvicIntPanel:101 - NVIC parent = com.st.microxplorer.plugins.ip.nvic.MultiNvicIntPanel[,0,0,0x0,invalid,layout=javax.swing.BoxLayout,alignmentX=0.0,alignmentY=0.0,border=,flags=9,maximumSize=,minimumSize=,preferredSize=]
2023-12-12 15:19:33,629 [INFO] UtilMem:75 - End SaveConfig() Used Memory: 858214616 Bytes (1073741824)
2023-12-12 15:19:33,824 [INFO] UtilMem:75 - End SaveConfig() Used Memory: 891769048 Bytes (1073741824)
2023-12-12 15:19:34,077 [INFO] BlockDiagram:2759 - set Specific Code input for plugin: NVIC
2023-12-12 15:19:34,078 [INFO] BlockDiagram:2759 - set Specific Code input for plugin: USART
2023-12-12 15:19:34,078 [INFO] BlockDiagram:2759 - set Specific Code input for plugin: TIM1_8
2023-12-12 15:19:34,078 [INFO] BlockDiagram:2759 - set Specific Code input for plugin: TIM1_8
2023-12-12 15:19:34,078 [INFO] BlockDiagram:2759 - set Specific Code input for plugin: TIM1_8
2023-12-12 15:19:34,078 [INFO] BlockDiagram:2759 - set Specific Code input for plugin: SYS
2023-12-12 15:19:34,078 [INFO] BlockDiagram:2759 - set Specific Code input for plugin: GPIO
2023-12-12 15:19:34,078 [INFO] BlockDiagram:2759 - set Specific Code input for plugin: RCC
2023-12-12 15:19:34,079 [INFO] CodeGenerator:799 - code generatio: config db path: C:\ST\STM32CubeIDE_1.13.1\STM32CubeIDE\plugins\com.st.stm32cube.common.mx_6.9.1.202307191849\\db\
2023-12-12 15:19:34,236 [INFO] CodeEngine:255 - oldGeneratedFile, C:\Users\popo\STM32CubeIDE\workspace_1.13.1\Test01-GPIO\MXTmpFiles\license.tmp_save
2023-12-12 15:19:34,326 [INFO] CodeEngine:279 - Generated code: C:\Users\popo\STM32CubeIDE\workspace_1.13.1\Test01-GPIO\MXTmpFiles\license.tmp
2023-12-12 15:19:34,354 [INFO] CodeEngine:255 - oldGeneratedFile, C:\Users\popo\STM32CubeIDE\workspace_1.13.1\Test01-GPIO\MXTmpFiles\gpio.tmp_save
2023-12-12 15:19:34,432 [INFO] CodeEngine:279 - Generated code: C:\Users\popo\STM32CubeIDE\workspace_1.13.1\Test01-GPIO\MXTmpFiles\gpio.tmp
2023-12-12 15:19:34,556 [INFO] CodeEngine:255 - oldGeneratedFile, C:\Users\popo\STM32CubeIDE\workspace_1.13.1\Test01-GPIO\Core\Src\stm32f4xx_it.c_save
2023-12-12 15:19:34,725 [INFO] CodeEngine:279 - Generated code: C:\Users\popo\STM32CubeIDE\workspace_1.13.1\Test01-GPIO\Core\Src\stm32f4xx_it.c
2023-12-12 15:19:34,734 [INFO] CodeEngine:255 - oldGeneratedFile, C:\Users\popo\STM32CubeIDE\workspace_1.13.1\Test01-GPIO\Core\Inc\stm32f4xx_it.h_save
2023-12-12 15:19:34,806 [INFO] CodeEngine:279 - Generated code: C:\Users\popo\STM32CubeIDE\workspace_1.13.1\Test01-GPIO\Core\Inc\stm32f4xx_it.h
2023-12-12 15:19:34,823 [INFO] CodeEngine:255 - oldGeneratedFile, C:\Users\popo\STM32CubeIDE\workspace_1.13.1\Test01-GPIO\Core\Src\stm32f4xx_hal_msp.c_save
2023-12-12 15:19:34,949 [INFO] CodeEngine:279 - Generated code: C:\Users\popo\STM32CubeIDE\workspace_1.13.1\Test01-GPIO\Core\Src\stm32f4xx_hal_msp.c
2023-12-12 15:19:34,956 [INFO] CodeEngine:255 - oldGeneratedFile, C:\Users\popo\STM32CubeIDE\workspace_1.13.1\Test01-GPIO\MXTmpFiles\system.tmp_save
2023-12-12 15:19:35,101 [INFO] CodeEngine:279 - Generated code: C:\Users\popo\STM32CubeIDE\workspace_1.13.1\Test01-GPIO\MXTmpFiles\system.tmp
2023-12-12 15:19:35,116 [INFO] CodeEngine:311 - oldGeneratedFile, C:\Users\popo\STM32CubeIDE\workspace_1.13.1\Test01-GPIO\Core\Inc\stm32f4xx_hal_conf.h_save
2023-12-12 15:19:35,191 [INFO] CodeEngine:335 - Generated code: C:\Users\popo\STM32CubeIDE\workspace_1.13.1\Test01-GPIO\Core\Inc\stm32f4xx_hal_conf.h
2023-12-12 15:19:35,213 [WARN] IPConfigManager:3431 - IP not found : TIM
2023-12-12 15:19:35,215 [WARN] CodeGenerator:3760 - IP not found : null
2023-12-12 15:19:35,226 [INFO] CodeEngine:255 - oldGeneratedFile, C:\Users\popo\STM32CubeIDE\workspace_1.13.1\Test01-GPIO\Core\Inc\main.h_save
2023-12-12 15:19:35,315 [INFO] CodeEngine:279 - Generated code: C:\Users\popo\STM32CubeIDE\workspace_1.13.1\Test01-GPIO\Core\Inc\main.h
2023-12-12 15:19:35,326 [INFO] CodeEngine:255 - oldGeneratedFile, C:\Users\popo\STM32CubeIDE\workspace_1.13.1\Test01-GPIO\Core\Src\main.c_save
2023-12-12 15:19:35,454 [INFO] CodeEngine:279 - Generated code: C:\Users\popo\STM32CubeIDE\workspace_1.13.1\Test01-GPIO\Core\Src\main.c
2023-12-12 15:19:36,122 [INFO] ProjectBuilder:3064 - Time for Copy HAL[1] : 299mS.
2023-12-12 15:19:36,128 [INFO] ProjectBuilder:4404 - Project Generator version: 4.1.0
2023-12-12 15:19:36,597 [INFO] ConfigFileManager:1457 - The Die is : DIE431
2023-12-12 15:19:38,469 [INFO] ProjectBuilder:4626 - Time for Generating toolchain IDE Files: 2341mS.
2023-12-12 15:19:38,471 [INFO] ProjectBuilder:2935 - Time for Copy CMSIS : 0mS.
2023-12-12 15:19:38,478 [INFO] ProjectBuilder:2935 - Time for Copy CMSIS : 0mS.
2023-12-12 16:52:57,271 [ERROR] LogOutputStream:75 - [STDERR_REDIRECT] 
